;  LST file generated by mikroListExporter - v.2.0 
; Date/Time: 1.2.2021. 14:14:41
;----------------------------------------------

;Address Opcode 	ASM
0x0000	0x2901      	GOTO       257
_Interrupt:
0x0004	0x00FF      	MOVWF      R15
0x0005	0x0E03      	SWAPF      STATUS, 0
0x0006	0x0183      	CLRF       STATUS
0x0007	0x00A8      	MOVWF      ___saveSTATUS
0x0008	0x080A      	MOVF       PCLATH, 0
0x0009	0x00A9      	MOVWF      ___savePCLATH
0x000A	0x018A      	CLRF       PCLATH
0x000B	0x1D0B      	BTFSS      TMR0IF_bit, BitPos(TMR0IF_bit+0)
0x000C	0x283E      	GOTO       L_Interrupt11
0x000D	0x110B      	BCF        TMR0IF_bit, BitPos(TMR0IF_bit+0)
0x000E	0x3066      	MOVLW      102
0x000F	0x0081      	MOVWF      TMR0
0x0010	0x0AA4      	INCF       _count, 1
0x0011	0x1903      	BTFSC      STATUS, 2
0x0012	0x0AA5      	INCF       _count+1, 1
0x0013	0x3080      	MOVLW      128
0x0014	0x0625      	XORWF      _count+1, 0
0x0015	0x00F0      	MOVWF      R0
0x0016	0x3080      	MOVLW      128
0x0017	0x0270      	SUBWF      R0, 0
0x0018	0x1D03      	BTFSS      STATUS, 2
0x0019	0x281C      	GOTO       L__Interrupt37
0x001A	0x3014      	MOVLW      20
0x001B	0x0224      	SUBWF      _count, 0
L__Interrupt37:
0x001C	0x1803      	BTFSC      STATUS, 0
0x001D	0x281F      	GOTO       L_Interrupt12
0x001E	0x2876      	GOTO       L__Interrupt36
L_Interrupt12:
0x001F	0x01A4      	CLRF       _count
0x0020	0x01A5      	CLRF       _count+1
0x0021	0x3000      	MOVLW      0
0x0022	0x0621      	XORWF      _upaljeno+1, 0
0x0023	0x1D03      	BTFSS      STATUS, 2
0x0024	0x2827      	GOTO       L__Interrupt38
0x0025	0x3001      	MOVLW      1
0x0026	0x0620      	XORWF      _upaljeno, 0
L__Interrupt38:
0x0027	0x1D03      	BTFSS      STATUS, 2
0x0028	0x2831      	GOTO       L_Interrupt13
0x0029	0x01A0      	CLRF       _upaljeno
0x002A	0x01A1      	CLRF       _upaljeno+1
0x002B	0x0822      	MOVF       _dioda, 0
0x002C	0x00AA      	MOVWF      FARG_UkljuciDiodu_dioda
0x002D	0x0823      	MOVF       _dioda+1, 0
0x002E	0x00AB      	MOVWF      FARG_UkljuciDiodu_dioda+1
0x002F	0x20A5      	CALL       _UkljuciDiodu
0x0030	0x283E      	GOTO       L_Interrupt14
L_Interrupt13:
0x0031	0x3000      	MOVLW      0
0x0032	0x0621      	XORWF      _upaljeno+1, 0
0x0033	0x1D03      	BTFSS      STATUS, 2
0x0034	0x2837      	GOTO       L__Interrupt39
0x0035	0x3000      	MOVLW      0
0x0036	0x0620      	XORWF      _upaljeno, 0
L__Interrupt39:
0x0037	0x1D03      	BTFSS      STATUS, 2
0x0038	0x283E      	GOTO       L_Interrupt15
0x0039	0x3001      	MOVLW      1
0x003A	0x00A0      	MOVWF      _upaljeno
0x003B	0x3000      	MOVLW      0
0x003C	0x00A1      	MOVWF      _upaljeno+1
0x003D	0x20FD      	CALL       _IskljuciDiodu
L_Interrupt15:
L_Interrupt14:
L_Interrupt11:
0x003E	0x1C0B      	BTFSS      RBIF_bit, BitPos(RBIF_bit+0)
0x003F	0x2876      	GOTO       L_Interrupt16
0x0040	0x1906      	BTFSC      PORTB, 2
0x0041	0x285C      	GOTO       L_Interrupt17
0x0042	0x20FD      	CALL       _IskljuciDiodu
0x0043	0x3080      	MOVLW      128
0x0044	0x00F0      	MOVWF      R0
0x0045	0x3080      	MOVLW      128
0x0046	0x0623      	XORWF      _dioda+1, 0
0x0047	0x0270      	SUBWF      R0, 0
0x0048	0x1D03      	BTFSS      STATUS, 2
0x0049	0x284C      	GOTO       L__Interrupt40
0x004A	0x0822      	MOVF       _dioda, 0
0x004B	0x3C00      	SUBLW      0
L__Interrupt40:
0x004C	0x1803      	BTFSC      STATUS, 0
0x004D	0x2853      	GOTO       L_Interrupt18
0x004E	0x3001      	MOVLW      1
0x004F	0x02A2      	SUBWF      _dioda, 1
0x0050	0x1C03      	BTFSS      STATUS, 0
0x0051	0x03A3      	DECF       _dioda+1, 1
0x0052	0x2857      	GOTO       L_Interrupt19
L_Interrupt18:
0x0053	0x3007      	MOVLW      7
0x0054	0x00A2      	MOVWF      _dioda
0x0055	0x3000      	MOVLW      0
0x0056	0x00A3      	MOVWF      _dioda+1
L_Interrupt19:
0x0057	0x0822      	MOVF       _dioda, 0
0x0058	0x00AA      	MOVWF      FARG_UkljuciDiodu_dioda
0x0059	0x0823      	MOVF       _dioda+1, 0
0x005A	0x00AB      	MOVWF      FARG_UkljuciDiodu_dioda+1
0x005B	0x20A5      	CALL       _UkljuciDiodu
L_Interrupt17:
0x005C	0x1986      	BTFSC      PORTB, 3
0x005D	0x2875      	GOTO       L_Interrupt20
0x005E	0x20FD      	CALL       _IskljuciDiodu
0x005F	0x3080      	MOVLW      128
0x0060	0x0623      	XORWF      _dioda+1, 0
0x0061	0x00F0      	MOVWF      R0
0x0062	0x3080      	MOVLW      128
0x0063	0x0270      	SUBWF      R0, 0
0x0064	0x1D03      	BTFSS      STATUS, 2
0x0065	0x2868      	GOTO       L__Interrupt41
0x0066	0x3007      	MOVLW      7
0x0067	0x0222      	SUBWF      _dioda, 0
L__Interrupt41:
0x0068	0x1803      	BTFSC      STATUS, 0
0x0069	0x286E      	GOTO       L_Interrupt21
0x006A	0x0AA2      	INCF       _dioda, 1
0x006B	0x1903      	BTFSC      STATUS, 2
0x006C	0x0AA3      	INCF       _dioda+1, 1
0x006D	0x2870      	GOTO       L_Interrupt22
L_Interrupt21:
0x006E	0x01A2      	CLRF       _dioda
0x006F	0x01A3      	CLRF       _dioda+1
L_Interrupt22:
0x0070	0x0822      	MOVF       _dioda, 0
0x0071	0x00AA      	MOVWF      FARG_UkljuciDiodu_dioda
0x0072	0x0823      	MOVF       _dioda+1, 0
0x0073	0x00AB      	MOVWF      FARG_UkljuciDiodu_dioda+1
0x0074	0x20A5      	CALL       _UkljuciDiodu
L_Interrupt20:
0x0075	0x100B      	BCF        RBIF_bit, BitPos(RBIF_bit+0)
L_Interrupt16:
L_end_Interrupt:
L__Interrupt36:
0x0076	0x0829      	MOVF       ___savePCLATH, 0
0x0077	0x008A      	MOVWF      PCLATH
0x0078	0x0E28      	SWAPF      ___saveSTATUS, 0
0x0079	0x0083      	MOVWF      STATUS
0x007A	0x0EFF      	SWAPF      R15, 1
0x007B	0x0E7F      	SWAPF      R15, 0
0x007C	0x0009      	RETFIE
; end of _Interrupt
_____DoICP:
0x007D	0x1283      	BCF        STATUS, 5
0x007E	0x1303      	BCF        STATUS, 6
0x007F	0x0827      	MOVF       ___DoICPAddr+1, 0
0x0080	0x008A      	MOVWF      PCLATH
0x0081	0x0826      	MOVF       ___DoICPAddr, 0
0x0082	0x0082      	MOVWF      PCL
L_end_____DoICP:
0x0083	0x0008      	RETURN
; end of _____DoICP
___CC2DW:
_CC2D_Loop1:
0x0084	0x207D      	CALL       _____DoICP
0x0085	0x118A      	BCF        PCLATH, 3
0x0086	0x120A      	BCF        PCLATH, 4
0x0087	0x0080      	MOVWF      INDF
0x0088	0x0A84      	INCF       FSR, 1
0x0089	0x0AA6      	INCF       ___DoICPAddr, 1
0x008A	0x1903      	BTFSC      STATUS, 2
0x008B	0x0AA7      	INCF       ___DoICPAddr+1, 1
0x008C	0x03F0      	DECF       R0, 1
0x008D	0x1D03      	BTFSS      STATUS, 2
0x008E	0x2884      	GOTO       _CC2D_Loop1
L_end___CC2DW:
0x008F	0x0008      	RETURN
; end of ___CC2DW
_InitIoC:
0x0090	0x1683      	BSF        STATUS, 5
0x0091	0x1303      	BCF        STATUS, 6
0x0092	0x1506      	BSF        TRISB, 2
0x0093	0x1586      	BSF        TRISB, 3
0x0094	0x300E      	MOVLW      14
0x0095	0x0096      	MOVWF      IOCB
0x0096	0x158B      	BSF        RBIE_bit, BitPos(RBIE_bit+0)
0x0097	0x1703      	BSF        STATUS, 6
0x0098	0x0188      	CLRF       ANSEL
0x0099	0x0189      	CLRF       ANSELH
L_end_InitIoC:
0x009A	0x0008      	RETURN
; end of _InitIoC
_InitTimer0:
0x009B	0x3005      	MOVLW      5
0x009C	0x1683      	BSF        STATUS, 5
0x009D	0x1303      	BCF        STATUS, 6
0x009E	0x0081      	MOVWF      OPTION_REG
0x009F	0x3066      	MOVLW      102
0x00A0	0x1283      	BCF        STATUS, 5
0x00A1	0x0081      	MOVWF      TMR0
0x00A2	0x30A0      	MOVLW      160
0x00A3	0x008B      	MOVWF      INTCON
L_end_InitTimer0:
0x00A4	0x0008      	RETURN
; end of _InitTimer0
_UkljuciDiodu:
0x00A5	0x28B9      	GOTO       L_UkljuciDiodu0
L_UkljuciDiodu2:
0x00A6	0x1283      	BCF        STATUS, 5
0x00A7	0x1303      	BCF        STATUS, 6
0x00A8	0x1407      	BSF        PORTC, 0
0x00A9	0x28FC      	GOTO       L_UkljuciDiodu1
L_UkljuciDiodu3:
0x00AA	0x1487      	BSF        PORTC, 1
0x00AB	0x28FC      	GOTO       L_UkljuciDiodu1
L_UkljuciDiodu4:
0x00AC	0x1507      	BSF        PORTC, 2
0x00AD	0x28FC      	GOTO       L_UkljuciDiodu1
L_UkljuciDiodu5:
0x00AE	0x1587      	BSF        PORTC, 3
0x00AF	0x28FC      	GOTO       L_UkljuciDiodu1
L_UkljuciDiodu6:
0x00B0	0x1607      	BSF        PORTC, 4
0x00B1	0x28FC      	GOTO       L_UkljuciDiodu1
L_UkljuciDiodu7:
0x00B2	0x1687      	BSF        PORTC, 5
0x00B3	0x28FC      	GOTO       L_UkljuciDiodu1
L_UkljuciDiodu8:
0x00B4	0x1707      	BSF        PORTC, 6
0x00B5	0x28FC      	GOTO       L_UkljuciDiodu1
L_UkljuciDiodu9:
0x00B6	0x1787      	BSF        PORTC, 7
0x00B7	0x28FC      	GOTO       L_UkljuciDiodu1
L_UkljuciDiodu10:
0x00B8	0x28FC      	GOTO       L_UkljuciDiodu1
L_UkljuciDiodu0:
0x00B9	0x1283      	BCF        STATUS, 5
0x00BA	0x1303      	BCF        STATUS, 6
0x00BB	0x3000      	MOVLW      0
0x00BC	0x062B      	XORWF      FARG_UkljuciDiodu_dioda+1, 0
0x00BD	0x1D03      	BTFSS      STATUS, 2
0x00BE	0x28C1      	GOTO       L__UkljuciDiodu26
0x00BF	0x3000      	MOVLW      0
0x00C0	0x062A      	XORWF      FARG_UkljuciDiodu_dioda, 0
L__UkljuciDiodu26:
0x00C1	0x1903      	BTFSC      STATUS, 2
0x00C2	0x28A6      	GOTO       L_UkljuciDiodu2
0x00C3	0x3000      	MOVLW      0
0x00C4	0x062B      	XORWF      FARG_UkljuciDiodu_dioda+1, 0
0x00C5	0x1D03      	BTFSS      STATUS, 2
0x00C6	0x28C9      	GOTO       L__UkljuciDiodu27
0x00C7	0x3001      	MOVLW      1
0x00C8	0x062A      	XORWF      FARG_UkljuciDiodu_dioda, 0
L__UkljuciDiodu27:
0x00C9	0x1903      	BTFSC      STATUS, 2
0x00CA	0x28AA      	GOTO       L_UkljuciDiodu3
0x00CB	0x3000      	MOVLW      0
0x00CC	0x062B      	XORWF      FARG_UkljuciDiodu_dioda+1, 0
0x00CD	0x1D03      	BTFSS      STATUS, 2
0x00CE	0x28D1      	GOTO       L__UkljuciDiodu28
0x00CF	0x3002      	MOVLW      2
0x00D0	0x062A      	XORWF      FARG_UkljuciDiodu_dioda, 0
L__UkljuciDiodu28:
0x00D1	0x1903      	BTFSC      STATUS, 2
0x00D2	0x28AC      	GOTO       L_UkljuciDiodu4
0x00D3	0x3000      	MOVLW      0
0x00D4	0x062B      	XORWF      FARG_UkljuciDiodu_dioda+1, 0
0x00D5	0x1D03      	BTFSS      STATUS, 2
0x00D6	0x28D9      	GOTO       L__UkljuciDiodu29
0x00D7	0x3003      	MOVLW      3
0x00D8	0x062A      	XORWF      FARG_UkljuciDiodu_dioda, 0
L__UkljuciDiodu29:
0x00D9	0x1903      	BTFSC      STATUS, 2
0x00DA	0x28AE      	GOTO       L_UkljuciDiodu5
0x00DB	0x3000      	MOVLW      0
0x00DC	0x062B      	XORWF      FARG_UkljuciDiodu_dioda+1, 0
0x00DD	0x1D03      	BTFSS      STATUS, 2
0x00DE	0x28E1      	GOTO       L__UkljuciDiodu30
0x00DF	0x3004      	MOVLW      4
0x00E0	0x062A      	XORWF      FARG_UkljuciDiodu_dioda, 0
L__UkljuciDiodu30:
0x00E1	0x1903      	BTFSC      STATUS, 2
0x00E2	0x28B0      	GOTO       L_UkljuciDiodu6
0x00E3	0x3000      	MOVLW      0
0x00E4	0x062B      	XORWF      FARG_UkljuciDiodu_dioda+1, 0
0x00E5	0x1D03      	BTFSS      STATUS, 2
0x00E6	0x28E9      	GOTO       L__UkljuciDiodu31
0x00E7	0x3005      	MOVLW      5
0x00E8	0x062A      	XORWF      FARG_UkljuciDiodu_dioda, 0
L__UkljuciDiodu31:
0x00E9	0x1903      	BTFSC      STATUS, 2
0x00EA	0x28B2      	GOTO       L_UkljuciDiodu7
0x00EB	0x3000      	MOVLW      0
0x00EC	0x062B      	XORWF      FARG_UkljuciDiodu_dioda+1, 0
0x00ED	0x1D03      	BTFSS      STATUS, 2
0x00EE	0x28F1      	GOTO       L__UkljuciDiodu32
0x00EF	0x3006      	MOVLW      6
0x00F0	0x062A      	XORWF      FARG_UkljuciDiodu_dioda, 0
L__UkljuciDiodu32:
0x00F1	0x1903      	BTFSC      STATUS, 2
0x00F2	0x28B4      	GOTO       L_UkljuciDiodu8
0x00F3	0x3000      	MOVLW      0
0x00F4	0x062B      	XORWF      FARG_UkljuciDiodu_dioda+1, 0
0x00F5	0x1D03      	BTFSS      STATUS, 2
0x00F6	0x28F9      	GOTO       L__UkljuciDiodu33
0x00F7	0x3007      	MOVLW      7
0x00F8	0x062A      	XORWF      FARG_UkljuciDiodu_dioda, 0
L__UkljuciDiodu33:
0x00F9	0x1903      	BTFSC      STATUS, 2
0x00FA	0x28B6      	GOTO       L_UkljuciDiodu9
0x00FB	0x28B8      	GOTO       L_UkljuciDiodu10
L_UkljuciDiodu1:
L_end_UkljuciDiodu:
0x00FC	0x0008      	RETURN
; end of _UkljuciDiodu
_IskljuciDiodu:
0x00FD	0x1283      	BCF        STATUS, 5
0x00FE	0x1303      	BCF        STATUS, 6
0x00FF	0x0187      	CLRF       PORTC
L_end_IskljuciDiodu:
0x0100	0x0008      	RETURN
; end of _IskljuciDiodu
_main:
0x0101	0x1283      	BCF        STATUS, 5
0x0102	0x1303      	BCF        STATUS, 6
0x0103	0x01A0      	CLRF       _upaljeno
0x0104	0x01A1      	CLRF       33
0x0105	0x3007      	MOVLW      7
0x0106	0x00A2      	MOVWF      _dioda
0x0107	0x01A3      	CLRF       35
0x0108	0x209B      	CALL       _InitTimer0
0x0109	0x2090      	CALL       _InitIoC
0x010A	0x1303      	BCF        STATUS, 6
0x010B	0x1007      	BCF        TRISC, 0
0x010C	0x1087      	BCF        TRISC, 1
0x010D	0x1107      	BCF        TRISC, 2
0x010E	0x1187      	BCF        TRISC, 3
0x010F	0x1207      	BCF        TRISC, 4
0x0110	0x1287      	BCF        TRISC, 5
0x0111	0x1307      	BCF        TRISC, 6
0x0112	0x1387      	BCF        TRISC, 7
0x0113	0x1283      	BCF        STATUS, 5
0x0114	0x0187      	CLRF       PORTC
L_end_main:
0x0115	0x2915      	GOTO       $+0
; end of _main
Symbol List:
//** Routines locations **
//ADDRESS    SIZE    PROCEDURE
//----------------------------------------------
0x0004     [121]    _Interrupt
0x007D       [7]    _____DoICP
0x0084      [12]    ___CC2DW
0x0090      [11]    _InitIoC
0x009B      [10]    _InitTimer0
0x00A5      [88]    _UkljuciDiodu
0x00FD       [4]    _IskljuciDiodu
0x0101      [21]    _main
//** Variables locations ** 
//ADDRESS    SIZE    VARIABLE
//----------------------------------------------
0x0000       [1]    INDF
0x0001       [1]    TMR0
0x0002       [1]    PCL
0x0003       [1]    STATUS
0x0004       [1]    FSR
0x0006       [1]    PORTB
0x0007       [1]    PORTC
0x000A       [1]    PCLATH
0x000B       [0]    RBIF_bit
0x000B       [1]    INTCON
0x000B       [0]    RBIE_bit
0x000B       [0]    TMR0IF_bit
0x0020       [2]    _upaljeno
0x0022       [2]    _dioda
0x0024       [2]    _count
0x0026       [2]    ___DoICPAddr
0x0028       [1]    ___saveSTATUS
0x0029       [1]    ___savePCLATH
0x002A       [2]    FARG_UkljuciDiodu_dioda
0x0070       [1]    R0
0x0071       [1]    R1
0x0072       [1]    R2
0x0073       [1]    R3
0x0074       [1]    R4
0x0075       [1]    R5
0x0076       [1]    R6
0x0077       [1]    R7
0x0078       [1]    R8
0x0079       [1]    R9
0x007A       [1]    R10
0x007B       [1]    R11
0x007C       [1]    R12
0x007D       [1]    R13
0x007E       [1]    R14
0x007F       [1]    R15
0x0081       [1]    OPTION_REG
0x0086       [1]    TRISB
0x0087       [1]    TRISC
0x0096       [1]    IOCB
0x0188       [1]    ANSEL
0x0189       [1]    ANSELH
