;  LST file generated by mikroListExporter - v.2.0 
; Date/Time: 21.2.2020. 17:29:48
;----------------------------------------------

;Address Opcode 	ASM
0x0000	0x2A68      	GOTO       616
_interrupt:
0x0004	0x00FF      	MOVWF      R15
0x0005	0x0E03      	SWAPF      STATUS, 0
0x0006	0x0183      	CLRF       STATUS
0x0007	0x00E2      	MOVWF      ___saveSTATUS
0x0008	0x080A      	MOVF       PCLATH, 0
0x0009	0x00E1      	MOVWF      ___savePCLATH
0x000A	0x018A      	CLRF       PCLATH
0x000B	0x1C0C      	BTFSS      TMR1IF_bit, BitPos(TMR1IF_bit+0)
0x000C	0x2815      	GOTO       L_interrupt4
0x000D	0x0AA2      	INCF       _brInterapta, 1
0x000E	0x1903      	BTFSC      STATUS, 2
0x000F	0x0AA3      	INCF       _brInterapta+1, 1
0x0010	0x30DE      	MOVLW      222
0x0011	0x008E      	MOVWF      TMR1L
0x0012	0x300B      	MOVLW      11
0x0013	0x008F      	MOVWF      TMR1H
0x0014	0x100C      	BCF        TMR1IF_bit, BitPos(TMR1IF_bit+0)
L_interrupt4:
L_end_interrupt:
L__interrupt27:
0x0015	0x0861      	MOVF       ___savePCLATH, 0
0x0016	0x008A      	MOVWF      PCLATH
0x0017	0x0E62      	SWAPF      ___saveSTATUS, 0
0x0018	0x0083      	MOVWF      STATUS
0x0019	0x0EFF      	SWAPF      R15, 1
0x001A	0x0E7F      	SWAPF      R15, 0
0x001B	0x0009      	RETFIE
; end of _interrupt
_Delay_1us:
0x001C	0x0000      	NOP
L_end_Delay_1us:
0x001D	0x0008      	RETURN
; end of _Delay_1us
_Delay_5500us:
0x001E	0x3008      	MOVLW      8
0x001F	0x1283      	BCF        STATUS, 5
0x0020	0x1303      	BCF        STATUS, 6
0x0021	0x00FC      	MOVWF      R12
0x0022	0x3023      	MOVLW      35
0x0023	0x00FD      	MOVWF      R13
L_Delay_5500us5:
0x0024	0x0BFD      	DECFSZ     R13, 1
0x0025	0x2824      	GOTO       L_Delay_5500us5
0x0026	0x0BFC      	DECFSZ     R12, 1
0x0027	0x2824      	GOTO       L_Delay_5500us5
L_end_Delay_5500us:
0x0028	0x0008      	RETURN
; end of _Delay_5500us
_Delay_50us:
0x0029	0x3010      	MOVLW      16
0x002A	0x1283      	BCF        STATUS, 5
0x002B	0x1303      	BCF        STATUS, 6
0x002C	0x00FD      	MOVWF      R13
L_Delay_50us2:
0x002D	0x0BFD      	DECFSZ     R13, 1
0x002E	0x282D      	GOTO       L_Delay_50us2
0x002F	0x0000      	NOP
L_end_Delay_50us:
0x0030	0x0008      	RETURN
; end of _Delay_50us
_Lcd_Cmd:
0x0031	0x1683      	BSF        STATUS, 5
0x0032	0x1303      	BCF        STATUS, 6
0x0033	0x1BA1      	BTFSC      FARG_Lcd_Cmd_out_char, 7
0x0034	0x2838      	GOTO       L__Lcd_Cmd21
0x0035	0x1283      	BCF        STATUS, 5
0x0036	0x1188      	BCF        LCD_D7, BitPos(LCD_D7+0)
0x0037	0x283A      	GOTO       L__Lcd_Cmd22
L__Lcd_Cmd21:
0x0038	0x1283      	BCF        STATUS, 5
0x0039	0x1588      	BSF        LCD_D7, BitPos(LCD_D7+0)
L__Lcd_Cmd22:
0x003A	0x1683      	BSF        STATUS, 5
0x003B	0x1B21      	BTFSC      FARG_Lcd_Cmd_out_char, 6
0x003C	0x2840      	GOTO       L__Lcd_Cmd23
0x003D	0x1283      	BCF        STATUS, 5
0x003E	0x1108      	BCF        LCD_D6, BitPos(LCD_D6+0)
0x003F	0x2842      	GOTO       L__Lcd_Cmd24
L__Lcd_Cmd23:
0x0040	0x1283      	BCF        STATUS, 5
0x0041	0x1508      	BSF        LCD_D6, BitPos(LCD_D6+0)
L__Lcd_Cmd24:
0x0042	0x1683      	BSF        STATUS, 5
0x0043	0x1AA1      	BTFSC      FARG_Lcd_Cmd_out_char, 5
0x0044	0x2848      	GOTO       L__Lcd_Cmd25
0x0045	0x1283      	BCF        STATUS, 5
0x0046	0x1088      	BCF        LCD_D5, BitPos(LCD_D5+0)
0x0047	0x284A      	GOTO       L__Lcd_Cmd26
L__Lcd_Cmd25:
0x0048	0x1283      	BCF        STATUS, 5
0x0049	0x1488      	BSF        LCD_D5, BitPos(LCD_D5+0)
L__Lcd_Cmd26:
0x004A	0x1683      	BSF        STATUS, 5
0x004B	0x1A21      	BTFSC      FARG_Lcd_Cmd_out_char, 4
0x004C	0x2850      	GOTO       L__Lcd_Cmd27
0x004D	0x1283      	BCF        STATUS, 5
0x004E	0x1008      	BCF        LCD_D4, BitPos(LCD_D4+0)
0x004F	0x2852      	GOTO       L__Lcd_Cmd28
L__Lcd_Cmd27:
0x0050	0x1283      	BCF        STATUS, 5
0x0051	0x1408      	BSF        LCD_D4, BitPos(LCD_D4+0)
L__Lcd_Cmd28:
0x0052	0x1863      	BTFSC      __Lib_Lcd_cmd_status, BitPos(__Lib_Lcd_cmd_status+0)
0x0053	0x2856      	GOTO       L__Lcd_Cmd29
0x0054	0x1608      	BSF        LCD_RS, BitPos(LCD_RS+0)
0x0055	0x2857      	GOTO       L__Lcd_Cmd30
L__Lcd_Cmd29:
0x0056	0x1208      	BCF        LCD_RS, BitPos(LCD_RS+0)
L__Lcd_Cmd30:
0x0057	0x1688      	BSF        LCD_EN, BitPos(LCD_EN+0)
0x0058	0x201C      	CALL       _Delay_1us
0x0059	0x1288      	BCF        LCD_EN, BitPos(LCD_EN+0)
0x005A	0x1683      	BSF        STATUS, 5
0x005B	0x19A1      	BTFSC      FARG_Lcd_Cmd_out_char, 3
0x005C	0x2860      	GOTO       L__Lcd_Cmd31
0x005D	0x1283      	BCF        STATUS, 5
0x005E	0x1188      	BCF        LCD_D7, BitPos(LCD_D7+0)
0x005F	0x2862      	GOTO       L__Lcd_Cmd32
L__Lcd_Cmd31:
0x0060	0x1283      	BCF        STATUS, 5
0x0061	0x1588      	BSF        LCD_D7, BitPos(LCD_D7+0)
L__Lcd_Cmd32:
0x0062	0x1683      	BSF        STATUS, 5
0x0063	0x1921      	BTFSC      FARG_Lcd_Cmd_out_char, 2
0x0064	0x2868      	GOTO       L__Lcd_Cmd33
0x0065	0x1283      	BCF        STATUS, 5
0x0066	0x1108      	BCF        LCD_D6, BitPos(LCD_D6+0)
0x0067	0x286A      	GOTO       L__Lcd_Cmd34
L__Lcd_Cmd33:
0x0068	0x1283      	BCF        STATUS, 5
0x0069	0x1508      	BSF        LCD_D6, BitPos(LCD_D6+0)
L__Lcd_Cmd34:
0x006A	0x1683      	BSF        STATUS, 5
0x006B	0x18A1      	BTFSC      FARG_Lcd_Cmd_out_char, 1
0x006C	0x2870      	GOTO       L__Lcd_Cmd35
0x006D	0x1283      	BCF        STATUS, 5
0x006E	0x1088      	BCF        LCD_D5, BitPos(LCD_D5+0)
0x006F	0x2872      	GOTO       L__Lcd_Cmd36
L__Lcd_Cmd35:
0x0070	0x1283      	BCF        STATUS, 5
0x0071	0x1488      	BSF        LCD_D5, BitPos(LCD_D5+0)
L__Lcd_Cmd36:
0x0072	0x1683      	BSF        STATUS, 5
0x0073	0x1821      	BTFSC      FARG_Lcd_Cmd_out_char, 0
0x0074	0x2878      	GOTO       L__Lcd_Cmd37
0x0075	0x1283      	BCF        STATUS, 5
0x0076	0x1008      	BCF        LCD_D4, BitPos(LCD_D4+0)
0x0077	0x287A      	GOTO       L__Lcd_Cmd38
L__Lcd_Cmd37:
0x0078	0x1283      	BCF        STATUS, 5
0x0079	0x1408      	BSF        LCD_D4, BitPos(LCD_D4+0)
L__Lcd_Cmd38:
0x007A	0x1863      	BTFSC      __Lib_Lcd_cmd_status, BitPos(__Lib_Lcd_cmd_status+0)
0x007B	0x287E      	GOTO       L__Lcd_Cmd39
0x007C	0x1608      	BSF        LCD_RS, BitPos(LCD_RS+0)
0x007D	0x287F      	GOTO       L__Lcd_Cmd40
L__Lcd_Cmd39:
0x007E	0x1208      	BCF        LCD_RS, BitPos(LCD_RS+0)
L__Lcd_Cmd40:
0x007F	0x1688      	BSF        LCD_EN, BitPos(LCD_EN+0)
0x0080	0x201C      	CALL       _Delay_1us
0x0081	0x1288      	BCF        LCD_EN, BitPos(LCD_EN+0)
0x0082	0x1C63      	BTFSS      __Lib_Lcd_cmd_status, BitPos(__Lib_Lcd_cmd_status+0)
0x0083	0x2886      	GOTO       L_Lcd_Cmd0
0x0084	0x201E      	CALL       _Delay_5500us
0x0085	0x2887      	GOTO       L_Lcd_Cmd1
L_Lcd_Cmd0:
0x0086	0x2029      	CALL       _Delay_50us
L_Lcd_Cmd1:
L_end_Lcd_Cmd:
0x0087	0x0008      	RETURN
; end of _Lcd_Cmd
_Div_16x16_S_L:
0x0088	0x0D71      	RLF        R1, 0
0x0089	0x0DF8      	RLF        R8, 1
0x008A	0x0DF9      	RLF        R9, 1
0x008B	0x0874      	MOVF       R4, 0
0x008C	0x02F8      	SUBWF      R8, 1
0x008D	0x0875      	MOVF       R5, 0
0x008E	0x1C03      	BTFSS      STATUS, 0
0x008F	0x0F75      	INCFSZ     R5, 0
0x0090	0x02F9      	SUBWF      R9, 1
0x0091	0x0DF0      	RLF        R0, 1
0x0092	0x0DF1      	RLF        R1, 1
0x0093	0x300F      	MOVLW      15
0x0094	0x00FC      	MOVWF      R12
0x0095	0x0D71      	RLF        R1, 0
0x0096	0x0DF8      	RLF        R8, 1
0x0097	0x0DF9      	RLF        R9, 1
0x0098	0x0874      	MOVF       R4, 0
0x0099	0x1C70      	BTFSS      R0, 0
0x009A	0x28A1      	GOTO       $+7
0x009B	0x02F8      	SUBWF      R8, 1
0x009C	0x0875      	MOVF       R5, 0
0x009D	0x1C03      	BTFSS      STATUS, 0
0x009E	0x0F75      	INCFSZ     R5, 0
0x009F	0x02F9      	SUBWF      R9, 1
0x00A0	0x28A6      	GOTO       $+6
0x00A1	0x07F8      	ADDWF      R8, 1
0x00A2	0x0875      	MOVF       R5, 0
0x00A3	0x1803      	BTFSC      STATUS, 0
0x00A4	0x0F75      	INCFSZ     R5, 0
0x00A5	0x07F9      	ADDWF      R9, 1
0x00A6	0x0DF0      	RLF        R0, 1
0x00A7	0x0DF1      	RLF        R1, 1
0x00A8	0x0BFC      	DECFSZ     R12, 1
0x00A9	0x2895      	GOTO       $-20
0x00AA	0x1870      	BTFSC      R0, 0
0x00AB	0x28B2      	GOTO       $+7
0x00AC	0x0874      	MOVF       R4, 0
0x00AD	0x07F8      	ADDWF      R8, 1
0x00AE	0x0875      	MOVF       R5, 0
0x00AF	0x1803      	BTFSC      STATUS, 0
0x00B0	0x0F75      	INCFSZ     R5, 0
0x00B1	0x07F9      	ADDWF      R9, 1
0x00B2	0x0000      	NOP
L_end_Div_16x16_S_L:
0x00B3	0x0008      	RETURN
; end of _Div_16x16_S_L
_____DoICP:
0x00B4	0x1283      	BCF        STATUS, 5
0x00B5	0x1303      	BCF        STATUS, 6
0x00B6	0x085E      	MOVF       ___DoICPAddr+1, 0
0x00B7	0x008A      	MOVWF      PCLATH
0x00B8	0x085D      	MOVF       ___DoICPAddr, 0
0x00B9	0x0082      	MOVWF      PCL
L_end_____DoICP:
0x00BA	0x0008      	RETURN
; end of _____DoICP
_Div_16x16_S:
0x00BB	0x1283      	BCF        STATUS, 5
0x00BC	0x1303      	BCF        STATUS, 6
0x00BD	0x0874      	MOVF       R4, 0
0x00BE	0x3A00      	XORLW      0
0x00BF	0x1D03      	BTFSS      STATUS, 2
0x00C0	0x28CA      	GOTO       L_Div_16x16_S0
0x00C1	0x0875      	MOVF       R5, 0
0x00C2	0x3A00      	XORLW      0
0x00C3	0x1D03      	BTFSS      STATUS, 2
0x00C4	0x28CA      	GOTO       L_Div_16x16_S1
0x00C5	0x30FF      	MOVLW      255
0x00C6	0x00F0      	MOVWF      R0
0x00C7	0x307F      	MOVLW      127
0x00C8	0x00F1      	MOVWF      R1
0x00C9	0x2923      	GOTO       L_end_Div_16x16_S
L_Div_16x16_S1:
L_Div_16x16_S0:
0x00CA	0x1283      	BCF        STATUS, 5
0x00CB	0x1303      	BCF        STATUS, 6
0x00CC	0x01FD      	CLRF       R13
0x00CD	0x01F9      	CLRF       R9
0x00CE	0x01F8      	CLRF       R8
0x00CF	0x0871      	MOVF       R1, 0
0x00D0	0x0470      	IORWF      R0, 0
0x00D1	0x1903      	BTFSC      STATUS, 2
0x00D2	0x3400      	RETLW      0
0x00D3	0x0871      	MOVF       R1, 0
0x00D4	0x0675      	XORWF      R5, 0
0x00D5	0x00FA      	MOVWF      R10
0x00D6	0x1BFA      	BTFSC      R10, 7
0x00D7	0x09FD      	COMF       R13, 1
0x00D8	0x01FB      	CLRF       R11
0x00D9	0x1FF5      	BTFSS      R5, 7
0x00DA	0x28E0      	GOTO       $+6
0x00DB	0x09F4      	COMF       R4, 1
0x00DC	0x09F5      	COMF       R5, 1
0x00DD	0x0AF4      	INCF       R4, 1
0x00DE	0x1903      	BTFSC      STATUS, 2
0x00DF	0x0AF5      	INCF       R5, 1
0x00E0	0x1FF1      	BTFSS      R1, 7
0x00E1	0x28E7      	GOTO       $+6
0x00E2	0x09F0      	COMF       R0, 1
0x00E3	0x09F1      	COMF       R1, 1
0x00E4	0x0AF0      	INCF       R0, 1
0x00E5	0x1903      	BTFSC      STATUS, 2
0x00E6	0x0AF1      	INCF       R1, 1
0x00E7	0x0871      	MOVF       R1, 0
0x00E8	0x0475      	IORWF      R5, 0
0x00E9	0x00FA      	MOVWF      R10
0x00EA	0x1BFA      	BTFSC      R10, 7
0x00EB	0x28FC      	GOTO       $+17
0x00EC	0x2088      	CALL       _Div_16x16_S_L
0x00ED	0x187B      	BTFSC      R11, 0
0x00EE	0x290F      	GOTO       $+33
0x00EF	0x1FFD      	BTFSS      R13, 7
0x00F0	0x3400      	RETLW      0
0x00F1	0x09F0      	COMF       R0, 1
0x00F2	0x09F1      	COMF       R1, 1
0x00F3	0x0AF0      	INCF       R0, 1
0x00F4	0x1903      	BTFSC      STATUS, 2
0x00F5	0x0AF1      	INCF       R1, 1
0x00F6	0x09F8      	COMF       R8, 1
0x00F7	0x09F9      	COMF       R9, 1
0x00F8	0x0AF8      	INCF       R8, 1
0x00F9	0x1903      	BTFSC      STATUS, 2
0x00FA	0x0AF9      	INCF       R9, 1
0x00FB	0x3400      	RETLW      0
0x00FC	0x1FF5      	BTFSS      R5, 7
0x00FD	0x290B      	GOTO       $+14
0x00FE	0x1BF1      	BTFSC      R1, 7
0x00FF	0x2907      	GOTO       $+8
0x0100	0x0871      	MOVF       R1, 0
0x0101	0x00F9      	MOVWF      R9
0x0102	0x0870      	MOVF       R0, 0
0x0103	0x00F8      	MOVWF      R8
0x0104	0x01F1      	CLRF       R1
0x0105	0x01F0      	CLRF       R0
0x0106	0x28EF      	GOTO       $-23
0x0107	0x01F1      	CLRF       R1
0x0108	0x01F0      	CLRF       R0
0x0109	0x0AF0      	INCF       R0, 1
0x010A	0x3400      	RETLW      0
0x010B	0x09F1      	COMF       R1, 1
0x010C	0x09F0      	COMF       R0, 1
0x010D	0x0AFB      	INCF       R11, 1
0x010E	0x28EC      	GOTO       $-34
0x010F	0x0AF8      	INCF       R8, 1
0x0110	0x1903      	BTFSC      STATUS, 2
0x0111	0x0AF9      	INCF       R9, 1
0x0112	0x0874      	MOVF       R4, 0
0x0113	0x0278      	SUBWF      R8, 0
0x0114	0x1D03      	BTFSS      STATUS, 2
0x0115	0x28EF      	GOTO       $-38
0x0116	0x0875      	MOVF       R5, 0
0x0117	0x0279      	SUBWF      R9, 0
0x0118	0x1D03      	BTFSS      STATUS, 2
0x0119	0x28EF      	GOTO       $-42
0x011A	0x01F9      	CLRF       R9
0x011B	0x01F8      	CLRF       R8
0x011C	0x0AF0      	INCF       R0, 1
0x011D	0x1903      	BTFSC      STATUS, 2
0x011E	0x0AF1      	INCF       R1, 1
0x011F	0x1FF1      	BTFSS      R1, 7
0x0120	0x28EF      	GOTO       $-49
0x0121	0x0000      	NOP
0x0122	0x34FF      	RETLW      255
L_end_Div_16x16_S:
0x0123	0x0008      	RETURN
; end of _Div_16x16_S
_Lcd_Chr_CP:
0x0124	0x1283      	BCF        STATUS, 5
0x0125	0x1303      	BCF        STATUS, 6
0x0126	0x1063      	BCF        __Lib_Lcd_cmd_status, BitPos(__Lib_Lcd_cmd_status+0)
0x0127	0x1683      	BSF        STATUS, 5
0x0128	0x0820      	MOVF       FARG_Lcd_Chr_CP_out_char, 0
0x0129	0x00A1      	MOVWF      FARG_Lcd_Cmd_out_char
0x012A	0x2031      	CALL       _Lcd_Cmd
0x012B	0x1463      	BSF        __Lib_Lcd_cmd_status, BitPos(__Lib_Lcd_cmd_status+0)
L_end_Lcd_Chr_CP:
0x012C	0x0008      	RETURN
; end of _Lcd_Chr_CP
_ispisi:
0x012D	0x1283      	BCF        STATUS, 5
0x012E	0x1303      	BCF        STATUS, 6
0x012F	0x01D3      	CLRF       _i
0x0130	0x01D4      	CLRF       _i+1
L_ispisi0:
0x0131	0x1283      	BCF        STATUS, 5
0x0132	0x0853      	MOVF       _i, 0
0x0133	0x0764      	ADDWF      FARG_ispisi_textU, 0
0x0134	0x0084      	MOVWF      FSR
0x0135	0x0800      	MOVF       INDF, 0
0x0136	0x3A00      	XORLW      0
0x0137	0x1903      	BTFSC      STATUS, 2
0x0138	0x2946      	GOTO       L_ispisi1
0x0139	0x1683      	BSF        STATUS, 5
0x013A	0x1C98      	BTFSS      TXSTA, 1
0x013B	0x2945      	GOTO       L_ispisi3
0x013C	0x1283      	BCF        STATUS, 5
0x013D	0x0853      	MOVF       _i, 0
0x013E	0x0764      	ADDWF      FARG_ispisi_textU, 0
0x013F	0x0084      	MOVWF      FSR
0x0140	0x0800      	MOVF       INDF, 0
0x0141	0x0099      	MOVWF      TXREG
0x0142	0x0AD3      	INCF       _i, 1
0x0143	0x1903      	BTFSC      STATUS, 2
0x0144	0x0AD4      	INCF       _i+1, 1
L_ispisi3:
0x0145	0x2931      	GOTO       L_ispisi0
L_ispisi1:
0x0146	0x1283      	BCF        STATUS, 5
0x0147	0x3020      	MOVLW      32
0x0148	0x0099      	MOVWF      TXREG
L_end_ispisi:
0x0149	0x0008      	RETURN
; end of _ispisi
_strcpy:
0x014A	0x1283      	BCF        STATUS, 5
0x014B	0x1303      	BCF        STATUS, 6
0x014C	0x0864      	MOVF       FARG_strcpy_to, 0
0x014D	0x00F2      	MOVWF      R2
L_strcpy34:
0x014E	0x0872      	MOVF       R2, 0
0x014F	0x00F1      	MOVWF      R1
0x0150	0x0AF2      	INCF       R2, 1
0x0151	0x0865      	MOVF       FARG_strcpy_from, 0
0x0152	0x00F0      	MOVWF      R0
0x0153	0x0AE5      	INCF       FARG_strcpy_from, 1
0x0154	0x0870      	MOVF       R0, 0
0x0155	0x0084      	MOVWF      FSR
0x0156	0x0800      	MOVF       INDF, 0
0x0157	0x00F0      	MOVWF      R0
0x0158	0x0871      	MOVF       R1, 0
0x0159	0x0084      	MOVWF      FSR
0x015A	0x0870      	MOVF       R0, 0
0x015B	0x0080      	MOVWF      INDF
0x015C	0x0871      	MOVF       R1, 0
0x015D	0x0084      	MOVWF      FSR
0x015E	0x0800      	MOVF       INDF, 0
0x015F	0x1903      	BTFSC      STATUS, 2
0x0160	0x2962      	GOTO       L_strcpy35
0x0161	0x294E      	GOTO       L_strcpy34
L_strcpy35:
0x0162	0x0864      	MOVF       FARG_strcpy_to, 0
0x0163	0x00F0      	MOVWF      R0
L_end_strcpy:
0x0164	0x0008      	RETURN
; end of _strcpy
_Format:
0x0165	0x303C      	MOVLW      60
0x0166	0x1283      	BCF        STATUS, 5
0x0167	0x1303      	BCF        STATUS, 6
0x0168	0x00F4      	MOVWF      R4
0x0169	0x3000      	MOVLW      0
0x016A	0x00F5      	MOVWF      R4+1
0x016B	0x0864      	MOVF       FARG_Format_brSekundi, 0
0x016C	0x00F0      	MOVWF      R0
0x016D	0x0865      	MOVF       FARG_Format_brSekundi+1, 0
0x016E	0x00F1      	MOVWF      R0+1
0x016F	0x20BB      	CALL       _Div_16x16_S
0x0170	0x0878      	MOVF       R8, 0
0x0171	0x00F0      	MOVWF      R0
0x0172	0x0879      	MOVF       R8+1, 0
0x0173	0x00F1      	MOVWF      R0+1
0x0174	0x0870      	MOVF       R0, 0
0x0175	0x00EE      	MOVWF      FLOC__Format+2
0x0176	0x0871      	MOVF       R0+1, 0
0x0177	0x00EF      	MOVWF      FLOC__Format+3
0x0178	0x086E      	MOVF       FLOC__Format+2, 0
0x0179	0x00DB      	MOVWF      _brSek
0x017A	0x086F      	MOVF       FLOC__Format+3, 0
0x017B	0x00DC      	MOVWF      _brSek+1
0x017C	0x303C      	MOVLW      60
0x017D	0x00F4      	MOVWF      R4
0x017E	0x3000      	MOVLW      0
0x017F	0x00F5      	MOVWF      R4+1
0x0180	0x0864      	MOVF       FARG_Format_brSekundi, 0
0x0181	0x00F0      	MOVWF      R0
0x0182	0x0865      	MOVF       FARG_Format_brSekundi+1, 0
0x0183	0x00F1      	MOVWF      R0+1
0x0184	0x20BB      	CALL       _Div_16x16_S
0x0185	0x0870      	MOVF       R0, 0
0x0186	0x00EC      	MOVWF      FLOC__Format
0x0187	0x0871      	MOVF       R0+1, 0
0x0188	0x00ED      	MOVWF      FLOC__Format+1
0x0189	0x086C      	MOVF       FLOC__Format, 0
0x018A	0x00DF      	MOVWF      _brMin
0x018B	0x086D      	MOVF       FLOC__Format+1, 0
0x018C	0x00E0      	MOVWF      _brMin+1
0x018D	0x300A      	MOVLW      10
0x018E	0x00F4      	MOVWF      R4
0x018F	0x3000      	MOVLW      0
0x0190	0x00F5      	MOVWF      R4+1
0x0191	0x086C      	MOVF       FLOC__Format, 0
0x0192	0x00F0      	MOVWF      R0
0x0193	0x086D      	MOVF       FLOC__Format+1, 0
0x0194	0x00F1      	MOVWF      R0+1
0x0195	0x20BB      	CALL       _Div_16x16_S
0x0196	0x3030      	MOVLW      48
0x0197	0x07F0      	ADDWF      R0, 1
0x0198	0x0870      	MOVF       R0, 0
0x0199	0x00E6      	MOVWF      Format_string_L0
0x019A	0x300A      	MOVLW      10
0x019B	0x00F4      	MOVWF      R4
0x019C	0x3000      	MOVLW      0
0x019D	0x00F5      	MOVWF      R4+1
0x019E	0x086C      	MOVF       FLOC__Format, 0
0x019F	0x00F0      	MOVWF      R0
0x01A0	0x086D      	MOVF       FLOC__Format+1, 0
0x01A1	0x00F1      	MOVWF      R0+1
0x01A2	0x20BB      	CALL       _Div_16x16_S
0x01A3	0x0878      	MOVF       R8, 0
0x01A4	0x00F0      	MOVWF      R0
0x01A5	0x0879      	MOVF       R8+1, 0
0x01A6	0x00F1      	MOVWF      R0+1
0x01A7	0x3030      	MOVLW      48
0x01A8	0x0770      	ADDWF      R0, 0
0x01A9	0x00E7      	MOVWF      Format_string_L0+1
0x01AA	0x303A      	MOVLW      58
0x01AB	0x00E8      	MOVWF      Format_string_L0+2
0x01AC	0x300A      	MOVLW      10
0x01AD	0x00F4      	MOVWF      R4
0x01AE	0x3000      	MOVLW      0
0x01AF	0x00F5      	MOVWF      R4+1
0x01B0	0x086E      	MOVF       FLOC__Format+2, 0
0x01B1	0x00F0      	MOVWF      R0
0x01B2	0x086F      	MOVF       FLOC__Format+3, 0
0x01B3	0x00F1      	MOVWF      R0+1
0x01B4	0x20BB      	CALL       _Div_16x16_S
0x01B5	0x3030      	MOVLW      48
0x01B6	0x0770      	ADDWF      R0, 0
0x01B7	0x00E9      	MOVWF      Format_string_L0+3
0x01B8	0x300A      	MOVLW      10
0x01B9	0x00F4      	MOVWF      R4
0x01BA	0x3000      	MOVLW      0
0x01BB	0x00F5      	MOVWF      R4+1
0x01BC	0x086E      	MOVF       FLOC__Format+2, 0
0x01BD	0x00F0      	MOVWF      R0
0x01BE	0x086F      	MOVF       FLOC__Format+3, 0
0x01BF	0x00F1      	MOVWF      R0+1
0x01C0	0x20BB      	CALL       _Div_16x16_S
0x01C1	0x0878      	MOVF       R8, 0
0x01C2	0x00F0      	MOVWF      R0
0x01C3	0x0879      	MOVF       R8+1, 0
0x01C4	0x00F1      	MOVWF      R0+1
0x01C5	0x3030      	MOVLW      48
0x01C6	0x0770      	ADDWF      R0, 0
0x01C7	0x00EA      	MOVWF      Format_string_L0+4
0x01C8	0x01EB      	CLRF       Format_string_L0+5
0x01C9	0x3066      	MOVLW      Format_string_L0
0x01CA	0x00F0      	MOVWF      R0
L_end_Format:
0x01CB	0x0008      	RETURN
; end of _Format
_Lcd_Init:
0x01CC	0x1683      	BSF        STATUS, 5
0x01CD	0x1303      	BCF        STATUS, 6
0x01CE	0x1288      	BCF        LCD_EN_Direction, BitPos(LCD_EN_Direction+0)
0x01CF	0x1208      	BCF        LCD_RS_Direction, BitPos(LCD_RS_Direction+0)
0x01D0	0x1008      	BCF        LCD_D4_Direction, BitPos(LCD_D4_Direction+0)
0x01D1	0x1088      	BCF        LCD_D5_Direction, BitPos(LCD_D5_Direction+0)
0x01D2	0x1108      	BCF        LCD_D6_Direction, BitPos(LCD_D6_Direction+0)
0x01D3	0x1188      	BCF        LCD_D7_Direction, BitPos(LCD_D7_Direction+0)
0x01D4	0x1283      	BCF        STATUS, 5
0x01D5	0x1288      	BCF        LCD_EN, BitPos(LCD_EN+0)
0x01D6	0x1208      	BCF        LCD_RS, BitPos(LCD_RS+0)
0x01D7	0x1188      	BCF        LCD_D7, BitPos(LCD_D7+0)
0x01D8	0x1108      	BCF        LCD_D6, BitPos(LCD_D6+0)
0x01D9	0x1088      	BCF        LCD_D5, BitPos(LCD_D5+0)
0x01DA	0x1008      	BCF        LCD_D4, BitPos(LCD_D4+0)
0x01DB	0x201E      	CALL       _Delay_5500us
0x01DC	0x201E      	CALL       _Delay_5500us
0x01DD	0x201E      	CALL       _Delay_5500us
0x01DE	0x1488      	BSF        LCD_D5, BitPos(LCD_D5+0)
0x01DF	0x1408      	BSF        LCD_D4, BitPos(LCD_D4+0)
0x01E0	0x1688      	BSF        LCD_EN, BitPos(LCD_EN+0)
0x01E1	0x201C      	CALL       _Delay_1us
0x01E2	0x1288      	BCF        LCD_EN, BitPos(LCD_EN+0)
0x01E3	0x201E      	CALL       _Delay_5500us
0x01E4	0x1688      	BSF        LCD_EN, BitPos(LCD_EN+0)
0x01E5	0x201C      	CALL       _Delay_1us
0x01E6	0x1288      	BCF        LCD_EN, BitPos(LCD_EN+0)
0x01E7	0x201E      	CALL       _Delay_5500us
0x01E8	0x1688      	BSF        LCD_EN, BitPos(LCD_EN+0)
0x01E9	0x201C      	CALL       _Delay_1us
0x01EA	0x1288      	BCF        LCD_EN, BitPos(LCD_EN+0)
0x01EB	0x201E      	CALL       _Delay_5500us
0x01EC	0x1008      	BCF        LCD_D4, BitPos(LCD_D4+0)
0x01ED	0x1688      	BSF        LCD_EN, BitPos(LCD_EN+0)
0x01EE	0x201C      	CALL       _Delay_1us
0x01EF	0x1288      	BCF        LCD_EN, BitPos(LCD_EN+0)
0x01F0	0x201E      	CALL       _Delay_5500us
0x01F1	0x1688      	BSF        LCD_EN, BitPos(LCD_EN+0)
0x01F2	0x201C      	CALL       _Delay_1us
0x01F3	0x1288      	BCF        LCD_EN, BitPos(LCD_EN+0)
0x01F4	0x1088      	BCF        LCD_D5, BitPos(LCD_D5+0)
0x01F5	0x1588      	BSF        LCD_D7, BitPos(LCD_D7+0)
0x01F6	0x1688      	BSF        LCD_EN, BitPos(LCD_EN+0)
0x01F7	0x201C      	CALL       _Delay_1us
0x01F8	0x1288      	BCF        LCD_EN, BitPos(LCD_EN+0)
0x01F9	0x201E      	CALL       _Delay_5500us
0x01FA	0x1188      	BCF        LCD_D7, BitPos(LCD_D7+0)
0x01FB	0x1408      	BSF        LCD_D4, BitPos(LCD_D4+0)
0x01FC	0x1688      	BSF        LCD_EN, BitPos(LCD_EN+0)
0x01FD	0x201C      	CALL       _Delay_1us
0x01FE	0x1288      	BCF        LCD_EN, BitPos(LCD_EN+0)
0x01FF	0x1008      	BCF        LCD_D4, BitPos(LCD_D4+0)
0x0200	0x1688      	BSF        LCD_EN, BitPos(LCD_EN+0)
0x0201	0x201C      	CALL       _Delay_1us
0x0202	0x1288      	BCF        LCD_EN, BitPos(LCD_EN+0)
0x0203	0x201E      	CALL       _Delay_5500us
0x0204	0x1688      	BSF        LCD_EN, BitPos(LCD_EN+0)
0x0205	0x201C      	CALL       _Delay_1us
0x0206	0x1288      	BCF        LCD_EN, BitPos(LCD_EN+0)
0x0207	0x1408      	BSF        LCD_D4, BitPos(LCD_D4+0)
0x0208	0x1688      	BSF        LCD_EN, BitPos(LCD_EN+0)
0x0209	0x201C      	CALL       _Delay_1us
0x020A	0x1288      	BCF        LCD_EN, BitPos(LCD_EN+0)
0x020B	0x201E      	CALL       _Delay_5500us
0x020C	0x1008      	BCF        LCD_D4, BitPos(LCD_D4+0)
0x020D	0x1688      	BSF        LCD_EN, BitPos(LCD_EN+0)
0x020E	0x201C      	CALL       _Delay_1us
0x020F	0x1288      	BCF        LCD_EN, BitPos(LCD_EN+0)
0x0210	0x1588      	BSF        LCD_D7, BitPos(LCD_D7+0)
0x0211	0x1508      	BSF        LCD_D6, BitPos(LCD_D6+0)
0x0212	0x1488      	BSF        LCD_D5, BitPos(LCD_D5+0)
0x0213	0x1408      	BSF        LCD_D4, BitPos(LCD_D4+0)
0x0214	0x1688      	BSF        LCD_EN, BitPos(LCD_EN+0)
0x0215	0x201C      	CALL       _Delay_1us
0x0216	0x1288      	BCF        LCD_EN, BitPos(LCD_EN+0)
0x0217	0x201E      	CALL       _Delay_5500us
0x0218	0x1463      	BSF        __Lib_Lcd_cmd_status, BitPos(__Lib_Lcd_cmd_status+0)
L_end_Lcd_Init:
0x0219	0x0008      	RETURN
; end of _Lcd_Init
___CC2DW:
_CC2D_Loop1:
0x021A	0x20B4      	CALL       _____DoICP
0x021B	0x118A      	BCF        PCLATH, 3
0x021C	0x120A      	BCF        PCLATH, 4
0x021D	0x0080      	MOVWF      INDF
0x021E	0x0A84      	INCF       FSR, 1
0x021F	0x0ADD      	INCF       ___DoICPAddr, 1
0x0220	0x1903      	BTFSC      STATUS, 2
0x0221	0x0ADE      	INCF       ___DoICPAddr+1, 1
0x0222	0x03F0      	DECF       R0, 1
0x0223	0x1D03      	BTFSS      STATUS, 2
0x0224	0x2A1A      	GOTO       _CC2D_Loop1
L_end___CC2DW:
0x0225	0x0008      	RETURN
; end of ___CC2DW
_Lcd_Out:
0x0226	0x2A38      	GOTO       L_Lcd_Out11
L_Lcd_Out13:
0x0227	0x3080      	MOVLW      128
0x0228	0x1283      	BCF        STATUS, 5
0x0229	0x1303      	BCF        STATUS, 6
0x022A	0x00E4      	MOVWF      FARG_Lcd_Out_row
0x022B	0x2A4B      	GOTO       L_Lcd_Out12
L_Lcd_Out14:
0x022C	0x30C0      	MOVLW      192
0x022D	0x00E4      	MOVWF      FARG_Lcd_Out_row
0x022E	0x2A4B      	GOTO       L_Lcd_Out12
L_Lcd_Out15:
0x022F	0x3094      	MOVLW      148
0x0230	0x00E4      	MOVWF      FARG_Lcd_Out_row
0x0231	0x2A4B      	GOTO       L_Lcd_Out12
L_Lcd_Out16:
0x0232	0x30D4      	MOVLW      212
0x0233	0x00E4      	MOVWF      FARG_Lcd_Out_row
0x0234	0x2A4B      	GOTO       L_Lcd_Out12
L_Lcd_Out17:
0x0235	0x3080      	MOVLW      128
0x0236	0x00E4      	MOVWF      FARG_Lcd_Out_row
0x0237	0x2A4B      	GOTO       L_Lcd_Out12
L_Lcd_Out11:
0x0238	0x1283      	BCF        STATUS, 5
0x0239	0x1303      	BCF        STATUS, 6
0x023A	0x0864      	MOVF       FARG_Lcd_Out_row, 0
0x023B	0x3A01      	XORLW      1
0x023C	0x1903      	BTFSC      STATUS, 2
0x023D	0x2A27      	GOTO       L_Lcd_Out13
0x023E	0x0864      	MOVF       FARG_Lcd_Out_row, 0
0x023F	0x3A02      	XORLW      2
0x0240	0x1903      	BTFSC      STATUS, 2
0x0241	0x2A2C      	GOTO       L_Lcd_Out14
0x0242	0x0864      	MOVF       FARG_Lcd_Out_row, 0
0x0243	0x3A03      	XORLW      3
0x0244	0x1903      	BTFSC      STATUS, 2
0x0245	0x2A2F      	GOTO       L_Lcd_Out15
0x0246	0x0864      	MOVF       FARG_Lcd_Out_row, 0
0x0247	0x3A04      	XORLW      4
0x0248	0x1903      	BTFSC      STATUS, 2
0x0249	0x2A32      	GOTO       L_Lcd_Out16
0x024A	0x2A35      	GOTO       L_Lcd_Out17
L_Lcd_Out12:
0x024B	0x0365      	DECF       FARG_Lcd_Out_column, 0
0x024C	0x00F0      	MOVWF      R0
0x024D	0x0864      	MOVF       FARG_Lcd_Out_row, 0
0x024E	0x07F0      	ADDWF      R0, 1
0x024F	0x0870      	MOVF       R0, 0
0x0250	0x00E4      	MOVWF      FARG_Lcd_Out_row
0x0251	0x0870      	MOVF       R0, 0
0x0252	0x1683      	BSF        STATUS, 5
0x0253	0x00A1      	MOVWF      FARG_Lcd_Cmd_out_char
0x0254	0x2031      	CALL       _Lcd_Cmd
0x0255	0x1063      	BCF        __Lib_Lcd_cmd_status, BitPos(__Lib_Lcd_cmd_status+0)
0x0256	0x01E7      	CLRF       Lcd_Out_i_L0
L_Lcd_Out18:
0x0257	0x0867      	MOVF       Lcd_Out_i_L0, 0
0x0258	0x0766      	ADDWF      FARG_Lcd_Out_text, 0
0x0259	0x0084      	MOVWF      FSR
0x025A	0x0800      	MOVF       INDF, 0
0x025B	0x1903      	BTFSC      STATUS, 2
0x025C	0x2A66      	GOTO       L_Lcd_Out19
0x025D	0x0867      	MOVF       Lcd_Out_i_L0, 0
0x025E	0x0766      	ADDWF      FARG_Lcd_Out_text, 0
0x025F	0x0084      	MOVWF      FSR
0x0260	0x0800      	MOVF       INDF, 0
0x0261	0x1683      	BSF        STATUS, 5
0x0262	0x00A0      	MOVWF      FARG_Lcd_Chr_CP_out_char
0x0263	0x2124      	CALL       _Lcd_Chr_CP
0x0264	0x0AE7      	INCF       Lcd_Out_i_L0, 1
0x0265	0x2A57      	GOTO       L_Lcd_Out18
L_Lcd_Out19:
0x0266	0x1463      	BSF        __Lib_Lcd_cmd_status, BitPos(__Lib_Lcd_cmd_status+0)
L_end_Lcd_Out:
0x0267	0x0008      	RETURN
; end of _Lcd_Out
_main:
0x0268	0x2354      	CALL       852
0x0269	0x1683      	BSF        STATUS, 5
0x026A	0x1703      	BSF        STATUS, 6
0x026B	0x0188      	CLRF       ANSEL
0x026C	0x0189      	CLRF       ANSELH
0x026D	0x1283      	BCF        STATUS, 5
0x026E	0x1387      	BCF        C1ON_bit, BitPos(C1ON_bit+0)
0x026F	0x1388      	BCF        C2ON_bit, BitPos(C2ON_bit+0)
0x0270	0x1683      	BSF        STATUS, 5
0x0271	0x1303      	BCF        STATUS, 6
0x0272	0x1705      	BSF        TRISA6_bit, BitPos(TRISA6_bit+0)
0x0273	0x1605      	BSF        TRISA, 4
0x0274	0x1283      	BCF        STATUS, 5
0x0275	0x0185      	CLRF       PORTA
0x0276	0x21CC      	CALL       _Lcd_Init
0x0277	0x3001      	MOVLW      1
0x0278	0x1683      	BSF        STATUS, 5
0x0279	0x00A1      	MOVWF      FARG_Lcd_Cmd_out_char
0x027A	0x2031      	CALL       _Lcd_Cmd
0x027B	0x300C      	MOVLW      12
0x027C	0x1683      	BSF        STATUS, 5
0x027D	0x00A1      	MOVWF      FARG_Lcd_Cmd_out_char
0x027E	0x2031      	CALL       _Lcd_Cmd
0x027F	0x1610      	BSF        T1CKPS0_bit, BitPos(T1CKPS0_bit+0)
0x0280	0x1690      	BSF        T1CKPS1_bit, BitPos(T1CKPS1_bit+0)
0x0281	0x1090      	BCF        TMR1CS_bit, BitPos(TMR1CS_bit+0)
0x0282	0x1410      	BSF        TMR1ON_bit, BitPos(TMR1ON_bit+0)
0x0283	0x30DE      	MOVLW      222
0x0284	0x008E      	MOVWF      TMR1L
0x0285	0x300B      	MOVLW      11
0x0286	0x008F      	MOVWF      TMR1H
0x0287	0x178B      	BSF        GIE_bit, BitPos(GIE_bit+0)
0x0288	0x170B      	BSF        PEIE_bit, BitPos(PEIE_bit+0)
0x0289	0x1683      	BSF        STATUS, 5
0x028A	0x140C      	BSF        TMR1IE_bit, BitPos(TMR1IE_bit+0)
0x028B	0x1283      	BCF        STATUS, 5
0x028C	0x100C      	BCF        TMR1IF_bit, BitPos(TMR1IF_bit+0)
0x028D	0x1683      	BSF        STATUS, 5
0x028E	0x1698      	BSF        TXSTA, 5
0x028F	0x1218      	BCF        TXSTA, 4
0x0290	0x1283      	BCF        STATUS, 5
0x0291	0x1798      	BSF        RCSTA, 7
0x0292	0x1683      	BSF        STATUS, 5
0x0293	0x1518      	BSF        TXSTA, 2
0x0294	0x1703      	BSF        STATUS, 6
0x0295	0x1187      	BCF        BAUDCTL, 3
0x0296	0x3019      	MOVLW      25
0x0297	0x1303      	BCF        STATUS, 6
0x0298	0x0099      	MOVWF      SPBRG
L_main9:
0x0299	0x1283      	BCF        STATUS, 5
0x029A	0x0824      	MOVF       _prvi, 0
0x029B	0x0425      	IORWF      _prvi+1, 0
0x029C	0x1903      	BTFSC      STATUS, 2
0x029D	0x2AA7      	GOTO       L_main11
0x029E	0x3001      	MOVLW      1
0x029F	0x00E4      	MOVWF      FARG_Lcd_Out_row
0x02A0	0x3001      	MOVLW      1
0x02A1	0x00E5      	MOVWF      FARG_Lcd_Out_column
0x02A2	0x3026      	MOVLW      ?lstr1_TMR1
0x02A3	0x00E6      	MOVWF      FARG_Lcd_Out_text
0x02A4	0x2226      	CALL       _Lcd_Out
0x02A5	0x01A2      	CLRF       _brInterapta
0x02A6	0x01A3      	CLRF       _brInterapta+1
L_main11:
0x02A7	0x1F05      	BTFSS      PORTA, 6
0x02A8	0x2AD3      	GOTO       L_main12
0x02A9	0x01A2      	CLRF       _brInterapta
0x02AA	0x01A3      	CLRF       _brInterapta+1
0x02AB	0x01A0      	CLRF       _brSekundi
0x02AC	0x01A1      	CLRF       _brSekundi+1
0x02AD	0x01E4      	CLRF       FARG_Format_brSekundi
0x02AE	0x01E5      	CLRF       FARG_Format_brSekundi+1
0x02AF	0x2165      	CALL       _Format
0x02B0	0x0870      	MOVF       R0, 0
0x02B1	0x00E5      	MOVWF      FARG_strcpy_from
0x02B2	0x3055      	MOVLW      _string
0x02B3	0x00E4      	MOVWF      FARG_strcpy_to
0x02B4	0x214A      	CALL       _strcpy
0x02B5	0x3055      	MOVLW      _string
0x02B6	0x00E4      	MOVWF      FARG_ispisi_textU
0x02B7	0x212D      	CALL       _ispisi
0x02B8	0x3002      	MOVLW      2
0x02B9	0x00E4      	MOVWF      FARG_Lcd_Out_row
0x02BA	0x3001      	MOVLW      1
0x02BB	0x00E5      	MOVWF      FARG_Lcd_Out_column
0x02BC	0x3055      	MOVLW      _string
0x02BD	0x00E6      	MOVWF      FARG_Lcd_Out_text
0x02BE	0x2226      	CALL       _Lcd_Out
0x02BF	0x0824      	MOVF       _prvi, 0
0x02C0	0x0425      	IORWF      _prvi+1, 0
0x02C1	0x1903      	BTFSC      STATUS, 2
0x02C2	0x2AD0      	GOTO       L_main13
0x02C3	0x3001      	MOVLW      1
0x02C4	0x1683      	BSF        STATUS, 5
0x02C5	0x00A1      	MOVWF      FARG_Lcd_Cmd_out_char
0x02C6	0x2031      	CALL       _Lcd_Cmd
0x02C7	0x3001      	MOVLW      1
0x02C8	0x00E4      	MOVWF      FARG_Lcd_Out_row
0x02C9	0x3001      	MOVLW      1
0x02CA	0x00E5      	MOVWF      FARG_Lcd_Out_column
0x02CB	0x302D      	MOVLW      ?lstr2_TMR1
0x02CC	0x00E6      	MOVWF      FARG_Lcd_Out_text
0x02CD	0x2226      	CALL       _Lcd_Out
0x02CE	0x01A4      	CLRF       _prvi
0x02CF	0x01A5      	CLRF       _prvi+1
L_main13:
L_main14:
0x02D0	0x1F05      	BTFSS      PORTA, 6
0x02D1	0x2AD3      	GOTO       L_main15
0x02D2	0x2AD0      	GOTO       L_main14
L_main15:
L_main12:
0x02D3	0x1E05      	BTFSS      PORTA, 4
0x02D4	0x2AF1      	GOTO       L_main16
0x02D5	0x1810      	BTFSC      T1CON, 0
0x02D6	0x2AD9      	GOTO       L_main17
0x02D7	0x1410      	BSF        T1CON, 0
0x02D8	0x2AEE      	GOTO       L_main18
L_main17:
0x02D9	0x1C10      	BTFSS      T1CON, 0
0x02DA	0x2AEE      	GOTO       L_main19
0x02DB	0x1010      	BCF        T1CON, 0
0x02DC	0x0824      	MOVF       _prvi, 0
0x02DD	0x0425      	IORWF      _prvi+1, 0
0x02DE	0x1903      	BTFSC      STATUS, 2
0x02DF	0x2AEE      	GOTO       L_main20
0x02E0	0x3001      	MOVLW      1
0x02E1	0x1683      	BSF        STATUS, 5
0x02E2	0x00A1      	MOVWF      FARG_Lcd_Cmd_out_char
0x02E3	0x2031      	CALL       _Lcd_Cmd
0x02E4	0x3001      	MOVLW      1
0x02E5	0x00E4      	MOVWF      FARG_Lcd_Out_row
0x02E6	0x3001      	MOVLW      1
0x02E7	0x00E5      	MOVWF      FARG_Lcd_Out_column
0x02E8	0x3040      	MOVLW      ?lstr3_TMR1
0x02E9	0x00E6      	MOVWF      FARG_Lcd_Out_text
0x02EA	0x2226      	CALL       _Lcd_Out
0x02EB	0x01A4      	CLRF       _prvi
0x02EC	0x01A5      	CLRF       _prvi+1
0x02ED	0x1410      	BSF        T1CON, 0
L_main20:
L_main19:
L_main18:
L_main21:
0x02EE	0x1E05      	BTFSS      PORTA, 4
0x02EF	0x2AF1      	GOTO       L_main22
0x02F0	0x2AEE      	GOTO       L_main21
L_main22:
L_main16:
0x02F1	0x1C10      	BTFSS      T1CON, 0
0x02F2	0x2B17      	GOTO       L_main23
0x02F3	0x3080      	MOVLW      128
0x02F4	0x0623      	XORWF      _brInterapta+1, 0
0x02F5	0x00F0      	MOVWF      R0
0x02F6	0x3080      	MOVLW      128
0x02F7	0x0270      	SUBWF      R0, 0
0x02F8	0x1D03      	BTFSS      STATUS, 2
0x02F9	0x2AFC      	GOTO       L__main31
0x02FA	0x3002      	MOVLW      2
0x02FB	0x0222      	SUBWF      _brInterapta, 0
L__main31:
0x02FC	0x1C03      	BTFSS      STATUS, 0
0x02FD	0x2B17      	GOTO       L_main24
0x02FE	0x0AA0      	INCF       _brSekundi, 1
0x02FF	0x1903      	BTFSC      STATUS, 2
0x0300	0x0AA1      	INCF       _brSekundi+1, 1
0x0301	0x0820      	MOVF       _brSekundi, 0
0x0302	0x00E4      	MOVWF      FARG_Format_brSekundi
0x0303	0x0821      	MOVF       _brSekundi+1, 0
0x0304	0x00E5      	MOVWF      FARG_Format_brSekundi+1
0x0305	0x2165      	CALL       _Format
0x0306	0x0870      	MOVF       R0, 0
0x0307	0x00E5      	MOVWF      FARG_strcpy_from
0x0308	0x3055      	MOVLW      _string
0x0309	0x00E4      	MOVWF      FARG_strcpy_to
0x030A	0x214A      	CALL       _strcpy
0x030B	0x3055      	MOVLW      _string
0x030C	0x00E4      	MOVWF      FARG_ispisi_textU
0x030D	0x212D      	CALL       _ispisi
0x030E	0x3002      	MOVLW      2
0x030F	0x00E4      	MOVWF      FARG_Lcd_Out_row
0x0310	0x3001      	MOVLW      1
0x0311	0x00E5      	MOVWF      FARG_Lcd_Out_column
0x0312	0x3055      	MOVLW      _string
0x0313	0x00E6      	MOVWF      FARG_Lcd_Out_text
0x0314	0x2226      	CALL       _Lcd_Out
0x0315	0x01A2      	CLRF       _brInterapta
0x0316	0x01A3      	CLRF       _brInterapta+1
L_main24:
L_main23:
0x0317	0x2A99      	GOTO       L_main9
L_end_main:
0x0318	0x2B18      	GOTO       $+0
; end of _main
0x0354	0x3020      	MOVLW      32
0x0355	0x0084      	MOVWF      FSR
0x0356	0x3035      	MOVLW      53
0x0357	0x1283      	BCF        STATUS, 5
0x0358	0x1303      	BCF        STATUS, 6
0x0359	0x00F0      	MOVWF      R0
0x035A	0x301E      	MOVLW      30
0x035B	0x00DD      	MOVWF      ___DoICPAddr
0x035C	0x3003      	MOVLW      3
0x035D	0x00DE      	MOVWF      94
0x035E	0x221A      	CALL       538
0x035F	0x0008      	RETURN
;TMR1.c,0 :: ?ICS_brSekundi
0x031E	0x3400 ;?ICS_brSekundi+0
0x031F	0x3400 ;?ICS_brSekundi+1
; end of ?ICS_brSekundi
;TMR1.c,0 :: ?ICS_brInterapta
0x0320	0x3400 ;?ICS_brInterapta+0
0x0321	0x3400 ;?ICS_brInterapta+1
; end of ?ICS_brInterapta
;TMR1.c,0 :: ?ICS_prvi
0x0322	0x3401 ;?ICS_prvi+0
0x0323	0x3400 ;?ICS_prvi+1
; end of ?ICS_prvi
;TMR1.c,0 :: ?ICS?lstr1_TMR1
0x0324	0x344B ;?ICS?lstr1_TMR1+0
0x0325	0x346C ;?ICS?lstr1_TMR1+1
0x0326	0x3469 ;?ICS?lstr1_TMR1+2
0x0327	0x346B ;?ICS?lstr1_TMR1+3
0x0328	0x346E ;?ICS?lstr1_TMR1+4
0x0329	0x3469 ;?ICS?lstr1_TMR1+5
0x032A	0x3400 ;?ICS?lstr1_TMR1+6
; end of ?ICS?lstr1_TMR1
;TMR1.c,0 :: ?ICS?lstr2_TMR1
0x032B	0x3454 ;?ICS?lstr2_TMR1+0
0x032C	0x3461 ;?ICS?lstr2_TMR1+1
0x032D	0x3474 ;?ICS?lstr2_TMR1+2
0x032E	0x3473 ;?ICS?lstr2_TMR1+3
0x032F	0x3474 ;?ICS?lstr2_TMR1+4
0x0330	0x3465 ;?ICS?lstr2_TMR1+5
0x0331	0x3472 ;?ICS?lstr2_TMR1+6
0x0332	0x3420 ;?ICS?lstr2_TMR1+7
0x0333	0x3470 ;?ICS?lstr2_TMR1+8
0x0334	0x3472 ;?ICS?lstr2_TMR1+9
0x0335	0x3469 ;?ICS?lstr2_TMR1+10
0x0336	0x3474 ;?ICS?lstr2_TMR1+11
0x0337	0x3469 ;?ICS?lstr2_TMR1+12
0x0338	0x3473 ;?ICS?lstr2_TMR1+13
0x0339	0x346E ;?ICS?lstr2_TMR1+14
0x033A	0x3475 ;?ICS?lstr2_TMR1+15
0x033B	0x3474 ;?ICS?lstr2_TMR1+16
0x033C	0x3421 ;?ICS?lstr2_TMR1+17
0x033D	0x3400 ;?ICS?lstr2_TMR1+18
; end of ?ICS?lstr2_TMR1
;TMR1.c,0 :: ?ICS?lstr3_TMR1
0x033E	0x3454 ;?ICS?lstr3_TMR1+0
0x033F	0x3461 ;?ICS?lstr3_TMR1+1
0x0340	0x3474 ;?ICS?lstr3_TMR1+2
0x0341	0x3473 ;?ICS?lstr3_TMR1+3
0x0342	0x3474 ;?ICS?lstr3_TMR1+4
0x0343	0x3465 ;?ICS?lstr3_TMR1+5
0x0344	0x3472 ;?ICS?lstr3_TMR1+6
0x0345	0x3420 ;?ICS?lstr3_TMR1+7
0x0346	0x3470 ;?ICS?lstr3_TMR1+8
0x0347	0x3472 ;?ICS?lstr3_TMR1+9
0x0348	0x3469 ;?ICS?lstr3_TMR1+10
0x0349	0x3474 ;?ICS?lstr3_TMR1+11
0x034A	0x3469 ;?ICS?lstr3_TMR1+12
0x034B	0x3473 ;?ICS?lstr3_TMR1+13
0x034C	0x346E ;?ICS?lstr3_TMR1+14
0x034D	0x3475 ;?ICS?lstr3_TMR1+15
0x034E	0x3474 ;?ICS?lstr3_TMR1+16
0x034F	0x3421 ;?ICS?lstr3_TMR1+17
0x0350	0x3400 ;?ICS?lstr3_TMR1+18
; end of ?ICS?lstr3_TMR1
;TMR1.c,0 :: ?ICS_i
0x0351	0x3400 ;?ICS_i+0
0x0352	0x3400 ;?ICS_i+1
; end of ?ICS_i
Symbol List:
//** Routines locations **
//ADDRESS    SIZE    PROCEDURE
//----------------------------------------------
0x0004      [24]    _interrupt
0x001C       [2]    _Delay_1us
0x001E      [11]    _Delay_5500us
0x0029       [8]    _Delay_50us
0x0031      [87]    _Lcd_Cmd
0x0088      [44]    _Div_16x16_S_L
0x00B4       [7]    _____DoICP
0x00BB     [105]    _Div_16x16_S
0x0124       [9]    _Lcd_Chr_CP
0x012D      [29]    _ispisi
0x014A      [27]    _strcpy
0x0165     [103]    _Format
0x01CC      [78]    _Lcd_Init
0x021A      [12]    ___CC2DW
0x0226      [66]    _Lcd_Out
0x0268     [176]    _main
//** Variables locations ** 
//ADDRESS    SIZE    VARIABLE
//----------------------------------------------
0x0000       [1]    INDF
0x0002       [1]    PCL
0x0003       [1]    STATUS
0x0004       [1]    FSR
0x0005       [1]    PORTA
0x0008       [0]    LCD_D7
0x0008       [0]    LCD_D5
0x0008       [0]    LCD_D4
0x0008       [0]    LCD_D6
0x0008       [0]    LCD_EN
0x0008       [0]    LCD_RS
0x0008       [0]    RD4_bit
0x0008       [0]    RD3_bit
0x0008       [0]    RD2_bit
0x0008       [0]    RD5_bit
0x0008       [0]    RD0_bit
0x0008       [0]    RD1_bit
0x000A       [1]    PCLATH
0x000B       [0]    GIE_bit
0x000B       [0]    PEIE_bit
0x000C       [0]    TMR1IF_bit
0x000E       [1]    TMR1L
0x000F       [1]    TMR1H
0x0010       [0]    TMR1ON_bit
0x0010       [0]    TMR1CS_bit
0x0010       [0]    T1CKPS0_bit
0x0010       [0]    T1CKPS1_bit
0x0010       [1]    T1CON
0x0018       [1]    RCSTA
0x0019       [1]    TXREG
0x0020       [2]    _brSekundi
0x0022       [2]    _brInterapta
0x0024       [2]    _prvi
0x0026       [7]    ?lstr1_TMR1
0x002D      [19]    ?lstr2_TMR1
0x0040      [19]    ?lstr3_TMR1
0x0053       [2]    _i
0x0055       [6]    _string
0x005B       [2]    _brSek
0x005D       [2]    ___DoICPAddr
0x005F       [2]    _brMin
0x0061       [1]    ___savePCLATH
0x0062       [1]    ___saveSTATUS
0x0063       [0]    __Lib_Lcd_cmd_status
0x0064       [1]    FARG_strcpy_to
0x0064       [1]    FARG_ispisi_textU
0x0064       [1]    FARG_Lcd_Out_row
0x0064       [2]    FARG_Format_brSekundi
0x0065       [1]    FARG_strcpy_from
0x0065       [1]    FARG_Lcd_Out_column
0x0066       [6]    Format_string_L0
0x0066       [1]    FARG_Lcd_Out_text
0x0067       [1]    Lcd_Out_i_L0
0x006C       [4]    FLOC__Format
0x0070       [1]    R0
0x0071       [1]    R1
0x0072       [1]    R2
0x0073       [1]    R3
0x0074       [1]    R4
0x0075       [1]    R5
0x0076       [1]    R6
0x0077       [1]    R7
0x0078       [1]    R8
0x0079       [1]    R9
0x007A       [1]    R10
0x007B       [1]    R11
0x007C       [1]    R12
0x007D       [1]    R13
0x007E       [1]    R14
0x007F       [1]    R15
0x0085       [1]    TRISA
0x0085       [0]    TRISA6_bit
0x0088       [0]    LCD_D4_Direction
0x0088       [0]    TRISD0_bit
0x0088       [0]    TRISD1_bit
0x0088       [0]    LCD_EN_Direction
0x0088       [0]    LCD_RS_Direction
0x0088       [0]    TRISD4_bit
0x0088       [0]    TRISD5_bit
0x0088       [0]    TRISD2_bit
0x0088       [0]    TRISD3_bit
0x0088       [0]    LCD_D7_Direction
0x0088       [0]    LCD_D5_Direction
0x0088       [0]    LCD_D6_Direction
0x008C       [0]    TMR1IE_bit
0x0098       [1]    TXSTA
0x0099       [1]    SPBRG
0x00A0       [1]    FARG_Lcd_Chr_CP_out_char
0x00A1       [1]    FARG_Lcd_Cmd_out_char
0x0107       [0]    C1ON_bit
0x0108       [0]    C2ON_bit
0x0187       [1]    BAUDCTL
0x0188       [1]    ANSEL
0x0189       [1]    ANSELH
//** Constants locations ** 
//ADDRESS    SIZE    CONSTANT
//----------------------------------------------
0x031E       [2]    ?ICS_brSekundi
0x0320       [2]    ?ICS_brInterapta
0x0322       [2]    ?ICS_prvi
0x0324       [7]    ?ICS?lstr1_TMR1
0x032B      [19]    ?ICS?lstr2_TMR1
0x033E      [19]    ?ICS?lstr3_TMR1
0x0351       [2]    ?ICS_i
