;  LST file generated by mikroListExporter - v.2.0 
; Date/Time: 1.2.2021. 13:15:25
;----------------------------------------------

;Address Opcode 	ASM
0x0000	0x2826      	GOTO       38
_____DoICP:
0x0003	0x1283      	BCF        STATUS, 5
0x0004	0x1303      	BCF        STATUS, 6
0x0005	0x0821      	MOVF       ___DoICPAddr+1, 0
0x0006	0x008A      	MOVWF      PCLATH
0x0007	0x0820      	MOVF       ___DoICPAddr, 0
0x0008	0x0082      	MOVWF      PCL
L_end_____DoICP:
0x0009	0x0008      	RETURN
; end of _____DoICP
_InitSpi:
0x000A	0x3020      	MOVLW      32
0x000B	0x1283      	BCF        STATUS, 5
0x000C	0x1303      	BCF        STATUS, 6
0x000D	0x0094      	MOVWF      SSPCON
0x000E	0x1683      	BSF        STATUS, 5
0x000F	0x1314      	BCF        SSPSTAT, 6
0x0010	0x1283      	BCF        STATUS, 5
0x0011	0x1214      	BCF        SSPCON, 4
0x0012	0x1683      	BSF        STATUS, 5
0x0013	0x1394      	BCF        SSPSTAT, 7
L_end_InitSpi:
0x0014	0x0008      	RETURN
; end of _InitSpi
_SpiWrite:
0x0015	0x1283      	BCF        STATUS, 5
0x0016	0x1303      	BCF        STATUS, 6
0x0017	0x0822      	MOVF       FARG_SpiWrite_dat, 0
0x0018	0x0093      	MOVWF      SSPBUF
L_end_SpiWrite:
0x0019	0x0008      	RETURN
; end of _SpiWrite
___CC2DW:
_CC2D_Loop1:
0x001A	0x2003      	CALL       _____DoICP
0x001B	0x118A      	BCF        PCLATH, 3
0x001C	0x120A      	BCF        PCLATH, 4
0x001D	0x0080      	MOVWF      INDF
0x001E	0x0A84      	INCF       FSR, 1
0x001F	0x0AA0      	INCF       ___DoICPAddr, 1
0x0020	0x1903      	BTFSC      STATUS, 2
0x0021	0x0AA1      	INCF       ___DoICPAddr+1, 1
0x0022	0x03F0      	DECF       R0, 1
0x0023	0x1D03      	BTFSS      STATUS, 2
0x0024	0x281A      	GOTO       _CC2D_Loop1
L_end___CC2DW:
0x0025	0x0008      	RETURN
; end of ___CC2DW
_main:
0x0026	0x1683      	BSF        STATUS, 5
0x0027	0x1703      	BSF        STATUS, 6
0x0028	0x0188      	CLRF       ANSEL
0x0029	0x0189      	CLRF       ANSELH
0x002A	0x1303      	BCF        STATUS, 6
0x002B	0x1187      	BCF        TRISC, 3
0x002C	0x1607      	BSF        TRISC, 4
0x002D	0x1287      	BCF        TRISC, 5
0x002E	0x300F      	MOVLW      15
0x002F	0x0088      	MOVWF      TRISD
0x0030	0x1009      	BCF        TRISE, 0
0x0031	0x200A      	CALL       _InitSpi
0x0032	0x1283      	BCF        STATUS, 5
0x0033	0x1009      	BCF        PORTE, 0
L_main0:
0x0034	0x0808      	MOVF       PORTD, 0
0x0035	0x00A2      	MOVWF      FARG_SpiWrite_dat
0x0036	0x2015      	CALL       _SpiWrite
0x0037	0x2834      	GOTO       L_main0
L_end_main:
0x0038	0x2838      	GOTO       $+0
; end of _main
Symbol List:
//** Routines locations **
//ADDRESS    SIZE    PROCEDURE
//----------------------------------------------
0x0003       [7]    _____DoICP
0x000A      [11]    _InitSpi
0x0015       [5]    _SpiWrite
0x001A      [12]    ___CC2DW
0x0026      [19]    _main
//** Variables locations ** 
//ADDRESS    SIZE    VARIABLE
//----------------------------------------------
0x0000       [1]    INDF
0x0002       [1]    PCL
0x0003       [1]    STATUS
0x0004       [1]    FSR
0x0008       [1]    PORTD
0x0009       [1]    PORTE
0x000A       [1]    PCLATH
0x0013       [1]    SSPBUF
0x0014       [1]    SSPCON
0x0020       [2]    ___DoICPAddr
0x0022       [1]    FARG_SpiWrite_dat
0x0070       [1]    R0
0x0071       [1]    R1
0x0072       [1]    R2
0x0073       [1]    R3
0x0074       [1]    R4
0x0075       [1]    R5
0x0076       [1]    R6
0x0077       [1]    R7
0x0078       [1]    R8
0x0079       [1]    R9
0x007A       [1]    R10
0x007B       [1]    R11
0x007C       [1]    R12
0x007D       [1]    R13
0x007E       [1]    R14
0x007F       [1]    R15
0x0087       [1]    TRISC
0x0088       [1]    TRISD
0x0089       [1]    TRISE
0x0094       [1]    SSPSTAT
0x0188       [1]    ANSEL
0x0189       [1]    ANSELH
