;  LST file generated by mikroListExporter - v.2.0 
; Date/Time: 26.12.2020. 18:16:02
;----------------------------------------------

;Address Opcode 	ASM
0x0000	0x282F      	GOTO       47
_____DoICP:
;__Lib_System.c,6 :: 		
;__Lib_System.c,9 :: 		
0x0003	0x1283      	BCF        STATUS, 5
0x0004	0x1303      	BCF        STATUS, 6
0x0005	0x0821      	MOVF       ___DoICPAddr+1, 0
0x0006	0x008A      	MOVWF      PCLATH
;__Lib_System.c,10 :: 		
0x0007	0x0820      	MOVF       ___DoICPAddr, 0
0x0008	0x0082      	MOVWF      PCL
;__Lib_System.c,12 :: 		
L_end_____DoICP:
0x0009	0x0008      	RETURN
; end of _____DoICP
_SpiInit:
;SPI_Master.c,2 :: 		void SpiInit()
;SPI_Master.c,5 :: 		SSPCON = 0b00100000; //SPI master mod, CLK=Fosc/4
0x000A	0x3020      	MOVLW      32
0x000B	0x1283      	BCF        STATUS, 5
0x000C	0x1303      	BCF        STATUS, 6
0x000D	0x0094      	MOVWF      SSPCON
;SPI_Master.c,12 :: 		SSPSTAT.B6=0;
0x000E	0x1683      	BSF        STATUS, 5
0x000F	0x1314      	BCF        SSPSTAT, 6
;SPI_Master.c,13 :: 		SSPCON.B4=0;
0x0010	0x1283      	BCF        STATUS, 5
0x0011	0x1214      	BCF        SSPCON, 4
;SPI_Master.c,16 :: 		SSPSTAT.B7=0;
0x0012	0x1683      	BSF        STATUS, 5
0x0013	0x1394      	BCF        SSPSTAT, 7
;SPI_Master.c,17 :: 		}
L_end_SpiInit:
0x0014	0x0008      	RETURN
; end of _SpiInit
_SpiWrite:
;SPI_Master.c,27 :: 		void SpiWrite(char dat)  //Pisanje podataka
;SPI_Master.c,29 :: 		SSPBUF = dat;
0x0015	0x1283      	BCF        STATUS, 5
0x0016	0x1303      	BCF        STATUS, 6
0x0017	0x0822      	MOVF       FARG_SpiWrite_dat, 0
0x0018	0x0093      	MOVWF      SSPBUF
;SPI_Master.c,30 :: 		}
L_end_SpiWrite:
0x0019	0x0008      	RETURN
; end of _SpiWrite
_SpiRead:
;SPI_Master.c,19 :: 		char SpiRead()
;SPI_Master.c,21 :: 		while(SSPSTAT.BF==0);
L_SpiRead0:
0x001A	0x1683      	BSF        STATUS, 5
0x001B	0x1303      	BCF        STATUS, 6
0x001C	0x1814      	BTFSC      SSPSTAT, 0
0x001D	0x281F      	GOTO       L_SpiRead1
0x001E	0x281A      	GOTO       L_SpiRead0
L_SpiRead1:
;SPI_Master.c,22 :: 		return SSPBUF;
0x001F	0x1283      	BCF        STATUS, 5
0x0020	0x0813      	MOVF       SSPBUF, 0
0x0021	0x00F0      	MOVWF      R0
;SPI_Master.c,23 :: 		}
L_end_SpiRead:
0x0022	0x0008      	RETURN
; end of _SpiRead
___CC2DW:
;__Lib_System.c,134 :: 		
;__Lib_System.c,137 :: 		
_CC2D_Loop1:
;__Lib_System.c,139 :: 		
0x0023	0x2003      	CALL       _____DoICP
0x0024	0x118A      	BCF        PCLATH, 3
0x0025	0x120A      	BCF        PCLATH, 4
;__Lib_System.c,141 :: 		
0x0026	0x0080      	MOVWF      INDF
;__Lib_System.c,142 :: 		
0x0027	0x0A84      	INCF       FSR, 1
;__Lib_System.c,143 :: 		
0x0028	0x0AA0      	INCF       ___DoICPAddr, 1
;__Lib_System.c,145 :: 		
0x0029	0x1903      	BTFSC      STATUS, 2
;__Lib_System.c,146 :: 		
0x002A	0x0AA1      	INCF       ___DoICPAddr+1, 1
;__Lib_System.c,147 :: 		
0x002B	0x03F0      	DECF       R0, 1
;__Lib_System.c,149 :: 		
0x002C	0x1D03      	BTFSS      STATUS, 2
;__Lib_System.c,150 :: 		
0x002D	0x2823      	GOTO       _CC2D_Loop1
;__Lib_System.c,152 :: 		
L_end___CC2DW:
0x002E	0x0008      	RETURN
; end of ___CC2DW
_main:
;SPI_Master.c,32 :: 		void main() {
;SPI_Master.c,33 :: 		ANSEL=0;
0x002F	0x1683      	BSF        STATUS, 5
0x0030	0x1703      	BSF        STATUS, 6
0x0031	0x0188      	CLRF       ANSEL
;SPI_Master.c,34 :: 		ANSELH=0;
0x0032	0x0189      	CLRF       ANSELH
;SPI_Master.c,36 :: 		OPTION_REG.B7=0;
0x0033	0x1381      	BCF        OPTION_REG, 7
;SPI_Master.c,38 :: 		TRISD=0;
0x0034	0x1303      	BCF        STATUS, 6
0x0035	0x0188      	CLRF       TRISD
;SPI_Master.c,39 :: 		PORTD=0b10001111;;
0x0036	0x308F      	MOVLW      143
0x0037	0x1283      	BCF        STATUS, 5
0x0038	0x0088      	MOVWF      PORTD
;SPI_Master.c,40 :: 		TRISB=0xFF;
0x0039	0x30FF      	MOVLW      255
0x003A	0x1683      	BSF        STATUS, 5
0x003B	0x0086      	MOVWF      TRISB
;SPI_Master.c,41 :: 		TRISC.B3=0;
0x003C	0x1187      	BCF        TRISC, 3
;SPI_Master.c,42 :: 		TRISC.B4=1;
0x003D	0x1607      	BSF        TRISC, 4
;SPI_Master.c,43 :: 		TRISC.B5=0;
0x003E	0x1287      	BCF        TRISC, 5
;SPI_Master.c,44 :: 		TRISE.B0=0;
0x003F	0x1009      	BCF        TRISE, 0
;SPI_Master.c,45 :: 		SpiInit();
0x0040	0x200A      	CALL       _SpiInit
;SPI_Master.c,46 :: 		SS=0;
0x0041	0x1283      	BCF        STATUS, 5
0x0042	0x1009      	BCF        PORTE, 0
;SPI_Master.c,47 :: 		while(1)
L_main2:
;SPI_Master.c,51 :: 		SpiWrite(PORTB);
0x0043	0x0806      	MOVF       PORTB, 0
0x0044	0x00A2      	MOVWF      FARG_SpiWrite_dat
0x0045	0x2015      	CALL       _SpiWrite
;SPI_Master.c,52 :: 		PORTD=SpiRead();
0x0046	0x201A      	CALL       _SpiRead
0x0047	0x0870      	MOVF       R0, 0
0x0048	0x0088      	MOVWF      PORTD
;SPI_Master.c,56 :: 		}
0x0049	0x2843      	GOTO       L_main2
;SPI_Master.c,58 :: 		}
L_end_main:
0x004A	0x284A      	GOTO       $+0
; end of _main
Symbol List:
//** Routines locations **
//ADDRESS    SIZE    PROCEDURE
//----------------------------------------------
0x0003       [7]    _____DoICP
0x000A      [11]    _SpiInit
0x0015       [5]    _SpiWrite
0x001A       [9]    _SpiRead
0x0023      [12]    ___CC2DW
0x002F      [28]    _main
//** Variables locations ** 
//ADDRESS    SIZE    VARIABLE
//----------------------------------------------
0x0000       [1]    INDF
0x0002       [1]    PCL
0x0003       [1]    STATUS
0x0004       [1]    FSR
0x0006       [1]    PORTB
0x0008       [1]    PORTD
0x0009       [1]    PORTE
0x000A       [1]    PCLATH
0x0013       [1]    SSPBUF
0x0014       [1]    SSPCON
0x0020       [2]    ___DoICPAddr
0x0022       [1]    FARG_SpiWrite_dat
0x0070       [1]    R0
0x0071       [1]    R1
0x0072       [1]    R2
0x0073       [1]    R3
0x0074       [1]    R4
0x0075       [1]    R5
0x0076       [1]    R6
0x0077       [1]    R7
0x0078       [1]    R8
0x0079       [1]    R9
0x007A       [1]    R10
0x007B       [1]    R11
0x007C       [1]    R12
0x007D       [1]    R13
0x007E       [1]    R14
0x007F       [1]    R15
0x0081       [1]    OPTION_REG
0x0086       [1]    TRISB
0x0087       [1]    TRISC
0x0088       [1]    TRISD
0x0089       [1]    TRISE
0x0094       [1]    SSPSTAT
0x0188       [1]    ANSEL
0x0189       [1]    ANSELH
