;  LST file generated by mikroListExporter - v.2.0 
; Date/Time: 12-Dec-17 11:50:48 PM
;----------------------------------------------

;Address Opcode 	ASM
0x0000	0x2846      	GOTO       70
_interrupt:
0x0004	0x00FF      	MOVWF      R15
0x0005	0x0E03      	SWAPF      STATUS, 0
0x0006	0x0183      	CLRF       STATUS
0x0007	0x00A2      	MOVWF      ___saveSTATUS
0x0008	0x080A      	MOVF       PCLATH, 0
0x0009	0x00A3      	MOVWF      ___savePCLATH
0x000A	0x018A      	CLRF       PCLATH
0x000B	0x1D8C      	BTFSS      SSPIF_bit, BitPos(SSPIF_bit+0)
0x000C	0x2814      	GOTO       L_interrupt2
0x000D	0x2037      	CALL       _SpiRead
0x000E	0x0870      	MOVF       R0, 0
0x000F	0x0088      	MOVWF      PORTD
0x0010	0x0806      	MOVF       PORTB, 0
0x0011	0x00A4      	MOVWF      FARG_SpiWrite_dat
0x0012	0x2041      	CALL       _SpiWrite
0x0013	0x118C      	BCF        SSPIF_bit, BitPos(SSPIF_bit+0)
L_interrupt2:
L_end_interrupt:
L__interrupt9:
0x0014	0x0823      	MOVF       ___savePCLATH, 0
0x0015	0x008A      	MOVWF      PCLATH
0x0016	0x0E22      	SWAPF      ___saveSTATUS, 0
0x0017	0x0083      	MOVWF      STATUS
0x0018	0x0EFF      	SWAPF      R15, 1
0x0019	0x0E7F      	SWAPF      R15, 0
0x001A	0x0009      	RETFIE
; end of _interrupt
_____DoICP:
0x001B	0x1283      	BCF        STATUS, 5
0x001C	0x1303      	BCF        STATUS, 6
0x001D	0x0821      	MOVF       ___DoICPAddr+1, 0
0x001E	0x008A      	MOVWF      PCLATH
0x001F	0x0820      	MOVF       ___DoICPAddr, 0
0x0020	0x0082      	MOVWF      PCL
L_end_____DoICP:
0x0021	0x0008      	RETURN
; end of _____DoICP
_SpiInit:
0x0022	0x3024      	MOVLW      36
0x0023	0x1283      	BCF        STATUS, 5
0x0024	0x1303      	BCF        STATUS, 6
0x0025	0x0094      	MOVWF      SSPCON
0x0026	0x1683      	BSF        STATUS, 5
0x0027	0x1314      	BCF        SSPSTAT, 6
0x0028	0x1283      	BCF        STATUS, 5
0x0029	0x1214      	BCF        SSPCON, 4
L_end_SpiInit:
0x002A	0x0008      	RETURN
; end of _SpiInit
___CC2DW:
_CC2D_Loop1:
0x002B	0x201B      	CALL       _____DoICP
0x002C	0x118A      	BCF        PCLATH, 3
0x002D	0x120A      	BCF        PCLATH, 4
0x002E	0x0080      	MOVWF      INDF
0x002F	0x0A84      	INCF       FSR, 1
0x0030	0x0AA0      	INCF       ___DoICPAddr, 1
0x0031	0x1903      	BTFSC      STATUS, 2
0x0032	0x0AA1      	INCF       ___DoICPAddr+1, 1
0x0033	0x03F0      	DECF       R0, 1
0x0034	0x1D03      	BTFSS      STATUS, 2
0x0035	0x282B      	GOTO       _CC2D_Loop1
L_end___CC2DW:
0x0036	0x0008      	RETURN
; end of ___CC2DW
_SpiRead:
L_SpiRead0:
0x0037	0x1683      	BSF        STATUS, 5
0x0038	0x1303      	BCF        STATUS, 6
0x0039	0x1814      	BTFSC      SSPSTAT, 0
0x003A	0x283D      	GOTO       L_SpiRead1
0x003B	0x0000      	NOP
0x003C	0x2837      	GOTO       L_SpiRead0
L_SpiRead1:
0x003D	0x1283      	BCF        STATUS, 5
0x003E	0x0813      	MOVF       SSPBUF, 0
0x003F	0x00F0      	MOVWF      R0
L_end_SpiRead:
0x0040	0x0008      	RETURN
; end of _SpiRead
_SpiWrite:
0x0041	0x1283      	BCF        STATUS, 5
0x0042	0x1303      	BCF        STATUS, 6
0x0043	0x0824      	MOVF       FARG_SpiWrite_dat, 0
0x0044	0x0093      	MOVWF      SSPBUF
L_end_SpiWrite:
0x0045	0x0008      	RETURN
; end of _SpiWrite
_main:
0x0046	0x1683      	BSF        STATUS, 5
0x0047	0x1703      	BSF        STATUS, 6
0x0048	0x0188      	CLRF       ANSEL
0x0049	0x0189      	CLRF       ANSELH
0x004A	0x1381      	BCF        OPTION_REG, 7
0x004B	0x1303      	BCF        STATUS, 6
0x004C	0x0188      	CLRF       TRISD
0x004D	0x30FF      	MOVLW      255
0x004E	0x0086      	MOVWF      TRISB
0x004F	0x1587      	BSF        TRISC, 3
0x0050	0x1607      	BSF        TRISC, 4
0x0051	0x1287      	BCF        TRISC, 5
0x0052	0x1685      	BSF        TRISA, 5
0x0053	0x2022      	CALL       _SpiInit
0x0054	0x178B      	BSF        GIE_bit, BitPos(GIE_bit+0)
0x0055	0x170B      	BSF        PEIE_bit, BitPos(PEIE_bit+0)
0x0056	0x1683      	BSF        STATUS, 5
0x0057	0x158C      	BSF        SSPIE_bit, BitPos(SSPIE_bit+0)
0x0058	0x1283      	BCF        STATUS, 5
0x0059	0x118C      	BCF        SSPIF_bit, BitPos(SSPIF_bit+0)
L_main3:
0x005A	0x0000      	NOP
0x005B	0x285A      	GOTO       L_main3
L_end_main:
0x005C	0x285C      	GOTO       $+0
; end of _main
Symbol List:
//** Routines locations **
//ADDRESS    SIZE    PROCEDURE
//----------------------------------------------
0x0004      [23]    _interrupt
0x001B       [7]    _____DoICP
0x0022       [9]    _SpiInit
0x002B      [12]    ___CC2DW
0x0037      [10]    _SpiRead
0x0041       [5]    _SpiWrite
0x0046      [23]    _main
//** Variables locations ** 
//ADDRESS    SIZE    VARIABLE
//----------------------------------------------
0x0000       [1]    INDF
0x0002       [1]    PCL
0x0003       [1]    STATUS
0x0004       [1]    FSR
0x0006       [1]    PORTB
0x0008       [1]    PORTD
0x000A       [1]    PCLATH
0x000B       [0]    GIE_bit
0x000B       [0]    PEIE_bit
0x000C       [0]    SSPIF_bit
0x0013       [1]    SSPBUF
0x0014       [1]    SSPCON
0x0020       [2]    ___DoICPAddr
0x0022       [1]    ___saveSTATUS
0x0023       [1]    ___savePCLATH
0x0024       [1]    FARG_SpiWrite_dat
0x0070       [1]    R0
0x0071       [1]    R1
0x0072       [1]    R2
0x0073       [1]    R3
0x0074       [1]    R4
0x0075       [1]    R5
0x0076       [1]    R6
0x0077       [1]    R7
0x0078       [1]    R8
0x0079       [1]    R9
0x007A       [1]    R10
0x007B       [1]    R11
0x007C       [1]    R12
0x007D       [1]    R13
0x007E       [1]    R14
0x007F       [1]    R15
0x0081       [1]    OPTION_REG
0x0085       [1]    TRISA
0x0086       [1]    TRISB
0x0087       [1]    TRISC
0x0088       [1]    TRISD
0x008C       [0]    SSPIE_bit
0x0094       [1]    SSPSTAT
0x0188       [1]    ANSEL
0x0189       [1]    ANSELH
