;  LST file generated by mikroListExporter - v.2.0 
; Date/Time: 4/16/2021 11:18:01 AM
;----------------------------------------------

;Address Opcode 	ASM
0x0000	0x29DF      	GOTO       479
_interrupt:
0x0004	0x00FF      	MOVWF      R15
0x0005	0x0E03      	SWAPF      STATUS, 0
0x0006	0x0183      	CLRF       STATUS
0x0007	0x00D7      	MOVWF      ___saveSTATUS
0x0008	0x080A      	MOVF       PCLATH, 0
0x0009	0x00D6      	MOVWF      ___savePCLATH
0x000A	0x018A      	CLRF       PCLATH
0x000B	0x0870      	MOVF       R0, 0
0x000C	0x00A0      	MOVWF      32
;MyProject.c,44 :: 		void interrupt()
;MyProject.c,46 :: 		if(TMR0IF_bit)
0x000D	0x1D0B      	BTFSS      TMR0IF_bit, BitPos(TMR0IF_bit+0)
0x000E	0x282D      	GOTO       L_interrupt0
;MyProject.c,48 :: 		TMR0IF_bit = 0;
0x000F	0x110B      	BCF        TMR0IF_bit, BitPos(TMR0IF_bit+0)
;MyProject.c,49 :: 		TMR0 = 63;
0x0010	0x303F      	MOVLW      63
0x0011	0x0081      	MOVWF      TMR0
;MyProject.c,50 :: 		counter ++;
0x0012	0x0AC9      	INCF       _counter, 1
;MyProject.c,51 :: 		if(counter == 40)
0x0013	0x0849      	MOVF       _counter, 0
0x0014	0x3A28      	XORLW      40
0x0015	0x1D03      	BTFSS      STATUS, 2
0x0016	0x282D      	GOTO       L_interrupt1
;MyProject.c,53 :: 		counter = 0;
0x0017	0x01C9      	CLRF       _counter
;MyProject.c,54 :: 		sekunda++;
0x0018	0x0AC6      	INCF       _sekunda, 1
;MyProject.c,55 :: 		if(sekunda < 60)
0x0019	0x303C      	MOVLW      60
0x001A	0x0246      	SUBWF      _sekunda, 0
0x001B	0x1803      	BTFSC      STATUS, 0
0x001C	0x281E      	GOTO       L_interrupt2
;MyProject.c,56 :: 		return;
0x001D	0x2872      	GOTO       L__interrupt33
L_interrupt2:
;MyProject.c,57 :: 		sekunda = 0;
0x001E	0x01C6      	CLRF       _sekunda
;MyProject.c,58 :: 		minuta++;
0x001F	0x0AC7      	INCF       _minuta, 1
;MyProject.c,59 :: 		if(minuta <60)
0x0020	0x303C      	MOVLW      60
0x0021	0x0247      	SUBWF      _minuta, 0
0x0022	0x1803      	BTFSC      STATUS, 0
0x0023	0x2825      	GOTO       L_interrupt3
;MyProject.c,60 :: 		return;
0x0024	0x2872      	GOTO       L__interrupt33
L_interrupt3:
;MyProject.c,61 :: 		minuta=0;
0x0025	0x01C7      	CLRF       _minuta
;MyProject.c,62 :: 		sat++;
0x0026	0x0AC8      	INCF       _sat, 1
;MyProject.c,63 :: 		if(sat<24)
0x0027	0x3018      	MOVLW      24
0x0028	0x0248      	SUBWF      _sat, 0
0x0029	0x1803      	BTFSC      STATUS, 0
0x002A	0x282C      	GOTO       L_interrupt4
;MyProject.c,64 :: 		return;
0x002B	0x2872      	GOTO       L__interrupt33
L_interrupt4:
;MyProject.c,65 :: 		sat = 0;
0x002C	0x01C8      	CLRF       _sat
;MyProject.c,66 :: 		}
L_interrupt1:
;MyProject.c,67 :: 		}
L_interrupt0:
;MyProject.c,69 :: 		if(RBIF_bit)
0x002D	0x1C0B      	BTFSS      RBIF_bit, BitPos(RBIF_bit+0)
0x002E	0x2872      	GOTO       L_interrupt5
;MyProject.c,71 :: 		if(PORTB.B0 == 0)
0x002F	0x1806      	BTFSC      PORTB, 0
0x0030	0x2837      	GOTO       L_interrupt6
;MyProject.c,73 :: 		changePosition++;
0x0031	0x0AAA      	INCF       _changePosition, 1
;MyProject.c,74 :: 		if(changePosition > 3)
0x0032	0x082A      	MOVF       _changePosition, 0
0x0033	0x3C03      	SUBLW      3
0x0034	0x1803      	BTFSC      STATUS, 0
0x0035	0x2837      	GOTO       L_interrupt7
;MyProject.c,75 :: 		changePosition = 0;
0x0036	0x01AA      	CLRF       _changePosition
L_interrupt7:
;MyProject.c,76 :: 		}
L_interrupt6:
;MyProject.c,77 :: 		if(PORTB.B1 == 0)
0x0037	0x1886      	BTFSC      PORTB, 1
0x0038	0x2854      	GOTO       L_interrupt8
;MyProject.c,79 :: 		if(changePosition == 1)
0x0039	0x082A      	MOVF       _changePosition, 0
0x003A	0x3A01      	XORLW      1
0x003B	0x1D03      	BTFSS      STATUS, 2
0x003C	0x2842      	GOTO       L_interrupt9
;MyProject.c,81 :: 		if(sat > 0)
0x003D	0x0848      	MOVF       _sat, 0
0x003E	0x3C00      	SUBLW      0
0x003F	0x1803      	BTFSC      STATUS, 0
0x0040	0x2842      	GOTO       L_interrupt10
;MyProject.c,82 :: 		sat--;
0x0041	0x03C8      	DECF       _sat, 1
L_interrupt10:
;MyProject.c,83 :: 		}
L_interrupt9:
;MyProject.c,84 :: 		if(changePosition == 2)
0x0042	0x082A      	MOVF       _changePosition, 0
0x0043	0x3A02      	XORLW      2
0x0044	0x1D03      	BTFSS      STATUS, 2
0x0045	0x284B      	GOTO       L_interrupt11
;MyProject.c,86 :: 		if(minuta > 0)
0x0046	0x0847      	MOVF       _minuta, 0
0x0047	0x3C00      	SUBLW      0
0x0048	0x1803      	BTFSC      STATUS, 0
0x0049	0x284B      	GOTO       L_interrupt12
;MyProject.c,87 :: 		minuta --;
0x004A	0x03C7      	DECF       _minuta, 1
L_interrupt12:
;MyProject.c,88 :: 		}
L_interrupt11:
;MyProject.c,89 :: 		if(changePosition == 3)
0x004B	0x082A      	MOVF       _changePosition, 0
0x004C	0x3A03      	XORLW      3
0x004D	0x1D03      	BTFSS      STATUS, 2
0x004E	0x2854      	GOTO       L_interrupt13
;MyProject.c,91 :: 		if(sekunda > 0)
0x004F	0x0846      	MOVF       _sekunda, 0
0x0050	0x3C00      	SUBLW      0
0x0051	0x1803      	BTFSC      STATUS, 0
0x0052	0x2854      	GOTO       L_interrupt14
;MyProject.c,92 :: 		sekunda --;
0x0053	0x03C6      	DECF       _sekunda, 1
L_interrupt14:
;MyProject.c,93 :: 		}
L_interrupt13:
;MyProject.c,94 :: 		}
L_interrupt8:
;MyProject.c,95 :: 		if(PORTB.B2 == 0)
0x0054	0x1906      	BTFSC      PORTB, 2
0x0055	0x2871      	GOTO       L_interrupt15
;MyProject.c,97 :: 		if(changePosition == 1)
0x0056	0x082A      	MOVF       _changePosition, 0
0x0057	0x3A01      	XORLW      1
0x0058	0x1D03      	BTFSS      STATUS, 2
0x0059	0x285F      	GOTO       L_interrupt16
;MyProject.c,99 :: 		if(sat < 23)
0x005A	0x3017      	MOVLW      23
0x005B	0x0248      	SUBWF      _sat, 0
0x005C	0x1803      	BTFSC      STATUS, 0
0x005D	0x285F      	GOTO       L_interrupt17
;MyProject.c,100 :: 		sat++;
0x005E	0x0AC8      	INCF       _sat, 1
L_interrupt17:
;MyProject.c,101 :: 		}
L_interrupt16:
;MyProject.c,102 :: 		if(changePosition == 2)
0x005F	0x082A      	MOVF       _changePosition, 0
0x0060	0x3A02      	XORLW      2
0x0061	0x1D03      	BTFSS      STATUS, 2
0x0062	0x2868      	GOTO       L_interrupt18
;MyProject.c,104 :: 		if(minuta < 59)
0x0063	0x303B      	MOVLW      59
0x0064	0x0247      	SUBWF      _minuta, 0
0x0065	0x1803      	BTFSC      STATUS, 0
0x0066	0x2868      	GOTO       L_interrupt19
;MyProject.c,105 :: 		minuta ++;
0x0067	0x0AC7      	INCF       _minuta, 1
L_interrupt19:
;MyProject.c,106 :: 		}
L_interrupt18:
;MyProject.c,107 :: 		if(changePosition == 3)
0x0068	0x082A      	MOVF       _changePosition, 0
0x0069	0x3A03      	XORLW      3
0x006A	0x1D03      	BTFSS      STATUS, 2
0x006B	0x2871      	GOTO       L_interrupt20
;MyProject.c,109 :: 		if(sekunda < 59)
0x006C	0x303B      	MOVLW      59
0x006D	0x0246      	SUBWF      _sekunda, 0
0x006E	0x1803      	BTFSC      STATUS, 0
0x006F	0x2871      	GOTO       L_interrupt21
;MyProject.c,110 :: 		sekunda ++;
0x0070	0x0AC6      	INCF       _sekunda, 1
L_interrupt21:
;MyProject.c,111 :: 		}
L_interrupt20:
;MyProject.c,112 :: 		}
L_interrupt15:
;MyProject.c,113 :: 		RBIF_bit = 0;
0x0071	0x100B      	BCF        RBIF_bit, BitPos(RBIF_bit+0)
;MyProject.c,114 :: 		}
L_interrupt5:
;MyProject.c,116 :: 		}
L_end_interrupt:
L__interrupt33:
0x0072	0x0820      	MOVF       32, 0
0x0073	0x00F0      	MOVWF      R0
0x0074	0x0856      	MOVF       ___savePCLATH, 0
0x0075	0x008A      	MOVWF      PCLATH
0x0076	0x0E57      	SWAPF      ___saveSTATUS, 0
0x0077	0x0083      	MOVWF      STATUS
0x0078	0x0EFF      	SWAPF      R15, 1
0x0079	0x0E7F      	SWAPF      R15, 0
0x007A	0x0009      	RETFIE
; end of _interrupt
_Delay_50us:
;__Lib_Delays.c,19 :: 		void Delay_50us() {
;__Lib_Delays.c,20 :: 		Delay_us(50);
0x007B	0x3021      	MOVLW      33
0x007C	0x1283      	BCF        STATUS, 5
0x007D	0x1303      	BCF        STATUS, 6
0x007E	0x00FD      	MOVWF      R13
L_Delay_50us2:
0x007F	0x0BFD      	DECFSZ     R13, 1
0x0080	0x287F      	GOTO       L_Delay_50us2
;__Lib_Delays.c,21 :: 		}
L_end_Delay_50us:
0x0081	0x0008      	RETURN
; end of _Delay_50us
_Delay_5500us:
;__Lib_Delays.c,31 :: 		void Delay_5500us() {
;__Lib_Delays.c,32 :: 		Delay_us(5500);
0x0082	0x300F      	MOVLW      15
0x0083	0x1283      	BCF        STATUS, 5
0x0084	0x1303      	BCF        STATUS, 6
0x0085	0x00FC      	MOVWF      R12
0x0086	0x3047      	MOVLW      71
0x0087	0x00FD      	MOVWF      R13
L_Delay_5500us5:
0x0088	0x0BFD      	DECFSZ     R13, 1
0x0089	0x2888      	GOTO       L_Delay_5500us5
0x008A	0x0BFC      	DECFSZ     R12, 1
0x008B	0x2888      	GOTO       L_Delay_5500us5
0x008C	0x0000      	NOP
0x008D	0x0000      	NOP
;__Lib_Delays.c,33 :: 		}
L_end_Delay_5500us:
0x008E	0x0008      	RETURN
; end of _Delay_5500us
_Delay_1us:
;__Lib_Delays.c,7 :: 		void Delay_1us() {
;__Lib_Delays.c,8 :: 		Delay_us(1);
0x008F	0x0000      	NOP
0x0090	0x0000      	NOP
;__Lib_Delays.c,9 :: 		}
L_end_Delay_1us:
0x0091	0x0008      	RETURN
; end of _Delay_1us
_Lcd_Cmd:
;__Lib_Lcd.c,18 :: 		
;__Lib_Lcd.c,20 :: 		
0x0092	0x1283      	BCF        STATUS, 5
0x0093	0x1303      	BCF        STATUS, 6
0x0094	0x1BDD      	BTFSC      FARG_Lcd_Cmd_out_char, 7
0x0095	0x2898      	GOTO       L__Lcd_Cmd21
0x0096	0x1288      	BCF        LCD_D7, BitPos(LCD_D7+0)
0x0097	0x2899      	GOTO       L__Lcd_Cmd22
L__Lcd_Cmd21:
0x0098	0x1688      	BSF        LCD_D7, BitPos(LCD_D7+0)
L__Lcd_Cmd22:
;__Lib_Lcd.c,21 :: 		
0x0099	0x1B5D      	BTFSC      FARG_Lcd_Cmd_out_char, 6
0x009A	0x289D      	GOTO       L__Lcd_Cmd23
0x009B	0x1208      	BCF        LCD_D6, BitPos(LCD_D6+0)
0x009C	0x289E      	GOTO       L__Lcd_Cmd24
L__Lcd_Cmd23:
0x009D	0x1608      	BSF        LCD_D6, BitPos(LCD_D6+0)
L__Lcd_Cmd24:
;__Lib_Lcd.c,22 :: 		
0x009E	0x1ADD      	BTFSC      FARG_Lcd_Cmd_out_char, 5
0x009F	0x28A2      	GOTO       L__Lcd_Cmd25
0x00A0	0x1188      	BCF        LCD_D5, BitPos(LCD_D5+0)
0x00A1	0x28A3      	GOTO       L__Lcd_Cmd26
L__Lcd_Cmd25:
0x00A2	0x1588      	BSF        LCD_D5, BitPos(LCD_D5+0)
L__Lcd_Cmd26:
;__Lib_Lcd.c,23 :: 		
0x00A3	0x1A5D      	BTFSC      FARG_Lcd_Cmd_out_char, 4
0x00A4	0x28A7      	GOTO       L__Lcd_Cmd27
0x00A5	0x1108      	BCF        LCD_D4, BitPos(LCD_D4+0)
0x00A6	0x28A8      	GOTO       L__Lcd_Cmd28
L__Lcd_Cmd27:
0x00A7	0x1508      	BSF        LCD_D4, BitPos(LCD_D4+0)
L__Lcd_Cmd28:
;__Lib_Lcd.c,25 :: 		
0x00A8	0x184A      	BTFSC      __Lib_Lcd_cmd_status, BitPos(__Lib_Lcd_cmd_status+0)
0x00A9	0x28AC      	GOTO       L__Lcd_Cmd29
0x00AA	0x1408      	BSF        LCD_RS, BitPos(LCD_RS+0)
0x00AB	0x28AD      	GOTO       L__Lcd_Cmd30
L__Lcd_Cmd29:
0x00AC	0x1008      	BCF        LCD_RS, BitPos(LCD_RS+0)
L__Lcd_Cmd30:
;__Lib_Lcd.c,28 :: 		
0x00AD	0x1488      	BSF        LCD_EN, BitPos(LCD_EN+0)
;__Lib_Lcd.c,29 :: 		
0x00AE	0x208F      	CALL       _Delay_1us
;__Lib_Lcd.c,30 :: 		
0x00AF	0x1088      	BCF        LCD_EN, BitPos(LCD_EN+0)
;__Lib_Lcd.c,33 :: 		
0x00B0	0x19DD      	BTFSC      FARG_Lcd_Cmd_out_char, 3
0x00B1	0x28B4      	GOTO       L__Lcd_Cmd31
0x00B2	0x1288      	BCF        LCD_D7, BitPos(LCD_D7+0)
0x00B3	0x28B5      	GOTO       L__Lcd_Cmd32
L__Lcd_Cmd31:
0x00B4	0x1688      	BSF        LCD_D7, BitPos(LCD_D7+0)
L__Lcd_Cmd32:
;__Lib_Lcd.c,34 :: 		
0x00B5	0x195D      	BTFSC      FARG_Lcd_Cmd_out_char, 2
0x00B6	0x28B9      	GOTO       L__Lcd_Cmd33
0x00B7	0x1208      	BCF        LCD_D6, BitPos(LCD_D6+0)
0x00B8	0x28BA      	GOTO       L__Lcd_Cmd34
L__Lcd_Cmd33:
0x00B9	0x1608      	BSF        LCD_D6, BitPos(LCD_D6+0)
L__Lcd_Cmd34:
;__Lib_Lcd.c,35 :: 		
0x00BA	0x18DD      	BTFSC      FARG_Lcd_Cmd_out_char, 1
0x00BB	0x28BE      	GOTO       L__Lcd_Cmd35
0x00BC	0x1188      	BCF        LCD_D5, BitPos(LCD_D5+0)
0x00BD	0x28BF      	GOTO       L__Lcd_Cmd36
L__Lcd_Cmd35:
0x00BE	0x1588      	BSF        LCD_D5, BitPos(LCD_D5+0)
L__Lcd_Cmd36:
;__Lib_Lcd.c,36 :: 		
0x00BF	0x185D      	BTFSC      FARG_Lcd_Cmd_out_char, 0
0x00C0	0x28C3      	GOTO       L__Lcd_Cmd37
0x00C1	0x1108      	BCF        LCD_D4, BitPos(LCD_D4+0)
0x00C2	0x28C4      	GOTO       L__Lcd_Cmd38
L__Lcd_Cmd37:
0x00C3	0x1508      	BSF        LCD_D4, BitPos(LCD_D4+0)
L__Lcd_Cmd38:
;__Lib_Lcd.c,38 :: 		
0x00C4	0x184A      	BTFSC      __Lib_Lcd_cmd_status, BitPos(__Lib_Lcd_cmd_status+0)
0x00C5	0x28C8      	GOTO       L__Lcd_Cmd39
0x00C6	0x1408      	BSF        LCD_RS, BitPos(LCD_RS+0)
0x00C7	0x28C9      	GOTO       L__Lcd_Cmd40
L__Lcd_Cmd39:
0x00C8	0x1008      	BCF        LCD_RS, BitPos(LCD_RS+0)
L__Lcd_Cmd40:
;__Lib_Lcd.c,40 :: 		
0x00C9	0x1488      	BSF        LCD_EN, BitPos(LCD_EN+0)
;__Lib_Lcd.c,41 :: 		
0x00CA	0x208F      	CALL       _Delay_1us
;__Lib_Lcd.c,42 :: 		
0x00CB	0x1088      	BCF        LCD_EN, BitPos(LCD_EN+0)
;__Lib_Lcd.c,44 :: 		
0x00CC	0x1C4A      	BTFSS      __Lib_Lcd_cmd_status, BitPos(__Lib_Lcd_cmd_status+0)
0x00CD	0x28D0      	GOTO       L_Lcd_Cmd0
;__Lib_Lcd.c,45 :: 		
0x00CE	0x2082      	CALL       _Delay_5500us
0x00CF	0x28D1      	GOTO       L_Lcd_Cmd1
L_Lcd_Cmd0:
;__Lib_Lcd.c,47 :: 		
0x00D0	0x207B      	CALL       _Delay_50us
L_Lcd_Cmd1:
;__Lib_Lcd.c,48 :: 		
L_end_Lcd_Cmd:
0x00D1	0x0008      	RETURN
; end of _Lcd_Cmd
_Lcd_Chr_CP:
;__Lib_Lcd.c,50 :: 		
;__Lib_Lcd.c,52 :: 		
0x00D2	0x1283      	BCF        STATUS, 5
0x00D3	0x1303      	BCF        STATUS, 6
0x00D4	0x104A      	BCF        __Lib_Lcd_cmd_status, BitPos(__Lib_Lcd_cmd_status+0)
;__Lib_Lcd.c,53 :: 		
0x00D5	0x085C      	MOVF       FARG_Lcd_Chr_CP_out_char, 0
0x00D6	0x00DD      	MOVWF      FARG_Lcd_Cmd_out_char
0x00D7	0x2092      	CALL       _Lcd_Cmd
;__Lib_Lcd.c,54 :: 		
0x00D8	0x144A      	BSF        __Lib_Lcd_cmd_status, BitPos(__Lib_Lcd_cmd_status+0)
;__Lib_Lcd.c,55 :: 		
L_end_Lcd_Chr_CP:
0x00D9	0x0008      	RETURN
; end of _Lcd_Chr_CP
_____DoICP:
;__Lib_System.c,6 :: 		
;__Lib_System.c,9 :: 		
0x00DA	0x1283      	BCF        STATUS, 5
0x00DB	0x1303      	BCF        STATUS, 6
0x00DC	0x084C      	MOVF       ___DoICPAddr+1, 0
0x00DD	0x008A      	MOVWF      PCLATH
;__Lib_System.c,10 :: 		
0x00DE	0x084B      	MOVF       ___DoICPAddr, 0
0x00DF	0x0082      	MOVWF      PCL
;__Lib_System.c,12 :: 		
L_end_____DoICP:
0x00E0	0x0008      	RETURN
; end of _____DoICP
_Div_8X8_U:
;__Lib_Math.c,189 :: 		
;__Lib_Math.c,196 :: 		
0x00E1	0x1283      	BCF        STATUS, 5
;__Lib_Math.c,197 :: 		
0x00E2	0x1303      	BCF        STATUS, 6
;__Lib_Math.c,198 :: 		
0x00E3	0x01F8      	CLRF       R8
;__Lib_Math.c,199 :: 		
0x00E4	0x3008      	MOVLW      8
;__Lib_Math.c,200 :: 		
0x00E5	0x00FC      	MOVWF      R12
;__Lib_Math.c,201 :: 		
0x00E6	0x0D70      	RLF        R0, 0
;__Lib_Math.c,202 :: 		
0x00E7	0x0DF8      	RLF        R8, 1
;__Lib_Math.c,203 :: 		
0x00E8	0x0874      	MOVF       R4, 0
;__Lib_Math.c,204 :: 		
0x00E9	0x02F8      	SUBWF      R8, 1
;__Lib_Math.c,205 :: 		
0x00EA	0x1803      	BTFSC      STATUS, 0
;__Lib_Math.c,206 :: 		
0x00EB	0x28EE      	GOTO       $+3
;__Lib_Math.c,207 :: 		
0x00EC	0x07F8      	ADDWF      R8, 1
;__Lib_Math.c,208 :: 		
0x00ED	0x1003      	BCF        STATUS, 0
;__Lib_Math.c,209 :: 		
0x00EE	0x0DF0      	RLF        R0, 1
;__Lib_Math.c,210 :: 		
0x00EF	0x0BFC      	DECFSZ     R12, 1
;__Lib_Math.c,211 :: 		
0x00F0	0x28E6      	GOTO       $-10
;__Lib_Math.c,213 :: 		
L_end_Div_8X8_U:
0x00F1	0x0008      	RETURN
; end of _Div_8X8_U
_Lcd_Out:
;__Lib_Lcd.c,184 :: 		
;__Lib_Lcd.c,187 :: 		
0x00F2	0x2904      	GOTO       L_Lcd_Out11
;__Lib_Lcd.c,188 :: 		
L_Lcd_Out13:
0x00F3	0x3080      	MOVLW      128
0x00F4	0x1283      	BCF        STATUS, 5
0x00F5	0x1303      	BCF        STATUS, 6
0x00F6	0x00D8      	MOVWF      FARG_Lcd_Out_row
0x00F7	0x2917      	GOTO       L_Lcd_Out12
;__Lib_Lcd.c,189 :: 		
L_Lcd_Out14:
0x00F8	0x30C0      	MOVLW      192
0x00F9	0x00D8      	MOVWF      FARG_Lcd_Out_row
0x00FA	0x2917      	GOTO       L_Lcd_Out12
;__Lib_Lcd.c,190 :: 		
L_Lcd_Out15:
0x00FB	0x3094      	MOVLW      148
0x00FC	0x00D8      	MOVWF      FARG_Lcd_Out_row
0x00FD	0x2917      	GOTO       L_Lcd_Out12
;__Lib_Lcd.c,191 :: 		
L_Lcd_Out16:
0x00FE	0x30D4      	MOVLW      212
0x00FF	0x00D8      	MOVWF      FARG_Lcd_Out_row
0x0100	0x2917      	GOTO       L_Lcd_Out12
;__Lib_Lcd.c,192 :: 		
L_Lcd_Out17:
0x0101	0x3080      	MOVLW      128
0x0102	0x00D8      	MOVWF      FARG_Lcd_Out_row
;__Lib_Lcd.c,193 :: 		
0x0103	0x2917      	GOTO       L_Lcd_Out12
L_Lcd_Out11:
0x0104	0x1283      	BCF        STATUS, 5
0x0105	0x1303      	BCF        STATUS, 6
0x0106	0x0858      	MOVF       FARG_Lcd_Out_row, 0
0x0107	0x3A01      	XORLW      1
0x0108	0x1903      	BTFSC      STATUS, 2
0x0109	0x28F3      	GOTO       L_Lcd_Out13
0x010A	0x0858      	MOVF       FARG_Lcd_Out_row, 0
0x010B	0x3A02      	XORLW      2
0x010C	0x1903      	BTFSC      STATUS, 2
0x010D	0x28F8      	GOTO       L_Lcd_Out14
0x010E	0x0858      	MOVF       FARG_Lcd_Out_row, 0
0x010F	0x3A03      	XORLW      3
0x0110	0x1903      	BTFSC      STATUS, 2
0x0111	0x28FB      	GOTO       L_Lcd_Out15
0x0112	0x0858      	MOVF       FARG_Lcd_Out_row, 0
0x0113	0x3A04      	XORLW      4
0x0114	0x1903      	BTFSC      STATUS, 2
0x0115	0x28FE      	GOTO       L_Lcd_Out16
0x0116	0x2901      	GOTO       L_Lcd_Out17
L_Lcd_Out12:
;__Lib_Lcd.c,194 :: 		
0x0117	0x0359      	DECF       FARG_Lcd_Out_column, 0
0x0118	0x00F0      	MOVWF      R0
0x0119	0x0858      	MOVF       FARG_Lcd_Out_row, 0
0x011A	0x07F0      	ADDWF      R0, 1
0x011B	0x0870      	MOVF       R0, 0
0x011C	0x00D8      	MOVWF      FARG_Lcd_Out_row
;__Lib_Lcd.c,196 :: 		
0x011D	0x0870      	MOVF       R0, 0
0x011E	0x00DD      	MOVWF      FARG_Lcd_Cmd_out_char
0x011F	0x2092      	CALL       _Lcd_Cmd
;__Lib_Lcd.c,197 :: 		
0x0120	0x104A      	BCF        __Lib_Lcd_cmd_status, BitPos(__Lib_Lcd_cmd_status+0)
;__Lib_Lcd.c,198 :: 		
0x0121	0x01DB      	CLRF       Lcd_Out_i_L0
;__Lib_Lcd.c,199 :: 		
L_Lcd_Out18:
0x0122	0x085B      	MOVF       Lcd_Out_i_L0, 0
0x0123	0x075A      	ADDWF      FARG_Lcd_Out_text, 0
0x0124	0x0084      	MOVWF      FSR
0x0125	0x0800      	MOVF       INDF, 0
0x0126	0x1903      	BTFSC      STATUS, 2
0x0127	0x2930      	GOTO       L_Lcd_Out19
;__Lib_Lcd.c,200 :: 		
0x0128	0x085B      	MOVF       Lcd_Out_i_L0, 0
0x0129	0x075A      	ADDWF      FARG_Lcd_Out_text, 0
0x012A	0x0084      	MOVWF      FSR
0x012B	0x0800      	MOVF       INDF, 0
0x012C	0x00DC      	MOVWF      FARG_Lcd_Chr_CP_out_char
0x012D	0x20D2      	CALL       _Lcd_Chr_CP
0x012E	0x0ADB      	INCF       Lcd_Out_i_L0, 1
0x012F	0x2922      	GOTO       L_Lcd_Out18
L_Lcd_Out19:
;__Lib_Lcd.c,201 :: 		
0x0130	0x144A      	BSF        __Lib_Lcd_cmd_status, BitPos(__Lib_Lcd_cmd_status+0)
;__Lib_Lcd.c,202 :: 		
L_end_Lcd_Out:
0x0131	0x0008      	RETURN
; end of _Lcd_Out
_setClock:
;MyProject.c,31 :: 		void setClock()
;MyProject.c,33 :: 		clock[0] = sat / 10 + 48;
0x0132	0x300A      	MOVLW      10
0x0133	0x1283      	BCF        STATUS, 5
0x0134	0x1303      	BCF        STATUS, 6
0x0135	0x00F4      	MOVWF      R4
0x0136	0x0848      	MOVF       _sat, 0
0x0137	0x00F0      	MOVWF      R0
0x0138	0x20E1      	CALL       _Div_8X8_U
0x0139	0x3030      	MOVLW      48
0x013A	0x0770      	ADDWF      R0, 0
0x013B	0x00CD      	MOVWF      _clock
;MyProject.c,34 :: 		clock[1] = sat % 10 + 48;
0x013C	0x300A      	MOVLW      10
0x013D	0x00F4      	MOVWF      R4
0x013E	0x0848      	MOVF       _sat, 0
0x013F	0x00F0      	MOVWF      R0
0x0140	0x20E1      	CALL       _Div_8X8_U
0x0141	0x0878      	MOVF       R8, 0
0x0142	0x00F0      	MOVWF      R0
0x0143	0x3030      	MOVLW      48
0x0144	0x0770      	ADDWF      R0, 0
0x0145	0x00CE      	MOVWF      _clock+1
;MyProject.c,35 :: 		clock[2] = 58;
0x0146	0x303A      	MOVLW      58
0x0147	0x00CF      	MOVWF      _clock+2
;MyProject.c,36 :: 		clock[3] = minuta / 10 + 48;
0x0148	0x300A      	MOVLW      10
0x0149	0x00F4      	MOVWF      R4
0x014A	0x0847      	MOVF       _minuta, 0
0x014B	0x00F0      	MOVWF      R0
0x014C	0x20E1      	CALL       _Div_8X8_U
0x014D	0x3030      	MOVLW      48
0x014E	0x0770      	ADDWF      R0, 0
0x014F	0x00D0      	MOVWF      _clock+3
;MyProject.c,37 :: 		clock[4] = minuta % 10 + 48;
0x0150	0x300A      	MOVLW      10
0x0151	0x00F4      	MOVWF      R4
0x0152	0x0847      	MOVF       _minuta, 0
0x0153	0x00F0      	MOVWF      R0
0x0154	0x20E1      	CALL       _Div_8X8_U
0x0155	0x0878      	MOVF       R8, 0
0x0156	0x00F0      	MOVWF      R0
0x0157	0x3030      	MOVLW      48
0x0158	0x0770      	ADDWF      R0, 0
0x0159	0x00D1      	MOVWF      _clock+4
;MyProject.c,38 :: 		clock[5] = 58;
0x015A	0x303A      	MOVLW      58
0x015B	0x00D2      	MOVWF      _clock+5
;MyProject.c,39 :: 		clock[6] = sekunda / 10 + 48;
0x015C	0x300A      	MOVLW      10
0x015D	0x00F4      	MOVWF      R4
0x015E	0x0846      	MOVF       _sekunda, 0
0x015F	0x00F0      	MOVWF      R0
0x0160	0x20E1      	CALL       _Div_8X8_U
0x0161	0x3030      	MOVLW      48
0x0162	0x0770      	ADDWF      R0, 0
0x0163	0x00D3      	MOVWF      _clock+6
;MyProject.c,40 :: 		clock[7] = sekunda % 10 + 48;
0x0164	0x300A      	MOVLW      10
0x0165	0x00F4      	MOVWF      R4
0x0166	0x0846      	MOVF       _sekunda, 0
0x0167	0x00F0      	MOVWF      R0
0x0168	0x20E1      	CALL       _Div_8X8_U
0x0169	0x0878      	MOVF       R8, 0
0x016A	0x00F0      	MOVWF      R0
0x016B	0x3030      	MOVLW      48
0x016C	0x0770      	ADDWF      R0, 0
0x016D	0x00D4      	MOVWF      _clock+7
;MyProject.c,41 :: 		}
L_end_setClock:
0x016E	0x0008      	RETURN
; end of _setClock
_initIoC:
;MyProject.c,117 :: 		void initIoC()
;MyProject.c,120 :: 		ANSELH = 0;
0x016F	0x1683      	BSF        STATUS, 5
0x0170	0x1703      	BSF        STATUS, 6
0x0171	0x0189      	CLRF       ANSELH
;MyProject.c,121 :: 		TRISB.B0 = 1;
0x0172	0x1406      	BSF        TRISB, 0
;MyProject.c,122 :: 		TRISB.B1 = 1;
0x0173	0x1486      	BSF        TRISB, 1
;MyProject.c,123 :: 		TRISB.B2 = 1;
0x0174	0x1506      	BSF        TRISB, 2
;MyProject.c,124 :: 		RBIE_bit = 1;
0x0175	0x158B      	BSF        RBIE_bit, BitPos(RBIE_bit+0)
;MyProject.c,125 :: 		IOCB0_bit = 1;
0x0176	0x1303      	BCF        STATUS, 6
0x0177	0x1416      	BSF        IOCB0_bit, BitPos(IOCB0_bit+0)
;MyProject.c,126 :: 		IOCB1_bit = 1;
0x0178	0x1496      	BSF        IOCB1_bit, BitPos(IOCB1_bit+0)
;MyProject.c,127 :: 		IOCB2_bit = 1;
0x0179	0x1516      	BSF        IOCB2_bit, BitPos(IOCB2_bit+0)
;MyProject.c,128 :: 		}
L_end_initIoC:
0x017A	0x0008      	RETURN
; end of _initIoC
_Lcd_Init:
;__Lib_Lcd.c,84 :: 		
;__Lib_Lcd.c,86 :: 		
0x017B	0x1683      	BSF        STATUS, 5
0x017C	0x1303      	BCF        STATUS, 6
0x017D	0x1088      	BCF        LCD_EN_Direction, BitPos(LCD_EN_Direction+0)
;__Lib_Lcd.c,87 :: 		
0x017E	0x1008      	BCF        LCD_RS_Direction, BitPos(LCD_RS_Direction+0)
;__Lib_Lcd.c,88 :: 		
0x017F	0x1108      	BCF        LCD_D4_Direction, BitPos(LCD_D4_Direction+0)
;__Lib_Lcd.c,89 :: 		
0x0180	0x1188      	BCF        LCD_D5_Direction, BitPos(LCD_D5_Direction+0)
;__Lib_Lcd.c,90 :: 		
0x0181	0x1208      	BCF        LCD_D6_Direction, BitPos(LCD_D6_Direction+0)
;__Lib_Lcd.c,91 :: 		
0x0182	0x1288      	BCF        LCD_D7_Direction, BitPos(LCD_D7_Direction+0)
;__Lib_Lcd.c,93 :: 		
0x0183	0x1283      	BCF        STATUS, 5
0x0184	0x1088      	BCF        LCD_EN, BitPos(LCD_EN+0)
;__Lib_Lcd.c,94 :: 		
0x0185	0x1008      	BCF        LCD_RS, BitPos(LCD_RS+0)
;__Lib_Lcd.c,95 :: 		
0x0186	0x1288      	BCF        LCD_D7, BitPos(LCD_D7+0)
;__Lib_Lcd.c,96 :: 		
0x0187	0x1208      	BCF        LCD_D6, BitPos(LCD_D6+0)
;__Lib_Lcd.c,97 :: 		
0x0188	0x1188      	BCF        LCD_D5, BitPos(LCD_D5+0)
;__Lib_Lcd.c,98 :: 		
0x0189	0x1108      	BCF        LCD_D4, BitPos(LCD_D4+0)
;__Lib_Lcd.c,100 :: 		
0x018A	0x2082      	CALL       _Delay_5500us
;__Lib_Lcd.c,101 :: 		
0x018B	0x2082      	CALL       _Delay_5500us
;__Lib_Lcd.c,102 :: 		
0x018C	0x2082      	CALL       _Delay_5500us
;__Lib_Lcd.c,105 :: 		
0x018D	0x1588      	BSF        LCD_D5, BitPos(LCD_D5+0)
;__Lib_Lcd.c,106 :: 		
0x018E	0x1508      	BSF        LCD_D4, BitPos(LCD_D4+0)
;__Lib_Lcd.c,107 :: 		
0x018F	0x1488      	BSF        LCD_EN, BitPos(LCD_EN+0)
;__Lib_Lcd.c,108 :: 		
0x0190	0x208F      	CALL       _Delay_1us
;__Lib_Lcd.c,109 :: 		
0x0191	0x1088      	BCF        LCD_EN, BitPos(LCD_EN+0)
;__Lib_Lcd.c,110 :: 		
0x0192	0x2082      	CALL       _Delay_5500us
;__Lib_Lcd.c,112 :: 		
0x0193	0x1488      	BSF        LCD_EN, BitPos(LCD_EN+0)
;__Lib_Lcd.c,113 :: 		
0x0194	0x208F      	CALL       _Delay_1us
;__Lib_Lcd.c,114 :: 		
0x0195	0x1088      	BCF        LCD_EN, BitPos(LCD_EN+0)
;__Lib_Lcd.c,115 :: 		
0x0196	0x2082      	CALL       _Delay_5500us
;__Lib_Lcd.c,117 :: 		
0x0197	0x1488      	BSF        LCD_EN, BitPos(LCD_EN+0)
;__Lib_Lcd.c,118 :: 		
0x0198	0x208F      	CALL       _Delay_1us
;__Lib_Lcd.c,119 :: 		
0x0199	0x1088      	BCF        LCD_EN, BitPos(LCD_EN+0)
;__Lib_Lcd.c,120 :: 		
0x019A	0x2082      	CALL       _Delay_5500us
;__Lib_Lcd.c,123 :: 		
0x019B	0x1108      	BCF        LCD_D4, BitPos(LCD_D4+0)
;__Lib_Lcd.c,124 :: 		
0x019C	0x1488      	BSF        LCD_EN, BitPos(LCD_EN+0)
;__Lib_Lcd.c,125 :: 		
0x019D	0x208F      	CALL       _Delay_1us
;__Lib_Lcd.c,126 :: 		
0x019E	0x1088      	BCF        LCD_EN, BitPos(LCD_EN+0)
;__Lib_Lcd.c,127 :: 		
0x019F	0x2082      	CALL       _Delay_5500us
;__Lib_Lcd.c,130 :: 		
0x01A0	0x1488      	BSF        LCD_EN, BitPos(LCD_EN+0)
;__Lib_Lcd.c,131 :: 		
0x01A1	0x208F      	CALL       _Delay_1us
;__Lib_Lcd.c,132 :: 		
0x01A2	0x1088      	BCF        LCD_EN, BitPos(LCD_EN+0)
;__Lib_Lcd.c,134 :: 		
0x01A3	0x1188      	BCF        LCD_D5, BitPos(LCD_D5+0)
;__Lib_Lcd.c,135 :: 		
0x01A4	0x1688      	BSF        LCD_D7, BitPos(LCD_D7+0)
;__Lib_Lcd.c,136 :: 		
0x01A5	0x1488      	BSF        LCD_EN, BitPos(LCD_EN+0)
;__Lib_Lcd.c,137 :: 		
0x01A6	0x208F      	CALL       _Delay_1us
;__Lib_Lcd.c,138 :: 		
0x01A7	0x1088      	BCF        LCD_EN, BitPos(LCD_EN+0)
;__Lib_Lcd.c,139 :: 		
0x01A8	0x2082      	CALL       _Delay_5500us
;__Lib_Lcd.c,142 :: 		
0x01A9	0x1288      	BCF        LCD_D7, BitPos(LCD_D7+0)
;__Lib_Lcd.c,143 :: 		
0x01AA	0x1508      	BSF        LCD_D4, BitPos(LCD_D4+0)
;__Lib_Lcd.c,144 :: 		
0x01AB	0x1488      	BSF        LCD_EN, BitPos(LCD_EN+0)
;__Lib_Lcd.c,145 :: 		
0x01AC	0x208F      	CALL       _Delay_1us
;__Lib_Lcd.c,146 :: 		
0x01AD	0x1088      	BCF        LCD_EN, BitPos(LCD_EN+0)
;__Lib_Lcd.c,148 :: 		
0x01AE	0x1108      	BCF        LCD_D4, BitPos(LCD_D4+0)
;__Lib_Lcd.c,149 :: 		
0x01AF	0x1488      	BSF        LCD_EN, BitPos(LCD_EN+0)
;__Lib_Lcd.c,150 :: 		
0x01B0	0x208F      	CALL       _Delay_1us
;__Lib_Lcd.c,151 :: 		
0x01B1	0x1088      	BCF        LCD_EN, BitPos(LCD_EN+0)
;__Lib_Lcd.c,152 :: 		
0x01B2	0x2082      	CALL       _Delay_5500us
;__Lib_Lcd.c,155 :: 		
0x01B3	0x1488      	BSF        LCD_EN, BitPos(LCD_EN+0)
;__Lib_Lcd.c,156 :: 		
0x01B4	0x208F      	CALL       _Delay_1us
;__Lib_Lcd.c,157 :: 		
0x01B5	0x1088      	BCF        LCD_EN, BitPos(LCD_EN+0)
;__Lib_Lcd.c,159 :: 		
0x01B6	0x1508      	BSF        LCD_D4, BitPos(LCD_D4+0)
;__Lib_Lcd.c,160 :: 		
0x01B7	0x1488      	BSF        LCD_EN, BitPos(LCD_EN+0)
;__Lib_Lcd.c,161 :: 		
0x01B8	0x208F      	CALL       _Delay_1us
;__Lib_Lcd.c,162 :: 		
0x01B9	0x1088      	BCF        LCD_EN, BitPos(LCD_EN+0)
;__Lib_Lcd.c,163 :: 		
0x01BA	0x2082      	CALL       _Delay_5500us
;__Lib_Lcd.c,166 :: 		
0x01BB	0x1108      	BCF        LCD_D4, BitPos(LCD_D4+0)
;__Lib_Lcd.c,167 :: 		
0x01BC	0x1488      	BSF        LCD_EN, BitPos(LCD_EN+0)
;__Lib_Lcd.c,168 :: 		
0x01BD	0x208F      	CALL       _Delay_1us
;__Lib_Lcd.c,169 :: 		
0x01BE	0x1088      	BCF        LCD_EN, BitPos(LCD_EN+0)
;__Lib_Lcd.c,171 :: 		
0x01BF	0x1688      	BSF        LCD_D7, BitPos(LCD_D7+0)
;__Lib_Lcd.c,172 :: 		
0x01C0	0x1608      	BSF        LCD_D6, BitPos(LCD_D6+0)
;__Lib_Lcd.c,173 :: 		
0x01C1	0x1588      	BSF        LCD_D5, BitPos(LCD_D5+0)
;__Lib_Lcd.c,174 :: 		
0x01C2	0x1508      	BSF        LCD_D4, BitPos(LCD_D4+0)
;__Lib_Lcd.c,175 :: 		
0x01C3	0x1488      	BSF        LCD_EN, BitPos(LCD_EN+0)
;__Lib_Lcd.c,176 :: 		
0x01C4	0x208F      	CALL       _Delay_1us
;__Lib_Lcd.c,177 :: 		
0x01C5	0x1088      	BCF        LCD_EN, BitPos(LCD_EN+0)
;__Lib_Lcd.c,179 :: 		
0x01C6	0x2082      	CALL       _Delay_5500us
;__Lib_Lcd.c,181 :: 		
0x01C7	0x144A      	BSF        __Lib_Lcd_cmd_status, BitPos(__Lib_Lcd_cmd_status+0)
;__Lib_Lcd.c,182 :: 		
L_end_Lcd_Init:
0x01C8	0x0008      	RETURN
; end of _Lcd_Init
___CC2DW:
;__Lib_System.c,134 :: 		
;__Lib_System.c,137 :: 		
_CC2D_Loop1:
;__Lib_System.c,139 :: 		
0x01C9	0x20DA      	CALL       _____DoICP
0x01CA	0x118A      	BCF        PCLATH, 3
0x01CB	0x120A      	BCF        PCLATH, 4
;__Lib_System.c,141 :: 		
0x01CC	0x0080      	MOVWF      INDF
;__Lib_System.c,142 :: 		
0x01CD	0x0A84      	INCF       FSR, 1
;__Lib_System.c,143 :: 		
0x01CE	0x0ACB      	INCF       ___DoICPAddr, 1
;__Lib_System.c,145 :: 		
0x01CF	0x1903      	BTFSC      STATUS, 2
;__Lib_System.c,146 :: 		
0x01D0	0x0ACC      	INCF       ___DoICPAddr+1, 1
;__Lib_System.c,147 :: 		
0x01D1	0x03F0      	DECF       R0, 1
;__Lib_System.c,149 :: 		
0x01D2	0x1D03      	BTFSS      STATUS, 2
;__Lib_System.c,150 :: 		
0x01D3	0x29C9      	GOTO       _CC2D_Loop1
;__Lib_System.c,152 :: 		
L_end___CC2DW:
0x01D4	0x0008      	RETURN
; end of ___CC2DW
_initTimer:
;MyProject.c,20 :: 		void initTimer()
;MyProject.c,22 :: 		OPTION_REG = 0x07;
0x01D5	0x3007      	MOVLW      7
0x01D6	0x1683      	BSF        STATUS, 5
0x01D7	0x1303      	BCF        STATUS, 6
0x01D8	0x0081      	MOVWF      OPTION_REG
;MyProject.c,23 :: 		TMR0= 63;
0x01D9	0x303F      	MOVLW      63
0x01DA	0x1283      	BCF        STATUS, 5
0x01DB	0x0081      	MOVWF      TMR0
;MyProject.c,24 :: 		GIE_bit = 1;
0x01DC	0x178B      	BSF        GIE_bit, BitPos(GIE_bit+0)
;MyProject.c,25 :: 		TMR0IE_bit = 1;
0x01DD	0x168B      	BSF        TMR0IE_bit, BitPos(TMR0IE_bit+0)
;MyProject.c,26 :: 		}
L_end_initTimer:
0x01DE	0x0008      	RETURN
; end of _initTimer
_main:
0x01DF	0x2250      	CALL       592
;MyProject.c,130 :: 		void main() {
;MyProject.c,131 :: 		Lcd_Init();
0x01E0	0x217B      	CALL       _Lcd_Init
;MyProject.c,132 :: 		Lcd_Cmd(_LCD_CURSOR_OFF);
0x01E1	0x300C      	MOVLW      12
0x01E2	0x00DD      	MOVWF      FARG_Lcd_Cmd_out_char
0x01E3	0x2092      	CALL       _Lcd_Cmd
;MyProject.c,133 :: 		initTimer();
0x01E4	0x21D5      	CALL       _initTimer
;MyProject.c,134 :: 		initIoC();
0x01E5	0x216F      	CALL       _initIoC
;MyProject.c,135 :: 		while(1)
L_main22:
;MyProject.c,137 :: 		setClock();
0x01E6	0x2132      	CALL       _setClock
;MyProject.c,138 :: 		Lcd_Out(1,1,clock);
0x01E7	0x3001      	MOVLW      1
0x01E8	0x00D8      	MOVWF      FARG_Lcd_Out_row
0x01E9	0x3001      	MOVLW      1
0x01EA	0x00D9      	MOVWF      FARG_Lcd_Out_column
0x01EB	0x304D      	MOVLW      _clock
0x01EC	0x00DA      	MOVWF      FARG_Lcd_Out_text
0x01ED	0x20F2      	CALL       _Lcd_Out
;MyProject.c,139 :: 		switch(changePosition)
0x01EE	0x2A0F      	GOTO       L_main24
;MyProject.c,141 :: 		case 0:
L_main26:
;MyProject.c,142 :: 		Lcd_Out(2,1,"        ");
0x01EF	0x3002      	MOVLW      2
0x01F0	0x00D8      	MOVWF      FARG_Lcd_Out_row
0x01F1	0x3001      	MOVLW      1
0x01F2	0x00D9      	MOVWF      FARG_Lcd_Out_column
0x01F3	0x3021      	MOVLW      ?lstr1_MyProject
0x01F4	0x00DA      	MOVWF      FARG_Lcd_Out_text
0x01F5	0x20F2      	CALL       _Lcd_Out
;MyProject.c,143 :: 		break;
0x01F6	0x2A1F      	GOTO       L_main25
;MyProject.c,144 :: 		case 1:
L_main27:
;MyProject.c,145 :: 		Lcd_Out(2,1," -      ");
0x01F7	0x3002      	MOVLW      2
0x01F8	0x00D8      	MOVWF      FARG_Lcd_Out_row
0x01F9	0x3001      	MOVLW      1
0x01FA	0x00D9      	MOVWF      FARG_Lcd_Out_column
0x01FB	0x302B      	MOVLW      ?lstr2_MyProject
0x01FC	0x00DA      	MOVWF      FARG_Lcd_Out_text
0x01FD	0x20F2      	CALL       _Lcd_Out
;MyProject.c,146 :: 		break;
0x01FE	0x2A1F      	GOTO       L_main25
;MyProject.c,147 :: 		case 2:
L_main28:
;MyProject.c,148 :: 		Lcd_Out(2,1,"    -   ");
0x01FF	0x3002      	MOVLW      2
0x0200	0x00D8      	MOVWF      FARG_Lcd_Out_row
0x0201	0x3001      	MOVLW      1
0x0202	0x00D9      	MOVWF      FARG_Lcd_Out_column
0x0203	0x303D      	MOVLW      ?lstr3_MyProject
0x0204	0x00DA      	MOVWF      FARG_Lcd_Out_text
0x0205	0x20F2      	CALL       _Lcd_Out
;MyProject.c,149 :: 		break;
0x0206	0x2A1F      	GOTO       L_main25
;MyProject.c,150 :: 		case 3:
L_main29:
;MyProject.c,151 :: 		Lcd_Out(2,1,"       -");
0x0207	0x3002      	MOVLW      2
0x0208	0x00D8      	MOVWF      FARG_Lcd_Out_row
0x0209	0x3001      	MOVLW      1
0x020A	0x00D9      	MOVWF      FARG_Lcd_Out_column
0x020B	0x3034      	MOVLW      ?lstr4_MyProject
0x020C	0x00DA      	MOVWF      FARG_Lcd_Out_text
0x020D	0x20F2      	CALL       _Lcd_Out
;MyProject.c,152 :: 		break;
0x020E	0x2A1F      	GOTO       L_main25
;MyProject.c,153 :: 		}
L_main24:
0x020F	0x082A      	MOVF       _changePosition, 0
0x0210	0x3A00      	XORLW      0
0x0211	0x1903      	BTFSC      STATUS, 2
0x0212	0x29EF      	GOTO       L_main26
0x0213	0x082A      	MOVF       _changePosition, 0
0x0214	0x3A01      	XORLW      1
0x0215	0x1903      	BTFSC      STATUS, 2
0x0216	0x29F7      	GOTO       L_main27
0x0217	0x082A      	MOVF       _changePosition, 0
0x0218	0x3A02      	XORLW      2
0x0219	0x1903      	BTFSC      STATUS, 2
0x021A	0x29FF      	GOTO       L_main28
0x021B	0x082A      	MOVF       _changePosition, 0
0x021C	0x3A03      	XORLW      3
0x021D	0x1903      	BTFSC      STATUS, 2
0x021E	0x2A07      	GOTO       L_main29
L_main25:
;MyProject.c,155 :: 		}
0x021F	0x29E6      	GOTO       L_main22
;MyProject.c,156 :: 		}
L_end_main:
0x0220	0x2A20      	GOTO       $+0
; end of _main
0x0250	0x3021      	MOVLW      33
0x0251	0x0084      	MOVWF      FSR
0x0252	0x3029      	MOVLW      41
0x0253	0x1283      	BCF        STATUS, 5
0x0254	0x1303      	BCF        STATUS, 6
0x0255	0x00F0      	MOVWF      R0
0x0256	0x3026      	MOVLW      38
0x0257	0x00CB      	MOVWF      ___DoICPAddr
0x0258	0x3002      	MOVLW      2
0x0259	0x00CC      	MOVWF      76
0x025A	0x21C9      	CALL       457
0x025B	0x0008      	RETURN
;MyProject.c,0 :: ?ICS?lstr1_MyProject
0x0226	0x3420 ;?ICS?lstr1_MyProject+0
0x0227	0x3420 ;?ICS?lstr1_MyProject+1
0x0228	0x3420 ;?ICS?lstr1_MyProject+2
0x0229	0x3420 ;?ICS?lstr1_MyProject+3
0x022A	0x3420 ;?ICS?lstr1_MyProject+4
0x022B	0x3420 ;?ICS?lstr1_MyProject+5
0x022C	0x3420 ;?ICS?lstr1_MyProject+6
0x022D	0x3420 ;?ICS?lstr1_MyProject+7
0x022E	0x3400 ;?ICS?lstr1_MyProject+8
; end of ?ICS?lstr1_MyProject
;MyProject.c,0 :: ?ICS_changePosition
0x022F	0x3400 ;?ICS_changePosition+0
; end of ?ICS_changePosition
;MyProject.c,0 :: ?ICS?lstr2_MyProject
0x0230	0x3420 ;?ICS?lstr2_MyProject+0
0x0231	0x342D ;?ICS?lstr2_MyProject+1
0x0232	0x3420 ;?ICS?lstr2_MyProject+2
0x0233	0x3420 ;?ICS?lstr2_MyProject+3
0x0234	0x3420 ;?ICS?lstr2_MyProject+4
0x0235	0x3420 ;?ICS?lstr2_MyProject+5
0x0236	0x3420 ;?ICS?lstr2_MyProject+6
0x0237	0x3420 ;?ICS?lstr2_MyProject+7
0x0238	0x3400 ;?ICS?lstr2_MyProject+8
; end of ?ICS?lstr2_MyProject
;MyProject.c,0 :: ?ICS?lstr4_MyProject
0x0239	0x3420 ;?ICS?lstr4_MyProject+0
0x023A	0x3420 ;?ICS?lstr4_MyProject+1
0x023B	0x3420 ;?ICS?lstr4_MyProject+2
0x023C	0x3420 ;?ICS?lstr4_MyProject+3
0x023D	0x3420 ;?ICS?lstr4_MyProject+4
0x023E	0x3420 ;?ICS?lstr4_MyProject+5
0x023F	0x3420 ;?ICS?lstr4_MyProject+6
0x0240	0x342D ;?ICS?lstr4_MyProject+7
0x0241	0x3400 ;?ICS?lstr4_MyProject+8
; end of ?ICS?lstr4_MyProject
;MyProject.c,0 :: ?ICS?lstr3_MyProject
0x0242	0x3420 ;?ICS?lstr3_MyProject+0
0x0243	0x3420 ;?ICS?lstr3_MyProject+1
0x0244	0x3420 ;?ICS?lstr3_MyProject+2
0x0245	0x3420 ;?ICS?lstr3_MyProject+3
0x0246	0x342D ;?ICS?lstr3_MyProject+4
0x0247	0x3420 ;?ICS?lstr3_MyProject+5
0x0248	0x3420 ;?ICS?lstr3_MyProject+6
0x0249	0x3420 ;?ICS?lstr3_MyProject+7
0x024A	0x3400 ;?ICS?lstr3_MyProject+8
; end of ?ICS?lstr3_MyProject
;MyProject.c,0 :: ?ICS_sekunda
0x024B	0x3400 ;?ICS_sekunda+0
; end of ?ICS_sekunda
;MyProject.c,0 :: ?ICS_minuta
0x024C	0x3400 ;?ICS_minuta+0
; end of ?ICS_minuta
;MyProject.c,0 :: ?ICS_sat
0x024D	0x3400 ;?ICS_sat+0
; end of ?ICS_sat
;MyProject.c,0 :: ?ICS_counter
0x024E	0x3400 ;?ICS_counter+0
; end of ?ICS_counter
Symbol List:
//** Routines locations **
//ADDRESS    SIZE    PROCEDURE
//----------------------------------------------
0x0004     [119]    _interrupt
0x007B       [7]    _Delay_50us
0x0082      [13]    _Delay_5500us
0x008F       [3]    _Delay_1us
0x0092      [64]    _Lcd_Cmd
0x00D2       [8]    _Lcd_Chr_CP
0x00DA       [7]    _____DoICP
0x00E1      [17]    _Div_8X8_U
0x00F2      [64]    _Lcd_Out
0x0132      [61]    _setClock
0x016F      [12]    _initIoC
0x017B      [78]    _Lcd_Init
0x01C9      [12]    ___CC2DW
0x01D5      [10]    _initTimer
0x01DF      [65]    _main
//** Variables locations ** 
//ADDRESS    SIZE    VARIABLE
//----------------------------------------------
0x0000       [1]    INDF
0x0001       [1]    TMR0
0x0002       [1]    PCL
0x0003       [1]    STATUS
0x0004       [1]    FSR
0x0006       [1]    PORTB
0x0008       [0]    RD1_bit
0x0008       [0]    LCD_EN
0x0008       [0]    RD4_bit
0x0008       [0]    RD5_bit
0x0008       [0]    LCD_D5
0x0008       [0]    LCD_D7
0x0008       [0]    RD2_bit
0x0008       [0]    LCD_D6
0x0008       [0]    LCD_RS
0x0008       [0]    LCD_D4
0x0008       [0]    RD3_bit
0x0008       [0]    RD0_bit
0x000A       [1]    PCLATH
0x000B       [0]    TMR0IF_bit
0x000B       [0]    TMR0IE_bit
0x000B       [0]    GIE_bit
0x000B       [0]    RBIF_bit
0x000B       [0]    RBIE_bit
0x0021       [9]    ?lstr1_MyProject
0x002A       [1]    _changePosition
0x002B       [9]    ?lstr2_MyProject
0x0034       [9]    ?lstr4_MyProject
0x003D       [9]    ?lstr3_MyProject
0x0046       [1]    _sekunda
0x0047       [1]    _minuta
0x0048       [1]    _sat
0x0049       [1]    _counter
0x004A       [0]    __Lib_Lcd_cmd_status
0x004B       [2]    ___DoICPAddr
0x004D       [9]    _clock
0x0056       [1]    ___savePCLATH
0x0057       [1]    ___saveSTATUS
0x0058       [1]    FARG_Lcd_Out_row
0x0059       [1]    FARG_Lcd_Out_column
0x005A       [1]    FARG_Lcd_Out_text
0x005B       [1]    Lcd_Out_i_L0
0x005C       [1]    FARG_Lcd_Chr_CP_out_char
0x005D       [1]    FARG_Lcd_Cmd_out_char
0x0070       [1]    R0
0x0071       [1]    R1
0x0072       [1]    R2
0x0073       [1]    R3
0x0074       [1]    R4
0x0075       [1]    R5
0x0076       [1]    R6
0x0077       [1]    R7
0x0078       [1]    R8
0x0079       [1]    R9
0x007A       [1]    R10
0x007B       [1]    R11
0x007C       [1]    R12
0x007D       [1]    R13
0x007E       [1]    R14
0x007F       [1]    R15
0x0081       [1]    OPTION_REG
0x0086       [1]    TRISB
0x0088       [0]    LCD_EN_Direction
0x0088       [0]    LCD_RS_Direction
0x0088       [0]    TRISD3_bit
0x0088       [0]    LCD_D5_Direction
0x0088       [0]    TRISD1_bit
0x0088       [0]    LCD_D4_Direction
0x0088       [0]    LCD_D7_Direction
0x0088       [0]    LCD_D6_Direction
0x0088       [0]    TRISD5_bit
0x0088       [0]    TRISD0_bit
0x0088       [0]    TRISD4_bit
0x0088       [0]    TRISD2_bit
0x0096       [0]    IOCB1_bit
0x0096       [0]    IOCB0_bit
0x0096       [0]    IOCB2_bit
0x0189       [1]    ANSELH
//** Constants locations ** 
//ADDRESS    SIZE    CONSTANT
//----------------------------------------------
0x0226       [9]    ?ICS?lstr1_MyProject
0x022F       [1]    ?ICS_changePosition
0x0230       [9]    ?ICS?lstr2_MyProject
0x0239       [9]    ?ICS?lstr4_MyProject
0x0242       [9]    ?ICS?lstr3_MyProject
0x024B       [1]    ?ICS_sekunda
0x024C       [1]    ?ICS_minuta
0x024D       [1]    ?ICS_sat
0x024E       [1]    ?ICS_counter
