;  LST file generated by mikroListExporter - v.2.0 
; Date/Time: 11. 9. 2021. 22:17:02
;----------------------------------------------

;Address Opcode 	ASM
0x0000	0x2AB7      	GOTO       695
_Delay_50us:
;__Lib_Delays.c,19 :: 		void Delay_50us() {
;__Lib_Delays.c,20 :: 		Delay_us(50);
0x0003	0x3010      	MOVLW      16
0x0004	0x1283      	BCF        STATUS, 5
0x0005	0x1303      	BCF        STATUS, 6
0x0006	0x00FD      	MOVWF      R13
L_Delay_50us2:
0x0007	0x0BFD      	DECFSZ     R13, 1
0x0008	0x2807      	GOTO       L_Delay_50us2
0x0009	0x0000      	NOP
;__Lib_Delays.c,21 :: 		}
L_end_Delay_50us:
0x000A	0x0008      	RETURN
; end of _Delay_50us
_Delay_5500us:
;__Lib_Delays.c,31 :: 		void Delay_5500us() {
;__Lib_Delays.c,32 :: 		Delay_us(5500);
0x000B	0x3008      	MOVLW      8
0x000C	0x1283      	BCF        STATUS, 5
0x000D	0x1303      	BCF        STATUS, 6
0x000E	0x00FC      	MOVWF      R12
0x000F	0x3023      	MOVLW      35
0x0010	0x00FD      	MOVWF      R13
L_Delay_5500us5:
0x0011	0x0BFD      	DECFSZ     R13, 1
0x0012	0x2811      	GOTO       L_Delay_5500us5
0x0013	0x0BFC      	DECFSZ     R12, 1
0x0014	0x2811      	GOTO       L_Delay_5500us5
;__Lib_Delays.c,33 :: 		}
L_end_Delay_5500us:
0x0015	0x0008      	RETURN
; end of _Delay_5500us
_Delay_1us:
;__Lib_Delays.c,7 :: 		void Delay_1us() {
;__Lib_Delays.c,8 :: 		Delay_us(1);
0x0016	0x0000      	NOP
;__Lib_Delays.c,9 :: 		}
L_end_Delay_1us:
0x0017	0x0008      	RETURN
; end of _Delay_1us
_Lcd_Cmd:
;__Lib_Lcd.c,18 :: 		
;__Lib_Lcd.c,20 :: 		
0x0018	0x1283      	BCF        STATUS, 5
0x0019	0x1303      	BCF        STATUS, 6
0x001A	0x1BCC      	BTFSC      FARG_Lcd_Cmd_out_char, 7
0x001B	0x281E      	GOTO       L__Lcd_Cmd21
0x001C	0x1288      	BCF        LCD_D7, BitPos(LCD_D7+0)
0x001D	0x281F      	GOTO       L__Lcd_Cmd22
L__Lcd_Cmd21:
0x001E	0x1688      	BSF        LCD_D7, BitPos(LCD_D7+0)
L__Lcd_Cmd22:
;__Lib_Lcd.c,21 :: 		
0x001F	0x1B4C      	BTFSC      FARG_Lcd_Cmd_out_char, 6
0x0020	0x2823      	GOTO       L__Lcd_Cmd23
0x0021	0x1208      	BCF        LCD_D6, BitPos(LCD_D6+0)
0x0022	0x2824      	GOTO       L__Lcd_Cmd24
L__Lcd_Cmd23:
0x0023	0x1608      	BSF        LCD_D6, BitPos(LCD_D6+0)
L__Lcd_Cmd24:
;__Lib_Lcd.c,22 :: 		
0x0024	0x1ACC      	BTFSC      FARG_Lcd_Cmd_out_char, 5
0x0025	0x2828      	GOTO       L__Lcd_Cmd25
0x0026	0x1188      	BCF        LCD_D5, BitPos(LCD_D5+0)
0x0027	0x2829      	GOTO       L__Lcd_Cmd26
L__Lcd_Cmd25:
0x0028	0x1588      	BSF        LCD_D5, BitPos(LCD_D5+0)
L__Lcd_Cmd26:
;__Lib_Lcd.c,23 :: 		
0x0029	0x1A4C      	BTFSC      FARG_Lcd_Cmd_out_char, 4
0x002A	0x282D      	GOTO       L__Lcd_Cmd27
0x002B	0x1108      	BCF        LCD_D4, BitPos(LCD_D4+0)
0x002C	0x282E      	GOTO       L__Lcd_Cmd28
L__Lcd_Cmd27:
0x002D	0x1508      	BSF        LCD_D4, BitPos(LCD_D4+0)
L__Lcd_Cmd28:
;__Lib_Lcd.c,25 :: 		
0x002E	0x183C      	BTFSC      __Lib_Lcd_cmd_status, BitPos(__Lib_Lcd_cmd_status+0)
0x002F	0x2832      	GOTO       L__Lcd_Cmd29
0x0030	0x1408      	BSF        LCD_RS, BitPos(LCD_RS+0)
0x0031	0x2833      	GOTO       L__Lcd_Cmd30
L__Lcd_Cmd29:
0x0032	0x1008      	BCF        LCD_RS, BitPos(LCD_RS+0)
L__Lcd_Cmd30:
;__Lib_Lcd.c,28 :: 		
0x0033	0x1488      	BSF        LCD_EN, BitPos(LCD_EN+0)
;__Lib_Lcd.c,29 :: 		
0x0034	0x2016      	CALL       _Delay_1us
;__Lib_Lcd.c,30 :: 		
0x0035	0x1088      	BCF        LCD_EN, BitPos(LCD_EN+0)
;__Lib_Lcd.c,33 :: 		
0x0036	0x19CC      	BTFSC      FARG_Lcd_Cmd_out_char, 3
0x0037	0x283A      	GOTO       L__Lcd_Cmd31
0x0038	0x1288      	BCF        LCD_D7, BitPos(LCD_D7+0)
0x0039	0x283B      	GOTO       L__Lcd_Cmd32
L__Lcd_Cmd31:
0x003A	0x1688      	BSF        LCD_D7, BitPos(LCD_D7+0)
L__Lcd_Cmd32:
;__Lib_Lcd.c,34 :: 		
0x003B	0x194C      	BTFSC      FARG_Lcd_Cmd_out_char, 2
0x003C	0x283F      	GOTO       L__Lcd_Cmd33
0x003D	0x1208      	BCF        LCD_D6, BitPos(LCD_D6+0)
0x003E	0x2840      	GOTO       L__Lcd_Cmd34
L__Lcd_Cmd33:
0x003F	0x1608      	BSF        LCD_D6, BitPos(LCD_D6+0)
L__Lcd_Cmd34:
;__Lib_Lcd.c,35 :: 		
0x0040	0x18CC      	BTFSC      FARG_Lcd_Cmd_out_char, 1
0x0041	0x2844      	GOTO       L__Lcd_Cmd35
0x0042	0x1188      	BCF        LCD_D5, BitPos(LCD_D5+0)
0x0043	0x2845      	GOTO       L__Lcd_Cmd36
L__Lcd_Cmd35:
0x0044	0x1588      	BSF        LCD_D5, BitPos(LCD_D5+0)
L__Lcd_Cmd36:
;__Lib_Lcd.c,36 :: 		
0x0045	0x184C      	BTFSC      FARG_Lcd_Cmd_out_char, 0
0x0046	0x2849      	GOTO       L__Lcd_Cmd37
0x0047	0x1108      	BCF        LCD_D4, BitPos(LCD_D4+0)
0x0048	0x284A      	GOTO       L__Lcd_Cmd38
L__Lcd_Cmd37:
0x0049	0x1508      	BSF        LCD_D4, BitPos(LCD_D4+0)
L__Lcd_Cmd38:
;__Lib_Lcd.c,38 :: 		
0x004A	0x183C      	BTFSC      __Lib_Lcd_cmd_status, BitPos(__Lib_Lcd_cmd_status+0)
0x004B	0x284E      	GOTO       L__Lcd_Cmd39
0x004C	0x1408      	BSF        LCD_RS, BitPos(LCD_RS+0)
0x004D	0x284F      	GOTO       L__Lcd_Cmd40
L__Lcd_Cmd39:
0x004E	0x1008      	BCF        LCD_RS, BitPos(LCD_RS+0)
L__Lcd_Cmd40:
;__Lib_Lcd.c,40 :: 		
0x004F	0x1488      	BSF        LCD_EN, BitPos(LCD_EN+0)
;__Lib_Lcd.c,41 :: 		
0x0050	0x2016      	CALL       _Delay_1us
;__Lib_Lcd.c,42 :: 		
0x0051	0x1088      	BCF        LCD_EN, BitPos(LCD_EN+0)
;__Lib_Lcd.c,44 :: 		
0x0052	0x1C3C      	BTFSS      __Lib_Lcd_cmd_status, BitPos(__Lib_Lcd_cmd_status+0)
0x0053	0x2856      	GOTO       L_Lcd_Cmd0
;__Lib_Lcd.c,45 :: 		
0x0054	0x200B      	CALL       _Delay_5500us
0x0055	0x2857      	GOTO       L_Lcd_Cmd1
L_Lcd_Cmd0:
;__Lib_Lcd.c,47 :: 		
0x0056	0x2003      	CALL       _Delay_50us
L_Lcd_Cmd1:
;__Lib_Lcd.c,48 :: 		
L_end_Lcd_Cmd:
0x0057	0x0008      	RETURN
; end of _Lcd_Cmd
_Div_16x16_S_L:
;__Lib_Math.c,421 :: 		
;__Lib_Math.c,427 :: 		
0x0058	0x0D71      	RLF        R1, 0
;__Lib_Math.c,428 :: 		
0x0059	0x0DF8      	RLF        R8, 1
;__Lib_Math.c,429 :: 		
0x005A	0x0DF9      	RLF        R9, 1
;__Lib_Math.c,430 :: 		
0x005B	0x0874      	MOVF       R4, 0
;__Lib_Math.c,431 :: 		
0x005C	0x02F8      	SUBWF      R8, 1
;__Lib_Math.c,432 :: 		
0x005D	0x0875      	MOVF       R5, 0
;__Lib_Math.c,433 :: 		
0x005E	0x1C03      	BTFSS      STATUS, 0
;__Lib_Math.c,434 :: 		
0x005F	0x0F75      	INCFSZ     R5, 0
;__Lib_Math.c,435 :: 		
0x0060	0x02F9      	SUBWF      R9, 1
;__Lib_Math.c,436 :: 		
0x0061	0x0DF0      	RLF        R0, 1
;__Lib_Math.c,437 :: 		
0x0062	0x0DF1      	RLF        R1, 1
;__Lib_Math.c,439 :: 		
0x0063	0x300F      	MOVLW      15
;__Lib_Math.c,440 :: 		
0x0064	0x00FC      	MOVWF      R12
;__Lib_Math.c,442 :: 		
0x0065	0x0D71      	RLF        R1, 0
;__Lib_Math.c,443 :: 		
0x0066	0x0DF8      	RLF        R8, 1
;__Lib_Math.c,444 :: 		
0x0067	0x0DF9      	RLF        R9, 1
;__Lib_Math.c,445 :: 		
0x0068	0x0874      	MOVF       R4, 0
;__Lib_Math.c,447 :: 		
0x0069	0x1C70      	BTFSS      R0, 0
;__Lib_Math.c,448 :: 		
0x006A	0x2871      	GOTO       $+7
;__Lib_Math.c,449 :: 		
0x006B	0x02F8      	SUBWF      R8, 1
;__Lib_Math.c,450 :: 		
0x006C	0x0875      	MOVF       R5, 0
;__Lib_Math.c,451 :: 		
0x006D	0x1C03      	BTFSS      STATUS, 0
;__Lib_Math.c,452 :: 		
0x006E	0x0F75      	INCFSZ     R5, 0
;__Lib_Math.c,453 :: 		
0x006F	0x02F9      	SUBWF      R9, 1
;__Lib_Math.c,454 :: 		
0x0070	0x2876      	GOTO       $+6
;__Lib_Math.c,456 :: 		
0x0071	0x07F8      	ADDWF      R8, 1
;__Lib_Math.c,457 :: 		
0x0072	0x0875      	MOVF       R5, 0
;__Lib_Math.c,458 :: 		
0x0073	0x1803      	BTFSC      STATUS, 0
;__Lib_Math.c,459 :: 		
0x0074	0x0F75      	INCFSZ     R5, 0
;__Lib_Math.c,460 :: 		
0x0075	0x07F9      	ADDWF      R9, 1
;__Lib_Math.c,462 :: 		
0x0076	0x0DF0      	RLF        R0, 1
;__Lib_Math.c,463 :: 		
0x0077	0x0DF1      	RLF        R1, 1
;__Lib_Math.c,465 :: 		
0x0078	0x0BFC      	DECFSZ     R12, 1
;__Lib_Math.c,466 :: 		
0x0079	0x2865      	GOTO       $-20
;__Lib_Math.c,468 :: 		
0x007A	0x1870      	BTFSC      R0, 0
;__Lib_Math.c,469 :: 		
0x007B	0x2882      	GOTO       $+7
;__Lib_Math.c,470 :: 		
0x007C	0x0874      	MOVF       R4, 0
;__Lib_Math.c,471 :: 		
0x007D	0x07F8      	ADDWF      R8, 1
;__Lib_Math.c,472 :: 		
0x007E	0x0875      	MOVF       R5, 0
;__Lib_Math.c,473 :: 		
0x007F	0x1803      	BTFSC      STATUS, 0
;__Lib_Math.c,474 :: 		
0x0080	0x0F75      	INCFSZ     R5, 0
;__Lib_Math.c,475 :: 		
0x0081	0x07F9      	ADDWF      R9, 1
;__Lib_Math.c,476 :: 		
0x0082	0x0000      	NOP
;__Lib_Math.c,478 :: 		
L_end_Div_16x16_S_L:
0x0083	0x0008      	RETURN
; end of _Div_16x16_S_L
_Div_16x16_S:
;__Lib_Math.c,480 :: 		
;__Lib_Math.c,488 :: 		
0x0084	0x1283      	BCF        STATUS, 5
0x0085	0x1303      	BCF        STATUS, 6
0x0086	0x0874      	MOVF       R4, 0
0x0087	0x3A00      	XORLW      0
0x0088	0x1D03      	BTFSS      STATUS, 2
0x0089	0x2893      	GOTO       L_Div_16x16_S0
;__Lib_Math.c,489 :: 		
0x008A	0x0875      	MOVF       R5, 0
0x008B	0x3A00      	XORLW      0
0x008C	0x1D03      	BTFSS      STATUS, 2
0x008D	0x2893      	GOTO       L_Div_16x16_S1
;__Lib_Math.c,490 :: 		
0x008E	0x30FF      	MOVLW      255
0x008F	0x00F0      	MOVWF      R0
;__Lib_Math.c,491 :: 		
0x0090	0x307F      	MOVLW      127
0x0091	0x00F1      	MOVWF      R1
;__Lib_Math.c,492 :: 		
0x0092	0x28EC      	GOTO       L_end_Div_16x16_S
;__Lib_Math.c,493 :: 		
L_Div_16x16_S1:
L_Div_16x16_S0:
;__Lib_Math.c,496 :: 		
0x0093	0x1283      	BCF        STATUS, 5
;__Lib_Math.c,497 :: 		
0x0094	0x1303      	BCF        STATUS, 6
;__Lib_Math.c,498 :: 		
0x0095	0x01FD      	CLRF       R13
;__Lib_Math.c,499 :: 		
0x0096	0x01F9      	CLRF       R9
;__Lib_Math.c,500 :: 		
0x0097	0x01F8      	CLRF       R8
;__Lib_Math.c,501 :: 		
0x0098	0x0871      	MOVF       R1, 0
;__Lib_Math.c,502 :: 		
0x0099	0x0470      	IORWF      R0, 0
;__Lib_Math.c,503 :: 		
0x009A	0x1903      	BTFSC      STATUS, 2
;__Lib_Math.c,504 :: 		
0x009B	0x3400      	RETLW      0
;__Lib_Math.c,506 :: 		
0x009C	0x0871      	MOVF       R1, 0
;__Lib_Math.c,507 :: 		
0x009D	0x0675      	XORWF      R5, 0
;__Lib_Math.c,508 :: 		
0x009E	0x00FA      	MOVWF      R10
;__Lib_Math.c,509 :: 		
0x009F	0x1BFA      	BTFSC      R10, 7
;__Lib_Math.c,510 :: 		
0x00A0	0x09FD      	COMF       R13, 1
;__Lib_Math.c,512 :: 		
0x00A1	0x01FB      	CLRF       R11
;__Lib_Math.c,514 :: 		
0x00A2	0x1FF5      	BTFSS      R5, 7
;__Lib_Math.c,515 :: 		
0x00A3	0x28A9      	GOTO       $+6
;__Lib_Math.c,517 :: 		
0x00A4	0x09F4      	COMF       R4, 1
;__Lib_Math.c,518 :: 		
0x00A5	0x09F5      	COMF       R5, 1
;__Lib_Math.c,519 :: 		
0x00A6	0x0AF4      	INCF       R4, 1
;__Lib_Math.c,520 :: 		
0x00A7	0x1903      	BTFSC      STATUS, 2
;__Lib_Math.c,521 :: 		
0x00A8	0x0AF5      	INCF       R5, 1
;__Lib_Math.c,523 :: 		
0x00A9	0x1FF1      	BTFSS      R1, 7
;__Lib_Math.c,524 :: 		
0x00AA	0x28B0      	GOTO       $+6
;__Lib_Math.c,526 :: 		
0x00AB	0x09F0      	COMF       R0, 1
;__Lib_Math.c,527 :: 		
0x00AC	0x09F1      	COMF       R1, 1
;__Lib_Math.c,528 :: 		
0x00AD	0x0AF0      	INCF       R0, 1
;__Lib_Math.c,529 :: 		
0x00AE	0x1903      	BTFSC      STATUS, 2
;__Lib_Math.c,530 :: 		
0x00AF	0x0AF1      	INCF       R1, 1
;__Lib_Math.c,532 :: 		
0x00B0	0x0871      	MOVF       R1, 0
;__Lib_Math.c,533 :: 		
0x00B1	0x0475      	IORWF      R5, 0
;__Lib_Math.c,534 :: 		
0x00B2	0x00FA      	MOVWF      R10
;__Lib_Math.c,535 :: 		
0x00B3	0x1BFA      	BTFSC      R10, 7
;__Lib_Math.c,536 :: 		
0x00B4	0x28C5      	GOTO       $+17
;__Lib_Math.c,538 :: 		
0x00B5	0x2058      	CALL       _Div_16x16_S_L
;__Lib_Math.c,540 :: 		
0x00B6	0x187B      	BTFSC      R11, 0
;__Lib_Math.c,541 :: 		
0x00B7	0x28D8      	GOTO       $+33
;__Lib_Math.c,543 :: 		
0x00B8	0x1FFD      	BTFSS      R13, 7
;__Lib_Math.c,544 :: 		
0x00B9	0x3400      	RETLW      0
;__Lib_Math.c,546 :: 		
0x00BA	0x09F0      	COMF       R0, 1
;__Lib_Math.c,547 :: 		
0x00BB	0x09F1      	COMF       R1, 1
;__Lib_Math.c,548 :: 		
0x00BC	0x0AF0      	INCF       R0, 1
;__Lib_Math.c,549 :: 		
0x00BD	0x1903      	BTFSC      STATUS, 2
;__Lib_Math.c,550 :: 		
0x00BE	0x0AF1      	INCF       R1, 1
;__Lib_Math.c,552 :: 		
0x00BF	0x09F8      	COMF       R8, 1
;__Lib_Math.c,553 :: 		
0x00C0	0x09F9      	COMF       R9, 1
;__Lib_Math.c,554 :: 		
0x00C1	0x0AF8      	INCF       R8, 1
;__Lib_Math.c,555 :: 		
0x00C2	0x1903      	BTFSC      STATUS, 2
;__Lib_Math.c,556 :: 		
0x00C3	0x0AF9      	INCF       R9, 1
;__Lib_Math.c,558 :: 		
0x00C4	0x3400      	RETLW      0
;__Lib_Math.c,560 :: 		
0x00C5	0x1FF5      	BTFSS      R5, 7
;__Lib_Math.c,561 :: 		
0x00C6	0x28D4      	GOTO       $+14
;__Lib_Math.c,562 :: 		
0x00C7	0x1BF1      	BTFSC      R1, 7
;__Lib_Math.c,563 :: 		
0x00C8	0x28D0      	GOTO       $+8
;__Lib_Math.c,564 :: 		
0x00C9	0x0871      	MOVF       R1, 0
;__Lib_Math.c,565 :: 		
0x00CA	0x00F9      	MOVWF      R9
;__Lib_Math.c,566 :: 		
0x00CB	0x0870      	MOVF       R0, 0
;__Lib_Math.c,567 :: 		
0x00CC	0x00F8      	MOVWF      R8
;__Lib_Math.c,568 :: 		
0x00CD	0x01F1      	CLRF       R1
;__Lib_Math.c,569 :: 		
0x00CE	0x01F0      	CLRF       R0
;__Lib_Math.c,570 :: 		
0x00CF	0x28B8      	GOTO       $-23
;__Lib_Math.c,571 :: 		
0x00D0	0x01F1      	CLRF       R1
;__Lib_Math.c,572 :: 		
0x00D1	0x01F0      	CLRF       R0
;__Lib_Math.c,573 :: 		
0x00D2	0x0AF0      	INCF       R0, 1
;__Lib_Math.c,574 :: 		
0x00D3	0x3400      	RETLW      0
;__Lib_Math.c,576 :: 		
0x00D4	0x09F1      	COMF       R1, 1
;__Lib_Math.c,577 :: 		
0x00D5	0x09F0      	COMF       R0, 1
;__Lib_Math.c,578 :: 		
0x00D6	0x0AFB      	INCF       R11, 1
;__Lib_Math.c,579 :: 		
0x00D7	0x28B5      	GOTO       $-34
;__Lib_Math.c,581 :: 		
0x00D8	0x0AF8      	INCF       R8, 1
;__Lib_Math.c,582 :: 		
0x00D9	0x1903      	BTFSC      STATUS, 2
;__Lib_Math.c,583 :: 		
0x00DA	0x0AF9      	INCF       R9, 1
;__Lib_Math.c,584 :: 		
0x00DB	0x0874      	MOVF       R4, 0
;__Lib_Math.c,585 :: 		
0x00DC	0x0278      	SUBWF      R8, 0
;__Lib_Math.c,586 :: 		
0x00DD	0x1D03      	BTFSS      STATUS, 2
;__Lib_Math.c,587 :: 		
0x00DE	0x28B8      	GOTO       $-38
;__Lib_Math.c,588 :: 		
0x00DF	0x0875      	MOVF       R5, 0
;__Lib_Math.c,589 :: 		
0x00E0	0x0279      	SUBWF      R9, 0
;__Lib_Math.c,590 :: 		
0x00E1	0x1D03      	BTFSS      STATUS, 2
;__Lib_Math.c,591 :: 		
0x00E2	0x28B8      	GOTO       $-42
;__Lib_Math.c,592 :: 		
0x00E3	0x01F9      	CLRF       R9
;__Lib_Math.c,593 :: 		
0x00E4	0x01F8      	CLRF       R8
;__Lib_Math.c,594 :: 		
0x00E5	0x0AF0      	INCF       R0, 1
;__Lib_Math.c,595 :: 		
0x00E6	0x1903      	BTFSC      STATUS, 2
;__Lib_Math.c,596 :: 		
0x00E7	0x0AF1      	INCF       R1, 1
;__Lib_Math.c,597 :: 		
0x00E8	0x1FF1      	BTFSS      R1, 7
;__Lib_Math.c,598 :: 		
0x00E9	0x28B8      	GOTO       $-49
;__Lib_Math.c,599 :: 		
0x00EA	0x0000      	NOP
;__Lib_Math.c,600 :: 		
0x00EB	0x34FF      	RETLW      255
;__Lib_Math.c,602 :: 		
L_end_Div_16x16_S:
0x00EC	0x0008      	RETURN
; end of _Div_16x16_S
_Lcd_Chr_CP:
;__Lib_Lcd.c,50 :: 		
;__Lib_Lcd.c,52 :: 		
0x00ED	0x1283      	BCF        STATUS, 5
0x00EE	0x1303      	BCF        STATUS, 6
0x00EF	0x103C      	BCF        __Lib_Lcd_cmd_status, BitPos(__Lib_Lcd_cmd_status+0)
;__Lib_Lcd.c,53 :: 		
0x00F0	0x084B      	MOVF       FARG_Lcd_Chr_CP_out_char, 0
0x00F1	0x00CC      	MOVWF      FARG_Lcd_Cmd_out_char
0x00F2	0x2018      	CALL       _Lcd_Cmd
;__Lib_Lcd.c,54 :: 		
0x00F3	0x143C      	BSF        __Lib_Lcd_cmd_status, BitPos(__Lib_Lcd_cmd_status+0)
;__Lib_Lcd.c,55 :: 		
L_end_Lcd_Chr_CP:
0x00F4	0x0008      	RETURN
; end of _Lcd_Chr_CP
_Mul_8X8_U:
;__Lib_Math.c,103 :: 		
;__Lib_Math.c,108 :: 		
0x00F5	0x1283      	BCF        STATUS, 5
;__Lib_Math.c,109 :: 		
0x00F6	0x1303      	BCF        STATUS, 6
;__Lib_Math.c,110 :: 		
0x00F7	0x0870      	MOVF       R0, 0
;__Lib_Math.c,111 :: 		
0x00F8	0x00F1      	MOVWF      R1
;__Lib_Math.c,112 :: 		
0x00F9	0x01F0      	CLRF       R0
;__Lib_Math.c,113 :: 		
0x00FA	0x3008      	MOVLW      8
;__Lib_Math.c,114 :: 		
0x00FB	0x00FC      	MOVWF      R12
;__Lib_Math.c,115 :: 		
0x00FC	0x0871      	MOVF       R1, 0
;__Lib_Math.c,116 :: 		
0x00FD	0x0CF4      	RRF        R4, 1
;__Lib_Math.c,117 :: 		
0x00FE	0x1803      	BTFSC      STATUS, 0
;__Lib_Math.c,118 :: 		
0x00FF	0x2904      	GOTO       $+5
;__Lib_Math.c,119 :: 		
0x0100	0x0BFC      	DECFSZ     R12, 1
;__Lib_Math.c,120 :: 		
0x0101	0x28FD      	GOTO       $-4
;__Lib_Math.c,121 :: 		
0x0102	0x01F1      	CLRF       R1
;__Lib_Math.c,122 :: 		
0x0103	0x3400      	RETLW      0
;__Lib_Math.c,123 :: 		
0x0104	0x1003      	BCF        STATUS, 0
;__Lib_Math.c,124 :: 		
0x0105	0x2909      	GOTO       $+4
;__Lib_Math.c,125 :: 		
0x0106	0x0CF4      	RRF        R4, 1
;__Lib_Math.c,126 :: 		
0x0107	0x1803      	BTFSC      STATUS, 0
;__Lib_Math.c,127 :: 		
0x0108	0x07F1      	ADDWF      R1, 1
;__Lib_Math.c,128 :: 		
0x0109	0x0CF1      	RRF        R1, 1
;__Lib_Math.c,129 :: 		
0x010A	0x0CF0      	RRF        R0, 1
;__Lib_Math.c,130 :: 		
0x010B	0x0BFC      	DECFSZ     R12, 1
;__Lib_Math.c,131 :: 		
0x010C	0x2906      	GOTO       $-6
;__Lib_Math.c,133 :: 		
;__Lib_Math.c,134 :: 		
L_end_Mul_8X8_U:
0x010D	0x0008      	RETURN
; end of _Mul_8X8_U
_____DoICP:
;__Lib_System.c,6 :: 		
;__Lib_System.c,9 :: 		
0x010E	0x1283      	BCF        STATUS, 5
0x010F	0x1303      	BCF        STATUS, 6
0x0110	0x0833      	MOVF       ___DoICPAddr+1, 0
0x0111	0x008A      	MOVWF      PCLATH
;__Lib_System.c,10 :: 		
0x0112	0x0832      	MOVF       ___DoICPAddr, 0
0x0113	0x0082      	MOVWF      PCL
;__Lib_System.c,12 :: 		
L_end_____DoICP:
0x0114	0x0008      	RETURN
; end of _____DoICP
_ACK:
;MyProject.c,54 :: 		void ACK()
;MyProject.c,56 :: 		ACKDT_bit=0;
0x0115	0x1683      	BSF        STATUS, 5
0x0116	0x1303      	BCF        STATUS, 6
0x0117	0x1291      	BCF        ACKDT_bit, BitPos(ACKDT_bit+0)
;MyProject.c,57 :: 		ACKEN_bit=1;
0x0118	0x1611      	BSF        ACKEN_bit, BitPos(ACKEN_bit+0)
;MyProject.c,58 :: 		while(SSPIF_bit==0);
L_ACK6:
0x0119	0x1283      	BCF        STATUS, 5
0x011A	0x198C      	BTFSC      SSPIF_bit, BitPos(SSPIF_bit+0)
0x011B	0x291D      	GOTO       L_ACK7
0x011C	0x2919      	GOTO       L_ACK6
L_ACK7:
;MyProject.c,59 :: 		SSPIF_bit=0;
0x011D	0x118C      	BCF        SSPIF_bit, BitPos(SSPIF_bit+0)
;MyProject.c,61 :: 		}
L_end_ACK:
0x011E	0x0008      	RETURN
; end of _ACK
_Lcd_Out:
;__Lib_Lcd.c,184 :: 		
;__Lib_Lcd.c,187 :: 		
0x011F	0x2931      	GOTO       L_Lcd_Out11
;__Lib_Lcd.c,188 :: 		
L_Lcd_Out13:
0x0120	0x3080      	MOVLW      128
0x0121	0x1283      	BCF        STATUS, 5
0x0122	0x1303      	BCF        STATUS, 6
0x0123	0x00C7      	MOVWF      FARG_Lcd_Out_row
0x0124	0x2944      	GOTO       L_Lcd_Out12
;__Lib_Lcd.c,189 :: 		
L_Lcd_Out14:
0x0125	0x30C0      	MOVLW      192
0x0126	0x00C7      	MOVWF      FARG_Lcd_Out_row
0x0127	0x2944      	GOTO       L_Lcd_Out12
;__Lib_Lcd.c,190 :: 		
L_Lcd_Out15:
0x0128	0x3094      	MOVLW      148
0x0129	0x00C7      	MOVWF      FARG_Lcd_Out_row
0x012A	0x2944      	GOTO       L_Lcd_Out12
;__Lib_Lcd.c,191 :: 		
L_Lcd_Out16:
0x012B	0x30D4      	MOVLW      212
0x012C	0x00C7      	MOVWF      FARG_Lcd_Out_row
0x012D	0x2944      	GOTO       L_Lcd_Out12
;__Lib_Lcd.c,192 :: 		
L_Lcd_Out17:
0x012E	0x3080      	MOVLW      128
0x012F	0x00C7      	MOVWF      FARG_Lcd_Out_row
;__Lib_Lcd.c,193 :: 		
0x0130	0x2944      	GOTO       L_Lcd_Out12
L_Lcd_Out11:
0x0131	0x1283      	BCF        STATUS, 5
0x0132	0x1303      	BCF        STATUS, 6
0x0133	0x0847      	MOVF       FARG_Lcd_Out_row, 0
0x0134	0x3A01      	XORLW      1
0x0135	0x1903      	BTFSC      STATUS, 2
0x0136	0x2920      	GOTO       L_Lcd_Out13
0x0137	0x0847      	MOVF       FARG_Lcd_Out_row, 0
0x0138	0x3A02      	XORLW      2
0x0139	0x1903      	BTFSC      STATUS, 2
0x013A	0x2925      	GOTO       L_Lcd_Out14
0x013B	0x0847      	MOVF       FARG_Lcd_Out_row, 0
0x013C	0x3A03      	XORLW      3
0x013D	0x1903      	BTFSC      STATUS, 2
0x013E	0x2928      	GOTO       L_Lcd_Out15
0x013F	0x0847      	MOVF       FARG_Lcd_Out_row, 0
0x0140	0x3A04      	XORLW      4
0x0141	0x1903      	BTFSC      STATUS, 2
0x0142	0x292B      	GOTO       L_Lcd_Out16
0x0143	0x292E      	GOTO       L_Lcd_Out17
L_Lcd_Out12:
;__Lib_Lcd.c,194 :: 		
0x0144	0x0348      	DECF       FARG_Lcd_Out_column, 0
0x0145	0x00F0      	MOVWF      R0
0x0146	0x0847      	MOVF       FARG_Lcd_Out_row, 0
0x0147	0x07F0      	ADDWF      R0, 1
0x0148	0x0870      	MOVF       R0, 0
0x0149	0x00C7      	MOVWF      FARG_Lcd_Out_row
;__Lib_Lcd.c,196 :: 		
0x014A	0x0870      	MOVF       R0, 0
0x014B	0x00CC      	MOVWF      FARG_Lcd_Cmd_out_char
0x014C	0x2018      	CALL       _Lcd_Cmd
;__Lib_Lcd.c,197 :: 		
0x014D	0x103C      	BCF        __Lib_Lcd_cmd_status, BitPos(__Lib_Lcd_cmd_status+0)
;__Lib_Lcd.c,198 :: 		
0x014E	0x01CA      	CLRF       Lcd_Out_i_L0
;__Lib_Lcd.c,199 :: 		
L_Lcd_Out18:
0x014F	0x084A      	MOVF       Lcd_Out_i_L0, 0
0x0150	0x0749      	ADDWF      FARG_Lcd_Out_text, 0
0x0151	0x0084      	MOVWF      FSR
0x0152	0x0800      	MOVF       INDF, 0
0x0153	0x1903      	BTFSC      STATUS, 2
0x0154	0x295D      	GOTO       L_Lcd_Out19
;__Lib_Lcd.c,200 :: 		
0x0155	0x084A      	MOVF       Lcd_Out_i_L0, 0
0x0156	0x0749      	ADDWF      FARG_Lcd_Out_text, 0
0x0157	0x0084      	MOVWF      FSR
0x0158	0x0800      	MOVF       INDF, 0
0x0159	0x00CB      	MOVWF      FARG_Lcd_Chr_CP_out_char
0x015A	0x20ED      	CALL       _Lcd_Chr_CP
0x015B	0x0ACA      	INCF       Lcd_Out_i_L0, 1
0x015C	0x294F      	GOTO       L_Lcd_Out18
L_Lcd_Out19:
;__Lib_Lcd.c,201 :: 		
0x015D	0x143C      	BSF        __Lib_Lcd_cmd_status, BitPos(__Lib_Lcd_cmd_status+0)
;__Lib_Lcd.c,202 :: 		
L_end_Lcd_Out:
0x015E	0x0008      	RETURN
; end of _Lcd_Out
_Lcd_Init:
;__Lib_Lcd.c,84 :: 		
;__Lib_Lcd.c,86 :: 		
0x015F	0x1683      	BSF        STATUS, 5
0x0160	0x1303      	BCF        STATUS, 6
0x0161	0x1088      	BCF        LCD_EN_Direction, BitPos(LCD_EN_Direction+0)
;__Lib_Lcd.c,87 :: 		
0x0162	0x1008      	BCF        LCD_RS_Direction, BitPos(LCD_RS_Direction+0)
;__Lib_Lcd.c,88 :: 		
0x0163	0x1108      	BCF        LCD_D4_Direction, BitPos(LCD_D4_Direction+0)
;__Lib_Lcd.c,89 :: 		
0x0164	0x1188      	BCF        LCD_D5_Direction, BitPos(LCD_D5_Direction+0)
;__Lib_Lcd.c,90 :: 		
0x0165	0x1208      	BCF        LCD_D6_Direction, BitPos(LCD_D6_Direction+0)
;__Lib_Lcd.c,91 :: 		
0x0166	0x1288      	BCF        LCD_D7_Direction, BitPos(LCD_D7_Direction+0)
;__Lib_Lcd.c,93 :: 		
0x0167	0x1283      	BCF        STATUS, 5
0x0168	0x1088      	BCF        LCD_EN, BitPos(LCD_EN+0)
;__Lib_Lcd.c,94 :: 		
0x0169	0x1008      	BCF        LCD_RS, BitPos(LCD_RS+0)
;__Lib_Lcd.c,95 :: 		
0x016A	0x1288      	BCF        LCD_D7, BitPos(LCD_D7+0)
;__Lib_Lcd.c,96 :: 		
0x016B	0x1208      	BCF        LCD_D6, BitPos(LCD_D6+0)
;__Lib_Lcd.c,97 :: 		
0x016C	0x1188      	BCF        LCD_D5, BitPos(LCD_D5+0)
;__Lib_Lcd.c,98 :: 		
0x016D	0x1108      	BCF        LCD_D4, BitPos(LCD_D4+0)
;__Lib_Lcd.c,100 :: 		
0x016E	0x200B      	CALL       _Delay_5500us
;__Lib_Lcd.c,101 :: 		
0x016F	0x200B      	CALL       _Delay_5500us
;__Lib_Lcd.c,102 :: 		
0x0170	0x200B      	CALL       _Delay_5500us
;__Lib_Lcd.c,105 :: 		
0x0171	0x1588      	BSF        LCD_D5, BitPos(LCD_D5+0)
;__Lib_Lcd.c,106 :: 		
0x0172	0x1508      	BSF        LCD_D4, BitPos(LCD_D4+0)
;__Lib_Lcd.c,107 :: 		
0x0173	0x1488      	BSF        LCD_EN, BitPos(LCD_EN+0)
;__Lib_Lcd.c,108 :: 		
0x0174	0x2016      	CALL       _Delay_1us
;__Lib_Lcd.c,109 :: 		
0x0175	0x1088      	BCF        LCD_EN, BitPos(LCD_EN+0)
;__Lib_Lcd.c,110 :: 		
0x0176	0x200B      	CALL       _Delay_5500us
;__Lib_Lcd.c,112 :: 		
0x0177	0x1488      	BSF        LCD_EN, BitPos(LCD_EN+0)
;__Lib_Lcd.c,113 :: 		
0x0178	0x2016      	CALL       _Delay_1us
;__Lib_Lcd.c,114 :: 		
0x0179	0x1088      	BCF        LCD_EN, BitPos(LCD_EN+0)
;__Lib_Lcd.c,115 :: 		
0x017A	0x200B      	CALL       _Delay_5500us
;__Lib_Lcd.c,117 :: 		
0x017B	0x1488      	BSF        LCD_EN, BitPos(LCD_EN+0)
;__Lib_Lcd.c,118 :: 		
0x017C	0x2016      	CALL       _Delay_1us
;__Lib_Lcd.c,119 :: 		
0x017D	0x1088      	BCF        LCD_EN, BitPos(LCD_EN+0)
;__Lib_Lcd.c,120 :: 		
0x017E	0x200B      	CALL       _Delay_5500us
;__Lib_Lcd.c,123 :: 		
0x017F	0x1108      	BCF        LCD_D4, BitPos(LCD_D4+0)
;__Lib_Lcd.c,124 :: 		
0x0180	0x1488      	BSF        LCD_EN, BitPos(LCD_EN+0)
;__Lib_Lcd.c,125 :: 		
0x0181	0x2016      	CALL       _Delay_1us
;__Lib_Lcd.c,126 :: 		
0x0182	0x1088      	BCF        LCD_EN, BitPos(LCD_EN+0)
;__Lib_Lcd.c,127 :: 		
0x0183	0x200B      	CALL       _Delay_5500us
;__Lib_Lcd.c,130 :: 		
0x0184	0x1488      	BSF        LCD_EN, BitPos(LCD_EN+0)
;__Lib_Lcd.c,131 :: 		
0x0185	0x2016      	CALL       _Delay_1us
;__Lib_Lcd.c,132 :: 		
0x0186	0x1088      	BCF        LCD_EN, BitPos(LCD_EN+0)
;__Lib_Lcd.c,134 :: 		
0x0187	0x1188      	BCF        LCD_D5, BitPos(LCD_D5+0)
;__Lib_Lcd.c,135 :: 		
0x0188	0x1688      	BSF        LCD_D7, BitPos(LCD_D7+0)
;__Lib_Lcd.c,136 :: 		
0x0189	0x1488      	BSF        LCD_EN, BitPos(LCD_EN+0)
;__Lib_Lcd.c,137 :: 		
0x018A	0x2016      	CALL       _Delay_1us
;__Lib_Lcd.c,138 :: 		
0x018B	0x1088      	BCF        LCD_EN, BitPos(LCD_EN+0)
;__Lib_Lcd.c,139 :: 		
0x018C	0x200B      	CALL       _Delay_5500us
;__Lib_Lcd.c,142 :: 		
0x018D	0x1288      	BCF        LCD_D7, BitPos(LCD_D7+0)
;__Lib_Lcd.c,143 :: 		
0x018E	0x1508      	BSF        LCD_D4, BitPos(LCD_D4+0)
;__Lib_Lcd.c,144 :: 		
0x018F	0x1488      	BSF        LCD_EN, BitPos(LCD_EN+0)
;__Lib_Lcd.c,145 :: 		
0x0190	0x2016      	CALL       _Delay_1us
;__Lib_Lcd.c,146 :: 		
0x0191	0x1088      	BCF        LCD_EN, BitPos(LCD_EN+0)
;__Lib_Lcd.c,148 :: 		
0x0192	0x1108      	BCF        LCD_D4, BitPos(LCD_D4+0)
;__Lib_Lcd.c,149 :: 		
0x0193	0x1488      	BSF        LCD_EN, BitPos(LCD_EN+0)
;__Lib_Lcd.c,150 :: 		
0x0194	0x2016      	CALL       _Delay_1us
;__Lib_Lcd.c,151 :: 		
0x0195	0x1088      	BCF        LCD_EN, BitPos(LCD_EN+0)
;__Lib_Lcd.c,152 :: 		
0x0196	0x200B      	CALL       _Delay_5500us
;__Lib_Lcd.c,155 :: 		
0x0197	0x1488      	BSF        LCD_EN, BitPos(LCD_EN+0)
;__Lib_Lcd.c,156 :: 		
0x0198	0x2016      	CALL       _Delay_1us
;__Lib_Lcd.c,157 :: 		
0x0199	0x1088      	BCF        LCD_EN, BitPos(LCD_EN+0)
;__Lib_Lcd.c,159 :: 		
0x019A	0x1508      	BSF        LCD_D4, BitPos(LCD_D4+0)
;__Lib_Lcd.c,160 :: 		
0x019B	0x1488      	BSF        LCD_EN, BitPos(LCD_EN+0)
;__Lib_Lcd.c,161 :: 		
0x019C	0x2016      	CALL       _Delay_1us
;__Lib_Lcd.c,162 :: 		
0x019D	0x1088      	BCF        LCD_EN, BitPos(LCD_EN+0)
;__Lib_Lcd.c,163 :: 		
0x019E	0x200B      	CALL       _Delay_5500us
;__Lib_Lcd.c,166 :: 		
0x019F	0x1108      	BCF        LCD_D4, BitPos(LCD_D4+0)
;__Lib_Lcd.c,167 :: 		
0x01A0	0x1488      	BSF        LCD_EN, BitPos(LCD_EN+0)
;__Lib_Lcd.c,168 :: 		
0x01A1	0x2016      	CALL       _Delay_1us
;__Lib_Lcd.c,169 :: 		
0x01A2	0x1088      	BCF        LCD_EN, BitPos(LCD_EN+0)
;__Lib_Lcd.c,171 :: 		
0x01A3	0x1688      	BSF        LCD_D7, BitPos(LCD_D7+0)
;__Lib_Lcd.c,172 :: 		
0x01A4	0x1608      	BSF        LCD_D6, BitPos(LCD_D6+0)
;__Lib_Lcd.c,173 :: 		
0x01A5	0x1588      	BSF        LCD_D5, BitPos(LCD_D5+0)
;__Lib_Lcd.c,174 :: 		
0x01A6	0x1508      	BSF        LCD_D4, BitPos(LCD_D4+0)
;__Lib_Lcd.c,175 :: 		
0x01A7	0x1488      	BSF        LCD_EN, BitPos(LCD_EN+0)
;__Lib_Lcd.c,176 :: 		
0x01A8	0x2016      	CALL       _Delay_1us
;__Lib_Lcd.c,177 :: 		
0x01A9	0x1088      	BCF        LCD_EN, BitPos(LCD_EN+0)
;__Lib_Lcd.c,179 :: 		
0x01AA	0x200B      	CALL       _Delay_5500us
;__Lib_Lcd.c,181 :: 		
0x01AB	0x143C      	BSF        __Lib_Lcd_cmd_status, BitPos(__Lib_Lcd_cmd_status+0)
;__Lib_Lcd.c,182 :: 		
L_end_Lcd_Init:
0x01AC	0x0008      	RETURN
; end of _Lcd_Init
_read:
;MyProject.c,77 :: 		char read()
;MyProject.c,79 :: 		RCEN_bit=1;
0x01AD	0x1683      	BSF        STATUS, 5
0x01AE	0x1303      	BCF        STATUS, 6
0x01AF	0x1591      	BSF        RCEN_bit, BitPos(RCEN_bit+0)
;MyProject.c,80 :: 		while(SSPIF_bit==0);
L_read12:
0x01B0	0x1283      	BCF        STATUS, 5
0x01B1	0x198C      	BTFSC      SSPIF_bit, BitPos(SSPIF_bit+0)
0x01B2	0x29B4      	GOTO       L_read13
0x01B3	0x29B0      	GOTO       L_read12
L_read13:
;MyProject.c,81 :: 		SSPIF_bit=0;
0x01B4	0x118C      	BCF        SSPIF_bit, BitPos(SSPIF_bit+0)
;MyProject.c,82 :: 		return SSPBUF;
0x01B5	0x0813      	MOVF       SSPBUF, 0
0x01B6	0x00F0      	MOVWF      R0
;MyProject.c,83 :: 		}
L_end_read:
0x01B7	0x0008      	RETURN
; end of _read
_startI2C:
;MyProject.c,36 :: 		void startI2C()
;MyProject.c,38 :: 		SEN_bit=1;
0x01B8	0x1683      	BSF        STATUS, 5
0x01B9	0x1303      	BCF        STATUS, 6
0x01BA	0x1411      	BSF        SEN_bit, BitPos(SEN_bit+0)
;MyProject.c,39 :: 		while(SSPIF_bit==0);
L_startI2C0:
0x01BB	0x1283      	BCF        STATUS, 5
0x01BC	0x198C      	BTFSC      SSPIF_bit, BitPos(SSPIF_bit+0)
0x01BD	0x29BF      	GOTO       L_startI2C1
0x01BE	0x29BB      	GOTO       L_startI2C0
L_startI2C1:
;MyProject.c,40 :: 		SSPIF_bit=0;
0x01BF	0x118C      	BCF        SSPIF_bit, BitPos(SSPIF_bit+0)
;MyProject.c,41 :: 		}
L_end_startI2C:
0x01C0	0x0008      	RETURN
; end of _startI2C
_Bcd2Dec:
;__Lib_Conversions.c,368 :: 		
;__Lib_Conversions.c,369 :: 		
;__Lib_Conversions.c,371 :: 		
0x01C1	0x1283      	BCF        STATUS, 5
0x01C2	0x1303      	BCF        STATUS, 6
0x01C3	0x0847      	MOVF       FARG_Bcd2Dec_bcdnum, 0
0x01C4	0x00F0      	MOVWF      R0
0x01C5	0x0CF0      	RRF        R0, 1
0x01C6	0x13F0      	BCF        R0, 7
0x01C7	0x0CF0      	RRF        R0, 1
0x01C8	0x13F0      	BCF        R0, 7
0x01C9	0x0CF0      	RRF        R0, 1
0x01CA	0x13F0      	BCF        R0, 7
0x01CB	0x0CF0      	RRF        R0, 1
0x01CC	0x13F0      	BCF        R0, 7
0x01CD	0x300A      	MOVLW      10
0x01CE	0x00F4      	MOVWF      R4
0x01CF	0x20F5      	CALL       _Mul_8X8_U
;__Lib_Conversions.c,372 :: 		
0x01D0	0x300F      	MOVLW      15
0x01D1	0x0547      	ANDWF      FARG_Bcd2Dec_bcdnum, 0
0x01D2	0x00F1      	MOVWF      R1
0x01D3	0x0871      	MOVF       R1, 0
0x01D4	0x07F0      	ADDWF      R0, 1
;__Lib_Conversions.c,373 :: 		
;__Lib_Conversions.c,374 :: 		
L_end_Bcd2Dec:
0x01D5	0x0008      	RETURN
; end of _Bcd2Dec
_write:
;MyProject.c,69 :: 		char write(char byte)
;MyProject.c,71 :: 		SSPBUF=byte;
0x01D6	0x1283      	BCF        STATUS, 5
0x01D7	0x1303      	BCF        STATUS, 6
0x01D8	0x0847      	MOVF       FARG_write_byte, 0
0x01D9	0x0093      	MOVWF      SSPBUF
;MyProject.c,72 :: 		while(SSPIF_bit==0);
L_write10:
0x01DA	0x198C      	BTFSC      SSPIF_bit, BitPos(SSPIF_bit+0)
0x01DB	0x29DD      	GOTO       L_write11
0x01DC	0x29DA      	GOTO       L_write10
L_write11:
;MyProject.c,73 :: 		SSPIF_bit=0;
0x01DD	0x118C      	BCF        SSPIF_bit, BitPos(SSPIF_bit+0)
;MyProject.c,74 :: 		return SSPCON2.ACKSTAT;
0x01DE	0x3000      	MOVLW      0
0x01DF	0x1683      	BSF        STATUS, 5
0x01E0	0x1B11      	BTFSC      SSPCON2, 6
0x01E1	0x3001      	MOVLW      1
0x01E2	0x00F0      	MOVWF      R0
;MyProject.c,76 :: 		}
L_end_write:
0x01E3	0x0008      	RETURN
; end of _write
_ispis_podataka:
;MyProject.c,19 :: 		void ispis_podataka()
;MyProject.c,21 :: 		txt1[0]=sati/10+48;
0x01E4	0x300A      	MOVLW      10
0x01E5	0x1283      	BCF        STATUS, 5
0x01E6	0x1303      	BCF        STATUS, 6
0x01E7	0x00F4      	MOVWF      R4
0x01E8	0x3000      	MOVLW      0
0x01E9	0x00F5      	MOVWF      R4+1
0x01EA	0x0834      	MOVF       _sati, 0
0x01EB	0x00F0      	MOVWF      R0
0x01EC	0x0835      	MOVF       _sati+1, 0
0x01ED	0x00F1      	MOVWF      R0+1
0x01EE	0x2084      	CALL       _Div_16x16_S
0x01EF	0x3030      	MOVLW      48
0x01F0	0x0770      	ADDWF      R0, 0
0x01F1	0x00A0      	MOVWF      _txt1
;MyProject.c,22 :: 		txt1[1]=sati%10+48;
0x01F2	0x300A      	MOVLW      10
0x01F3	0x00F4      	MOVWF      R4
0x01F4	0x3000      	MOVLW      0
0x01F5	0x00F5      	MOVWF      R4+1
0x01F6	0x0834      	MOVF       _sati, 0
0x01F7	0x00F0      	MOVWF      R0
0x01F8	0x0835      	MOVF       _sati+1, 0
0x01F9	0x00F1      	MOVWF      R0+1
0x01FA	0x2084      	CALL       _Div_16x16_S
0x01FB	0x0878      	MOVF       R8, 0
0x01FC	0x00F0      	MOVWF      R0
0x01FD	0x0879      	MOVF       R8+1, 0
0x01FE	0x00F1      	MOVWF      R0+1
0x01FF	0x3030      	MOVLW      48
0x0200	0x0770      	ADDWF      R0, 0
0x0201	0x00A1      	MOVWF      _txt1+1
;MyProject.c,23 :: 		txt1[3]=minute/10+48;
0x0202	0x300A      	MOVLW      10
0x0203	0x00F4      	MOVWF      R4
0x0204	0x3000      	MOVLW      0
0x0205	0x00F5      	MOVWF      R4+1
0x0206	0x0841      	MOVF       _minute, 0
0x0207	0x00F0      	MOVWF      R0
0x0208	0x0842      	MOVF       _minute+1, 0
0x0209	0x00F1      	MOVWF      R0+1
0x020A	0x2084      	CALL       _Div_16x16_S
0x020B	0x3030      	MOVLW      48
0x020C	0x0770      	ADDWF      R0, 0
0x020D	0x00A3      	MOVWF      _txt1+3
;MyProject.c,24 :: 		txt1[4]=minute%10+48;
0x020E	0x300A      	MOVLW      10
0x020F	0x00F4      	MOVWF      R4
0x0210	0x3000      	MOVLW      0
0x0211	0x00F5      	MOVWF      R4+1
0x0212	0x0841      	MOVF       _minute, 0
0x0213	0x00F0      	MOVWF      R0
0x0214	0x0842      	MOVF       _minute+1, 0
0x0215	0x00F1      	MOVWF      R0+1
0x0216	0x2084      	CALL       _Div_16x16_S
0x0217	0x0878      	MOVF       R8, 0
0x0218	0x00F0      	MOVWF      R0
0x0219	0x0879      	MOVF       R8+1, 0
0x021A	0x00F1      	MOVWF      R0+1
0x021B	0x3030      	MOVLW      48
0x021C	0x0770      	ADDWF      R0, 0
0x021D	0x00A4      	MOVWF      _txt1+4
;MyProject.c,25 :: 		txt1[6]=sekunde/10+48;
0x021E	0x300A      	MOVLW      10
0x021F	0x00F4      	MOVWF      R4
0x0220	0x3000      	MOVLW      0
0x0221	0x00F5      	MOVWF      R4+1
0x0222	0x083F      	MOVF       _sekunde, 0
0x0223	0x00F0      	MOVWF      R0
0x0224	0x0840      	MOVF       _sekunde+1, 0
0x0225	0x00F1      	MOVWF      R0+1
0x0226	0x2084      	CALL       _Div_16x16_S
0x0227	0x3030      	MOVLW      48
0x0228	0x0770      	ADDWF      R0, 0
0x0229	0x00A6      	MOVWF      _txt1+6
;MyProject.c,26 :: 		txt1[7]=sekunde%10+48;
0x022A	0x300A      	MOVLW      10
0x022B	0x00F4      	MOVWF      R4
0x022C	0x3000      	MOVLW      0
0x022D	0x00F5      	MOVWF      R4+1
0x022E	0x083F      	MOVF       _sekunde, 0
0x022F	0x00F0      	MOVWF      R0
0x0230	0x0840      	MOVF       _sekunde+1, 0
0x0231	0x00F1      	MOVWF      R0+1
0x0232	0x2084      	CALL       _Div_16x16_S
0x0233	0x0878      	MOVF       R8, 0
0x0234	0x00F0      	MOVWF      R0
0x0235	0x0879      	MOVF       R8+1, 0
0x0236	0x00F1      	MOVWF      R0+1
0x0237	0x3030      	MOVLW      48
0x0238	0x0770      	ADDWF      R0, 0
0x0239	0x00A7      	MOVWF      _txt1+7
;MyProject.c,28 :: 		txt2[0]=dan/10+48;
0x023A	0x300A      	MOVLW      10
0x023B	0x00F4      	MOVWF      R4
0x023C	0x3000      	MOVLW      0
0x023D	0x00F5      	MOVWF      R4+1
0x023E	0x0845      	MOVF       _dan, 0
0x023F	0x00F0      	MOVWF      R0
0x0240	0x0846      	MOVF       _dan+1, 0
0x0241	0x00F1      	MOVWF      R0+1
0x0242	0x2084      	CALL       _Div_16x16_S
0x0243	0x3030      	MOVLW      48
0x0244	0x0770      	ADDWF      R0, 0
0x0245	0x00A9      	MOVWF      _txt2
;MyProject.c,29 :: 		txt2[1]=dan%10+48;
0x0246	0x300A      	MOVLW      10
0x0247	0x00F4      	MOVWF      R4
0x0248	0x3000      	MOVLW      0
0x0249	0x00F5      	MOVWF      R4+1
0x024A	0x0845      	MOVF       _dan, 0
0x024B	0x00F0      	MOVWF      R0
0x024C	0x0846      	MOVF       _dan+1, 0
0x024D	0x00F1      	MOVWF      R0+1
0x024E	0x2084      	CALL       _Div_16x16_S
0x024F	0x0878      	MOVF       R8, 0
0x0250	0x00F0      	MOVWF      R0
0x0251	0x0879      	MOVF       R8+1, 0
0x0252	0x00F1      	MOVWF      R0+1
0x0253	0x3030      	MOVLW      48
0x0254	0x0770      	ADDWF      R0, 0
0x0255	0x00AA      	MOVWF      _txt2+1
;MyProject.c,30 :: 		txt2[3]=mjesec/10+48;
0x0256	0x300A      	MOVLW      10
0x0257	0x00F4      	MOVWF      R4
0x0258	0x3000      	MOVLW      0
0x0259	0x00F5      	MOVWF      R4+1
0x025A	0x0843      	MOVF       _mjesec, 0
0x025B	0x00F0      	MOVWF      R0
0x025C	0x0844      	MOVF       _mjesec+1, 0
0x025D	0x00F1      	MOVWF      R0+1
0x025E	0x2084      	CALL       _Div_16x16_S
0x025F	0x3030      	MOVLW      48
0x0260	0x0770      	ADDWF      R0, 0
0x0261	0x00AC      	MOVWF      _txt2+3
;MyProject.c,31 :: 		txt2[4]=mjesec%10+48;
0x0262	0x300A      	MOVLW      10
0x0263	0x00F4      	MOVWF      R4
0x0264	0x3000      	MOVLW      0
0x0265	0x00F5      	MOVWF      R4+1
0x0266	0x0843      	MOVF       _mjesec, 0
0x0267	0x00F0      	MOVWF      R0
0x0268	0x0844      	MOVF       _mjesec+1, 0
0x0269	0x00F1      	MOVWF      R0+1
0x026A	0x2084      	CALL       _Div_16x16_S
0x026B	0x0878      	MOVF       R8, 0
0x026C	0x00F0      	MOVWF      R0
0x026D	0x0879      	MOVF       R8+1, 0
0x026E	0x00F1      	MOVWF      R0+1
0x026F	0x3030      	MOVLW      48
0x0270	0x0770      	ADDWF      R0, 0
0x0271	0x00AD      	MOVWF      _txt2+4
;MyProject.c,32 :: 		txt2[6]=godina/10+48;
0x0272	0x300A      	MOVLW      10
0x0273	0x00F4      	MOVWF      R4
0x0274	0x3000      	MOVLW      0
0x0275	0x00F5      	MOVWF      R4+1
0x0276	0x083D      	MOVF       _godina, 0
0x0277	0x00F0      	MOVWF      R0
0x0278	0x083E      	MOVF       _godina+1, 0
0x0279	0x00F1      	MOVWF      R0+1
0x027A	0x2084      	CALL       _Div_16x16_S
0x027B	0x3030      	MOVLW      48
0x027C	0x0770      	ADDWF      R0, 0
0x027D	0x00AF      	MOVWF      _txt2+6
;MyProject.c,33 :: 		txt2[7]=godina%10+48;
0x027E	0x300A      	MOVLW      10
0x027F	0x00F4      	MOVWF      R4
0x0280	0x3000      	MOVLW      0
0x0281	0x00F5      	MOVWF      R4+1
0x0282	0x083D      	MOVF       _godina, 0
0x0283	0x00F0      	MOVWF      R0
0x0284	0x083E      	MOVF       _godina+1, 0
0x0285	0x00F1      	MOVWF      R0+1
0x0286	0x2084      	CALL       _Div_16x16_S
0x0287	0x0878      	MOVF       R8, 0
0x0288	0x00F0      	MOVWF      R0
0x0289	0x0879      	MOVF       R8+1, 0
0x028A	0x00F1      	MOVWF      R0+1
0x028B	0x3030      	MOVLW      48
0x028C	0x0770      	ADDWF      R0, 0
0x028D	0x00B0      	MOVWF      _txt2+7
;MyProject.c,35 :: 		}
L_end_ispis_podataka:
0x028E	0x0008      	RETURN
; end of _ispis_podataka
_NACK:
;MyProject.c,62 :: 		void NACK()
;MyProject.c,64 :: 		ACKDT_bit=1;
0x028F	0x1683      	BSF        STATUS, 5
0x0290	0x1303      	BCF        STATUS, 6
0x0291	0x1691      	BSF        ACKDT_bit, BitPos(ACKDT_bit+0)
;MyProject.c,65 :: 		ACKEN_bit=1;
0x0292	0x1611      	BSF        ACKEN_bit, BitPos(ACKEN_bit+0)
;MyProject.c,66 :: 		while(SSPIF_bit==0);
L_NACK8:
0x0293	0x1283      	BCF        STATUS, 5
0x0294	0x198C      	BTFSC      SSPIF_bit, BitPos(SSPIF_bit+0)
0x0295	0x2A97      	GOTO       L_NACK9
0x0296	0x2A93      	GOTO       L_NACK8
L_NACK9:
;MyProject.c,67 :: 		SSPIF_bit=0;
0x0297	0x118C      	BCF        SSPIF_bit, BitPos(SSPIF_bit+0)
;MyProject.c,68 :: 		}
L_end_NACK:
0x0298	0x0008      	RETURN
; end of _NACK
___CC2DW:
;__Lib_System.c,134 :: 		
;__Lib_System.c,137 :: 		
_CC2D_Loop1:
;__Lib_System.c,139 :: 		
0x0299	0x210E      	CALL       _____DoICP
0x029A	0x118A      	BCF        PCLATH, 3
0x029B	0x120A      	BCF        PCLATH, 4
;__Lib_System.c,141 :: 		
0x029C	0x0080      	MOVWF      INDF
;__Lib_System.c,142 :: 		
0x029D	0x0A84      	INCF       FSR, 1
;__Lib_System.c,143 :: 		
0x029E	0x0AB2      	INCF       ___DoICPAddr, 1
;__Lib_System.c,145 :: 		
0x029F	0x1903      	BTFSC      STATUS, 2
;__Lib_System.c,146 :: 		
0x02A0	0x0AB3      	INCF       ___DoICPAddr+1, 1
;__Lib_System.c,147 :: 		
0x02A1	0x03F0      	DECF       R0, 1
;__Lib_System.c,149 :: 		
0x02A2	0x1D03      	BTFSS      STATUS, 2
;__Lib_System.c,150 :: 		
0x02A3	0x2A99      	GOTO       _CC2D_Loop1
;__Lib_System.c,152 :: 		
L_end___CC2DW:
0x02A4	0x0008      	RETURN
; end of ___CC2DW
_resetI2C:
;MyProject.c,48 :: 		void resetI2C()
;MyProject.c,50 :: 		RSEN_bit=1;
0x02A5	0x1683      	BSF        STATUS, 5
0x02A6	0x1303      	BCF        STATUS, 6
0x02A7	0x1491      	BSF        RSEN_bit, BitPos(RSEN_bit+0)
;MyProject.c,51 :: 		while(SSPIF_bit==0);
L_resetI2C4:
0x02A8	0x1283      	BCF        STATUS, 5
0x02A9	0x198C      	BTFSC      SSPIF_bit, BitPos(SSPIF_bit+0)
0x02AA	0x2AAC      	GOTO       L_resetI2C5
0x02AB	0x2AA8      	GOTO       L_resetI2C4
L_resetI2C5:
;MyProject.c,52 :: 		SSPIF_bit=0;
0x02AC	0x118C      	BCF        SSPIF_bit, BitPos(SSPIF_bit+0)
;MyProject.c,53 :: 		}
L_end_resetI2C:
0x02AD	0x0008      	RETURN
; end of _resetI2C
_stopI2C:
;MyProject.c,42 :: 		void stopI2C()
;MyProject.c,44 :: 		PEN_bit=1;
0x02AE	0x1683      	BSF        STATUS, 5
0x02AF	0x1303      	BCF        STATUS, 6
0x02B0	0x1511      	BSF        PEN_bit, BitPos(PEN_bit+0)
;MyProject.c,45 :: 		while(SSPIF_bit==0);
L_stopI2C2:
0x02B1	0x1283      	BCF        STATUS, 5
0x02B2	0x198C      	BTFSC      SSPIF_bit, BitPos(SSPIF_bit+0)
0x02B3	0x2AB5      	GOTO       L_stopI2C3
0x02B4	0x2AB1      	GOTO       L_stopI2C2
L_stopI2C3:
;MyProject.c,46 :: 		SSPIF_bit=0;
0x02B5	0x118C      	BCF        SSPIF_bit, BitPos(SSPIF_bit+0)
;MyProject.c,47 :: 		}
L_end_stopI2C:
0x02B6	0x0008      	RETURN
; end of _stopI2C
_main:
0x02B7	0x3068      	MOVLW      104
0x02B8	0x1283      	BCF        STATUS, 5
0x02B9	0x1303      	BCF        STATUS, 6
0x02BA	0x00A0      	MOVWF      _txt1
0x02BB	0x3068      	MOVLW      104
0x02BC	0x00A1      	MOVWF      33
0x02BD	0x303A      	MOVLW      58
0x02BE	0x00A2      	MOVWF      34
0x02BF	0x306D      	MOVLW      109
0x02C0	0x00A3      	MOVWF      35
0x02C1	0x306D      	MOVLW      109
0x02C2	0x00A4      	MOVWF      36
0x02C3	0x303A      	MOVLW      58
0x02C4	0x00A5      	MOVWF      37
0x02C5	0x3073      	MOVLW      115
0x02C6	0x00A6      	MOVWF      38
0x02C7	0x3073      	MOVLW      115
0x02C8	0x00A7      	MOVWF      39
0x02C9	0x01A8      	CLRF       40
0x02CA	0x3064      	MOVLW      100
0x02CB	0x00A9      	MOVWF      _txt2
0x02CC	0x3064      	MOVLW      100
0x02CD	0x00AA      	MOVWF      42
0x02CE	0x302F      	MOVLW      47
0x02CF	0x00AB      	MOVWF      43
0x02D0	0x306D      	MOVLW      109
0x02D1	0x00AC      	MOVWF      44
0x02D2	0x306D      	MOVLW      109
0x02D3	0x00AD      	MOVWF      45
0x02D4	0x302F      	MOVLW      47
0x02D5	0x00AE      	MOVWF      46
0x02D6	0x3079      	MOVLW      121
0x02D7	0x00AF      	MOVWF      47
0x02D8	0x3079      	MOVLW      121
0x02D9	0x00B0      	MOVWF      48
0x02DA	0x01B1      	CLRF       49
;MyProject.c,86 :: 		void main() {
;MyProject.c,87 :: 		SSPSTAT.SMP=1;
0x02DB	0x1683      	BSF        STATUS, 5
0x02DC	0x1794      	BSF        SSPSTAT, 7
;MyProject.c,88 :: 		SSPCON=0x28;
0x02DD	0x3028      	MOVLW      40
0x02DE	0x1283      	BCF        STATUS, 5
0x02DF	0x0094      	MOVWF      SSPCON
;MyProject.c,89 :: 		SSPADD=9;
0x02E0	0x3009      	MOVLW      9
0x02E1	0x1683      	BSF        STATUS, 5
0x02E2	0x0093      	MOVWF      SSPADD
;MyProject.c,90 :: 		Lcd_Init();                        // Initialize LCD
0x02E3	0x215F      	CALL       _Lcd_Init
;MyProject.c,91 :: 		Lcd_Cmd(_LCD_CLEAR);               // Clear display
0x02E4	0x3001      	MOVLW      1
0x02E5	0x00CC      	MOVWF      FARG_Lcd_Cmd_out_char
0x02E6	0x2018      	CALL       _Lcd_Cmd
;MyProject.c,92 :: 		Lcd_Cmd(_LCD_CURSOR_OFF);          // Cursor off
0x02E7	0x300C      	MOVLW      12
0x02E8	0x00CC      	MOVWF      FARG_Lcd_Cmd_out_char
0x02E9	0x2018      	CALL       _Lcd_Cmd
;MyProject.c,94 :: 		startI2C();
0x02EA	0x21B8      	CALL       _startI2C
;MyProject.c,95 :: 		write(0xD0);
0x02EB	0x30D0      	MOVLW      208
0x02EC	0x00C7      	MOVWF      FARG_write_byte
0x02ED	0x21D6      	CALL       _write
;MyProject.c,96 :: 		write(0x07);
0x02EE	0x3007      	MOVLW      7
0x02EF	0x1283      	BCF        STATUS, 5
0x02F0	0x00C7      	MOVWF      FARG_write_byte
0x02F1	0x21D6      	CALL       _write
;MyProject.c,97 :: 		write(0x00);
0x02F2	0x1283      	BCF        STATUS, 5
0x02F3	0x01C7      	CLRF       FARG_write_byte
0x02F4	0x21D6      	CALL       _write
;MyProject.c,98 :: 		stopI2C();
0x02F5	0x22AE      	CALL       _stopI2C
;MyProject.c,99 :: 		while(1)
L_main14:
;MyProject.c,101 :: 		startI2C();
0x02F6	0x21B8      	CALL       _startI2C
;MyProject.c,102 :: 		write(0xD0);
0x02F7	0x30D0      	MOVLW      208
0x02F8	0x00C7      	MOVWF      FARG_write_byte
0x02F9	0x21D6      	CALL       _write
;MyProject.c,103 :: 		write(0x00);
0x02FA	0x1283      	BCF        STATUS, 5
0x02FB	0x01C7      	CLRF       FARG_write_byte
0x02FC	0x21D6      	CALL       _write
;MyProject.c,104 :: 		resetI2C();
0x02FD	0x22A5      	CALL       _resetI2C
;MyProject.c,105 :: 		write(0xD1);
0x02FE	0x30D1      	MOVLW      209
0x02FF	0x00C7      	MOVWF      FARG_write_byte
0x0300	0x21D6      	CALL       _write
;MyProject.c,106 :: 		sekunde1=read();
0x0301	0x21AD      	CALL       _read
0x0302	0x0870      	MOVF       R0, 0
0x0303	0x00BA      	MOVWF      _sekunde1
0x0304	0x01BB      	CLRF       _sekunde1+1
;MyProject.c,107 :: 		sekunde=Bcd2Dec(sekunde1);
0x0305	0x083A      	MOVF       _sekunde1, 0
0x0306	0x00C7      	MOVWF      FARG_Bcd2Dec_bcdnum
0x0307	0x21C1      	CALL       _Bcd2Dec
0x0308	0x0870      	MOVF       R0, 0
0x0309	0x00BF      	MOVWF      _sekunde
0x030A	0x01C0      	CLRF       _sekunde+1
;MyProject.c,108 :: 		ACK();
0x030B	0x2115      	CALL       _ACK
;MyProject.c,109 :: 		minute1=read();
0x030C	0x21AD      	CALL       _read
0x030D	0x0870      	MOVF       R0, 0
0x030E	0x00B8      	MOVWF      _minute1
0x030F	0x01B9      	CLRF       _minute1+1
;MyProject.c,110 :: 		minute=Bcd2Dec(minute1);
0x0310	0x0838      	MOVF       _minute1, 0
0x0311	0x00C7      	MOVWF      FARG_Bcd2Dec_bcdnum
0x0312	0x21C1      	CALL       _Bcd2Dec
0x0313	0x0870      	MOVF       R0, 0
0x0314	0x00C1      	MOVWF      _minute
0x0315	0x01C2      	CLRF       _minute+1
;MyProject.c,111 :: 		ACK();
0x0316	0x2115      	CALL       _ACK
;MyProject.c,112 :: 		sati1=read();
0x0317	0x21AD      	CALL       _read
0x0318	0x0870      	MOVF       R0, 0
0x0319	0x00B6      	MOVWF      _sati1
0x031A	0x01B7      	CLRF       _sati1+1
;MyProject.c,113 :: 		sati=Bcd2Dec(sati1);
0x031B	0x0836      	MOVF       _sati1, 0
0x031C	0x00C7      	MOVWF      FARG_Bcd2Dec_bcdnum
0x031D	0x21C1      	CALL       _Bcd2Dec
0x031E	0x0870      	MOVF       R0, 0
0x031F	0x00B4      	MOVWF      _sati
0x0320	0x01B5      	CLRF       _sati+1
;MyProject.c,114 :: 		NACK();
0x0321	0x228F      	CALL       _NACK
;MyProject.c,115 :: 		stopI2C();
0x0322	0x22AE      	CALL       _stopI2C
;MyProject.c,117 :: 		ispis_podataka();
0x0323	0x21E4      	CALL       _ispis_podataka
;MyProject.c,118 :: 		Lcd_Out(1,1,txt1);
0x0324	0x3001      	MOVLW      1
0x0325	0x00C7      	MOVWF      FARG_Lcd_Out_row
0x0326	0x3001      	MOVLW      1
0x0327	0x00C8      	MOVWF      FARG_Lcd_Out_column
0x0328	0x3020      	MOVLW      _txt1
0x0329	0x00C9      	MOVWF      FARG_Lcd_Out_text
0x032A	0x211F      	CALL       _Lcd_Out
;MyProject.c,119 :: 		Lcd_Out(2,1,txt2);
0x032B	0x3002      	MOVLW      2
0x032C	0x00C7      	MOVWF      FARG_Lcd_Out_row
0x032D	0x3001      	MOVLW      1
0x032E	0x00C8      	MOVWF      FARG_Lcd_Out_column
0x032F	0x3029      	MOVLW      _txt2
0x0330	0x00C9      	MOVWF      FARG_Lcd_Out_text
0x0331	0x211F      	CALL       _Lcd_Out
;MyProject.c,120 :: 		Delay_ms(1000);
0x0332	0x3006      	MOVLW      6
0x0333	0x00FB      	MOVWF      R11
0x0334	0x3013      	MOVLW      19
0x0335	0x00FC      	MOVWF      R12
0x0336	0x30AD      	MOVLW      173
0x0337	0x00FD      	MOVWF      R13
L_main16:
0x0338	0x0BFD      	DECFSZ     R13, 1
0x0339	0x2B38      	GOTO       L_main16
0x033A	0x0BFC      	DECFSZ     R12, 1
0x033B	0x2B38      	GOTO       L_main16
0x033C	0x0BFB      	DECFSZ     R11, 1
0x033D	0x2B38      	GOTO       L_main16
0x033E	0x0000      	NOP
0x033F	0x0000      	NOP
;MyProject.c,121 :: 		}
0x0340	0x2AF6      	GOTO       L_main14
;MyProject.c,125 :: 		}
L_end_main:
0x0341	0x2B41      	GOTO       $+0
; end of _main
Symbol List:
//** Routines locations **
//ADDRESS    SIZE    PROCEDURE
//----------------------------------------------
0x0003       [8]    _Delay_50us
0x000B      [11]    _Delay_5500us
0x0016       [2]    _Delay_1us
0x0018      [64]    _Lcd_Cmd
0x0058      [44]    _Div_16x16_S_L
0x0084     [105]    _Div_16x16_S
0x00ED       [8]    _Lcd_Chr_CP
0x00F5      [25]    _Mul_8X8_U
0x010E       [7]    _____DoICP
0x0115      [10]    _ACK
0x011F      [64]    _Lcd_Out
0x015F      [78]    _Lcd_Init
0x01AD      [11]    _read
0x01B8       [9]    _startI2C
0x01C1      [21]    _Bcd2Dec
0x01D6      [14]    _write
0x01E4     [171]    _ispis_podataka
0x028F      [10]    _NACK
0x0299      [12]    ___CC2DW
0x02A5       [9]    _resetI2C
0x02AE       [9]    _stopI2C
0x02B7     [139]    _main
//** Variables locations ** 
//ADDRESS    SIZE    VARIABLE
//----------------------------------------------
0x0000       [1]    INDF
0x0002       [1]    PCL
0x0003       [1]    STATUS
0x0004       [1]    FSR
0x0008       [0]    RD0_bit
0x0008       [0]    LCD_D6
0x0008       [0]    LCD_D4
0x0008       [0]    LCD_D5
0x0008       [0]    LCD_RS
0x0008       [0]    LCD_D7
0x0008       [0]    LCD_EN
0x0008       [0]    RD4_bit
0x0008       [0]    RD5_bit
0x0008       [0]    RD3_bit
0x0008       [0]    RD1_bit
0x0008       [0]    RD2_bit
0x000A       [1]    PCLATH
0x000C       [0]    SSPIF_bit
0x0013       [1]    SSPBUF
0x0014       [1]    SSPCON
0x0020       [9]    _txt1
0x0029       [9]    _txt2
0x0032       [2]    ___DoICPAddr
0x0034       [2]    _sati
0x0036       [2]    _sati1
0x0038       [2]    _minute1
0x003A       [2]    _sekunde1
0x003C       [0]    __Lib_Lcd_cmd_status
0x003D       [2]    _godina
0x003F       [2]    _sekunde
0x0041       [2]    _minute
0x0043       [2]    _mjesec
0x0045       [2]    _dan
0x0047       [1]    FARG_Lcd_Out_row
0x0047       [1]    FARG_write_byte
0x0047       [1]    FARG_Bcd2Dec_bcdnum
0x0048       [1]    FARG_Lcd_Out_column
0x0049       [1]    FARG_Lcd_Out_text
0x004A       [1]    Lcd_Out_i_L0
0x004B       [1]    FARG_Lcd_Chr_CP_out_char
0x004C       [1]    FARG_Lcd_Cmd_out_char
0x0070       [1]    R0
0x0071       [1]    R1
0x0072       [1]    R2
0x0073       [1]    R3
0x0074       [1]    R4
0x0075       [1]    R5
0x0076       [1]    R6
0x0077       [1]    R7
0x0078       [1]    R8
0x0079       [1]    R9
0x007A       [1]    R10
0x007B       [1]    R11
0x007C       [1]    R12
0x007D       [1]    R13
0x007E       [1]    R14
0x007F       [1]    R15
0x0088       [0]    LCD_D5_Direction
0x0088       [0]    LCD_D6_Direction
0x0088       [0]    LCD_D7_Direction
0x0088       [0]    LCD_D4_Direction
0x0088       [0]    LCD_RS_Direction
0x0088       [0]    LCD_EN_Direction
0x0088       [0]    TRISD4_bit
0x0088       [0]    TRISD3_bit
0x0088       [0]    TRISD2_bit
0x0088       [0]    TRISD5_bit
0x0088       [0]    TRISD0_bit
0x0088       [0]    TRISD1_bit
0x0091       [0]    RSEN_bit
0x0091       [0]    SEN_bit
0x0091       [1]    SSPCON2
0x0091       [0]    ACKDT_bit
0x0091       [0]    PEN_bit
0x0091       [0]    RCEN_bit
0x0091       [0]    ACKEN_bit
0x0093       [1]    SSPADD
0x0094       [1]    SSPSTAT
